These device(s) are detected: [CudaDevice(id=0)]
Failed to import warp: No module named 'warp'
Failed to import mujoco_warp: No module named 'warp'
/gpfs/home6/tvdenbroek1/modi_kozax/lib/python3.12/site-packages/brax/io/mjcf.py:480: UserWarning: Brax System, piplines and environments are not actively being maintained. Please see MJX for a well maintained JAX-based physics engine: https://github.com/google-deepmind/mujoco/tree/main/mjx. For a host of environments that use MJX, see: https://github.com/google-deepmind/mujoco_playground.
  warnings.warn(
Input data should be formatted as: ['y0', 'y1', 'y2', 'y3', 'y4', 'y5', 'y6', 'y7', 'y8', 'y9', 'y10', 'y11', 'y12', 'y13', 'y14', 'y15', 'y16'].
Mujoco Modi v1 (not updated)
Compiling code for evaluation and evolution...
Finished compilation in 206.56 seconds
invalid solutions: 0 0
In generation 1
Complexity: 1, fitness: -12.449159622192383, equation: [0.639, 0, 0, 0, 0, 0]
Complexity: 2, fitness: -397.5426025390625, equation: [0, 0, sin(y13), 0, 0, 0]
Complexity: 4, fitness: -523.407958984375, equation: [0, 0, y10 + y6, 0, 0, sin(y10 + y6)]
Complexity: 5, fitness: -2441.7861328125, equation: [2*y7 + y9, 0, 0, 0, 0, 2*y7]
invalid solutions: 0 0
In generation 2
Complexity: 1, fitness: -563.523681640625, equation: [0, 0, 0, 0, y9, 0]
Complexity: 5, fitness: -2534.42919921875, equation: [2*y7 + y9, 0, 0, 0, 0, 2*y7]
invalid solutions: 0 0
In generation 3
Complexity: 1, fitness: -563.523681640625, equation: [0, 0, 0, 0, y9, 0]
Complexity: 5, fitness: -2579.90625, equation: [2*y7 + y9, 0, 0, 0, 0, 2*y7]
Complexity: 7, fitness: -3419.454345703125, equation: [y0*y5 + 2*y7, 0, 0, 0, 0, 2*y7]
invalid solutions: 0 0
In generation 4
Complexity: 1, fitness: -563.523681640625, equation: [0, 0, 0, 0, y9, 0]
Complexity: 5, fitness: -2579.90625, equation: [2*y7 + y9, 0, 0, 0, 0, 2*y7]
Complexity: 7, fitness: -3419.454345703125, equation: [y0*y5 + 2*y7, 0, 0, 0, 0, 2*y7]
invalid solutions: 0 0
In generation 5
Complexity: 1, fitness: -563.523681640625, equation: [0, 0, 0, 0, y9, 0]
Complexity: 3, fitness: -572.9951171875, equation: [0, 0, y6 - 1.56, 0, 0, 0]
Complexity: 5, fitness: -2579.90625, equation: [2*y7 + y9, 0, 0, 0, 0, 2*y7]
Complexity: 7, fitness: -3447.42626953125, equation: [y0*y11 + 2*y7, 0, 0, 0, 0, 2*y7]
invalid solutions: 0 0
In generation 6
Complexity: 1, fitness: -563.9159545898438, equation: [0, 0, 0, 0, y9, 0]
Complexity: 3, fitness: -731.3758544921875, equation: [0, 0, 0, 0, y2 + y9, 0]
Complexity: 4, fitness: -810.5277099609375, equation: [0, 0, 0, 0, y2 + sin(y9), 0]
Complexity: 5, fitness: -2579.90625, equation: [2*y7 + y9, 0, 0, 0, 0, 2*y7]
Complexity: 7, fitness: -3447.42626953125, equation: [y0*y11 + 2*y7, 0, 0, 0, 0, 2*y7]
Complexity: 9, fitness: -3538.2333984375, equation: [y0*(y4 + y7) + 2*y7, 0, 0, 0, 0, 2*y7]
Complexity: 17, fitness: -3665.758544921875, equation: [y0*y11 + 2*y7, y0**2*y9*(y0*y11 + 2*y7 - 2.26) + y0, 0, 0, 0, y0**2*y9*(y0*y11 + 2*y7 - 2.26) + 2*y7]
invalid solutions: 0 0
In generation 7
Complexity: 1, fitness: -563.9159545898438, equation: [0, 0, 0, 0, y9, 0]
Complexity: 3, fitness: -756.400634765625, equation: [y3 - 1.59, 0, 0, 0, 0, 0]
Complexity: 4, fitness: -810.5277099609375, equation: [0, 0, 0, 0, y2 + sin(y9), 0]
Complexity: 5, fitness: -3389.22265625, equation: [y1 + 2*y7, 0, 0, 0, 0, 2*y7]
Complexity: 7, fitness: -3693.83251953125, equation: [y0*y7 + 2*y7, 0, 0, 0, 0, 2*y7]
Complexity: 17, fitness: -3725.857177734375, equation: [y0**2 + 2*y7, y0**2*y9*(y0**2 + 2*y7 - 2.26) + y0, 0, 0, 0, y0**2*y9*(y0**2 + 2*y7 - 2.26) + 2*y7]
invalid solutions: 0 0
In generation 8
Complexity: 1, fitness: -563.9159545898438, equation: [0, 0, 0, 0, y9, 0]
Complexity: 3, fitness: -756.400634765625, equation: [y3 - 1.59, 0, 0, 0, 0, 0]
Complexity: 4, fitness: -810.5277099609375, equation: [0, 0, 0, 0, y2 + sin(y9), 0]
Complexity: 5, fitness: -3399.07080078125, equation: [y5 + 2*y7, 0, 0, 0, 0, 2*y7]
Complexity: 7, fitness: -3703.22900390625, equation: [y0*y7 + 2*y7, 0, 0, 0, 0, 2*y7]
Complexity: 17, fitness: -3725.9296875, equation: [y0**2 + 2*y7, y0**2*y9*(y0**2 + 2*y7 - 2.26) + y0, 0, 0, 0, y0**2*y9*(y0**2 + 2*y7 - 2.26) + 2*y7]
Complexity: 19, fitness: -4080.833740234375, equation: [y0*(y1 + y7) + 2*y7, y0**2*y9*(y0*(y1 + y7) + 2*y7 - 2.26) + y0, 0, 0, 0, y0**2*y9*(y0*(y1 + y7) + 2*y7 - 2.26) + 2*y7]
invalid solutions: 0 0
In generation 9
Complexity: 1, fitness: -563.9159545898438, equation: [0, 0, 0, 0, y9, 0]
Complexity: 3, fitness: -756.400634765625, equation: [y3 - 1.59, 0, 0, 0, 0, 0]
Complexity: 4, fitness: -810.5277099609375, equation: [0, 0, 0, 0, y2 + sin(y9), 0]
Complexity: 5, fitness: -3399.07080078125, equation: [y5 + 2*y7, 0, 0, 0, 0, 2*y7]
Complexity: 7, fitness: -3703.22900390625, equation: [y0*y7 + 2*y7, 0, 0, 0, 0, 2*y7]
Complexity: 17, fitness: -3725.9296875, equation: [y0**2 + 2*y7, y0**2*y9*(y0**2 + 2*y7 - 2.26) + y0, 0, 0, 0, y0**2*y9*(y0**2 + 2*y7 - 2.26) + 2*y7]
Complexity: 19, fitness: -4080.833740234375, equation: [y0*(y1 + y7) + 2*y7, y0**2*y9*(y0*(y1 + y7) + 2*y7 - 2.26) + y0, 0, 0, 0, y0**2*y9*(y0*(y1 + y7) + 2*y7 - 2.26) + 2*y7]
invalid solutions: 0 0
In generation 10
Complexity: 1, fitness: -563.9159545898438, equation: [0, 0, 0, 0, y9, 0]
Complexity: 3, fitness: -756.400634765625, equation: [y3 - 1.59, 0, 0, 0, 0, 0]
Complexity: 4, fitness: -1792.6837158203125, equation: [0, 0, sin(y0*y13), 0, y0*y13, 0]
Complexity: 5, fitness: -3426.48828125, equation: [y5 + 2*y7, 0, 0, 0, 0, 2*y7]
Complexity: 7, fitness: -3703.925537109375, equation: [y0*y7 + 2*y7, 0, 0, 0, 0, 2*y7]
Complexity: 9, fitness: -3707.116943359375, equation: [y0*(y0 + y1) + 2*y7, y0 + y1, 0, 0, 0, 2*y7]
Complexity: 17, fitness: -3725.9296875, equation: [y0**2 + 2*y7, y0**2*y9*(y0**2 + 2*y7 - 2.26) + y0, 0, 0, 0, y0**2*y9*(y0**2 + 2*y7 - 2.26) + 2*y7]
Complexity: 19, fitness: -4084.3486328125, equation: [y0*(y1 + y7) + 2*y7, y0**2*y9*(y0*(y1 + y7) + 2*y7 - 2.26) + y0, 0, 0, 0, y0**2*y9*(y0*(y1 + y7) + 2*y7 - 2.26) + 2*y7]
Complexity: 21, fitness: -4122.162109375, equation: [y0*(y7 + y9) + 2*y7, y0**2*y2*(y0*(y7 + y9) + y6 + 2*y7 + y8) + y0, 0, 0, 0, y0**2*y2*(y0*(y7 + y9) + y6 + 2*y7 + y8) + 2*y7]
invalid solutions: 0 0
In generation 11
Complexity: 1, fitness: -563.9159545898438, equation: [0, 0, 0, 0, y9, 0]
Complexity: 3, fitness: -756.400634765625, equation: [y3 - 1.59, 0, 0, 0, 0, 0]
Complexity: 4, fitness: -1796.8035888671875, equation: [0, 0, sin(y0*y13), 0, y0*y13, 0]
Complexity: 5, fitness: -3426.48828125, equation: [y5 + 2*y7, 0, 0, 0, 0, 2*y7]
Complexity: 7, fitness: -3703.925537109375, equation: [y0*y7 + 2*y7, 0, 0, 0, 0, 2*y7]
Complexity: 9, fitness: -3707.116943359375, equation: [y0*(y0 + y1) + 2*y7, y0 + y1, 0, 0, 0, 2*y7]
Complexity: 17, fitness: -3731.79052734375, equation: [y0*(y1 + y7) + 2*y7, 0, 0, 0, 0, y0**2*y9*(y0*(y1 + y7) + 2*y7 - 2.26) + 2*y7]
Complexity: 19, fitness: -4092.93798828125, equation: [y0*(y1 + y7) + 2*y7, y0**2*y9*(y0*(y1 + y7) + 2*y7 + y9) + y0, 0, 0, 0, y0**2*y9*(y0*(y1 + y7) + 2*y7 + y9) + 2*y7]
Complexity: 21, fitness: -4139.236328125, equation: [y0*(y7 + y9) + 2*y7, y0**2*y2*(y0*(y7 + y9) + y6 + 2*y7 + y8) + y0, 0, 0, 0, y0**2*y2*(y0*(y7 + y9) + y6 + 2*y7 + y8) + 2*y7]
invalid solutions: 0 0
In generation 12
Complexity: 1, fitness: -563.9159545898438, equation: [0, 0, 0, 0, y9, 0]
Complexity: 3, fitness: -756.400634765625, equation: [y3 - 1.59, 0, 0, 0, 0, 0]
Complexity: 4, fitness: -1796.8035888671875, equation: [0, 0, sin(y0*y13), 0, y0*y13, 0]
Complexity: 5, fitness: -3426.48828125, equation: [y5 + 2*y7, 0, 0, 0, 0, 2*y7]
Complexity: 7, fitness: -3703.925537109375, equation: [y0*y7 + 2*y7, 0, 0, 0, 0, 2*y7]
Complexity: 9, fitness: -3707.116943359375, equation: [y0*(y0 + y1) + 2*y7, y0 + y1, 0, 0, 0, 2*y7]
Complexity: 17, fitness: -4028.10693359375, equation: [y0*(y1 + y7) + 2*y7, y0*y5*(y0*(y1 + y7) + 2*y7 + y9) + y0, 0, 0, 0, y0*y5*(y0*(y1 + y7) + 2*y7 + y9) + 2*y7]
Complexity: 19, fitness: -4114.7314453125, equation: [y0*(y7 + y9) + 2*y7, y0**2*y2*(y0*(y7 + y9) + y0 + 2*y7) + y0, 0, 0, 0, y0**2*y2*(y0*(y7 + y9) + y0 + 2*y7) + 2*y7]
Complexity: 21, fitness: -4139.236328125, equation: [y0*(y7 + y9) + 2*y7, y0**2*y2*(y0*(y7 + y9) + y6 + 2*y7 + y8) + y0, 0, 0, 0, y0**2*y2*(y0*(y7 + y9) + y6 + 2*y7 + y8) + 2*y7]
invalid solutions: 0 0
In generation 13
Complexity: 1, fitness: -563.9159545898438, equation: [0, 0, 0, 0, y9, 0]
Complexity: 3, fitness: -756.400634765625, equation: [y3 - 1.59, 0, 0, 0, 0, 0]
Complexity: 4, fitness: -1796.8035888671875, equation: [0, 0, sin(y0*y13), 0, y0*y13, 0]
Complexity: 5, fitness: -3427.857177734375, equation: [y1 + 2*y7, 0, 0, 0, 0, 2*y7]
Complexity: 7, fitness: -3706.28857421875, equation: [y0*y7 + 2*y7, 0, 0, 0, 0, 2*y7]
Complexity: 9, fitness: -3707.116943359375, equation: [y0*(y0 + y1) + 2*y7, y0 + y1, 0, 0, 0, 2*y7]
Complexity: 17, fitness: -4028.10693359375, equation: [y0*(y1 + y7) + 2*y7, y0*y5*(y0*(y1 + y7) + 2*y7 + y9) + y0, 0, 0, 0, y0*y5*(y0*(y1 + y7) + 2*y7 + y9) + 2*y7]
Complexity: 19, fitness: -4114.7314453125, equation: [y0*(y7 + y9) + 2*y7, y0**2*y2*(y0*(y7 + y9) + y0 + 2*y7) + y0, 0, 0, 0, y0**2*y2*(y0*(y7 + y9) + y0 + 2*y7) + 2*y7]
Complexity: 21, fitness: -4139.236328125, equation: [y0*(y7 + y9) + 2*y7, y0**2*y2*(y0*(y7 + y9) + y6 + 2*y7 + y8) + y0, 0, 0, 0, y0**2*y2*(y0*(y7 + y9) + y6 + 2*y7 + y8) + 2*y7]
invalid solutions: 0 0
In generation 14
Complexity: 1, fitness: -563.9159545898438, equation: [0, 0, 0, 0, y9, 0]
Complexity: 3, fitness: -756.400634765625, equation: [y3 - 1.59, 0, 0, 0, 0, 0]
Complexity: 4, fitness: -1796.8035888671875, equation: [0, 0, sin(y0*y13), 0, y0*y13, 0]
Complexity: 5, fitness: -3427.857177734375, equation: [y1 + 2*y7, 0, 0, 0, 0, 2*y7]
Complexity: 7, fitness: -3706.28857421875, equation: [y0*y7 + 2*y7, 0, 0, 0, 0, 2*y7]
Complexity: 9, fitness: -3707.116943359375, equation: [y0*(y0 + y1) + 2*y7, y0 + y1, 0, 0, 0, 2*y7]
Complexity: 17, fitness: -4028.10693359375, equation: [y0*(y1 + y7) + 2*y7, y0*y5*(y0*(y1 + y7) + 2*y7 + y9) + y0, 0, 0, 0, y0*y5*(y0*(y1 + y7) + 2*y7 + y9) + 2*y7]
Complexity: 19, fitness: -4114.7314453125, equation: [y0*(y7 + y9) + 2*y7, y0**2*y2*(y0*(y7 + y9) + y0 + 2*y7) + y0, 0, 0, 0, y0**2*y2*(y0*(y7 + y9) + y0 + 2*y7) + 2*y7]
Complexity: 21, fitness: -4424.9931640625, equation: [y0*(y0 + y7) + 2*y7, y0**2*y2*(y0*(y0 + y7) + y6 + 2*y7 + y8) + y0, 0, 0, 0, y0**2*y2*(y0*(y0 + y7) + y6 + 2*y7 + y8) + 2*y7]
invalid solutions: 0 0
In generation 15
Complexity: 1, fitness: -563.9159545898438, equation: [0, 0, 0, 0, y9, 0]
Complexity: 3, fitness: -756.400634765625, equation: [y3 - 1.59, 0, 0, 0, 0, 0]
Complexity: 4, fitness: -1796.8035888671875, equation: [0, 0, sin(y0*y13), 0, y0*y13, 0]
Complexity: 5, fitness: -3427.857177734375, equation: [y1 + 2*y7, 0, 0, 0, 0, 2*y7]
Complexity: 7, fitness: -3706.28857421875, equation: [y0*y7 + 2*y7, 0, 0, 0, 0, 2*y7]
Complexity: 9, fitness: -3726.489990234375, equation: [y11*y5 + 2*y7 + 0.0824, 0, 0, 0, 0, 2*y7]
Complexity: 17, fitness: -4028.10693359375, equation: [y0*(y1 + y7) + 2*y7, y0*y5*(y0*(y1 + y7) + 2*y7 + y9) + y0, 0, 0, 0, y0*y5*(y0*(y1 + y7) + 2*y7 + y9) + 2*y7]
Complexity: 19, fitness: -4114.7314453125, equation: [y0*(y7 + y9) + 2*y7, y0**2*y2*(y0*(y7 + y9) + y0 + 2*y7) + y0, 0, 0, 0, y0**2*y2*(y0*(y7 + y9) + y0 + 2*y7) + 2*y7]
Complexity: 21, fitness: -4425.9501953125, equation: [y0*(y0 + y7) + 2*y7, y0**2*y2*(y0*(y0 + y7) + y6 + 2*y7 + y8) + y0, 0, 0, 0, y0**2*y2*(y0*(y0 + y7) + y6 + 2*y7 + y8) + 2*y7]
Complexity: 23, fitness: -4454.32568359375, equation: [y0*(y2 + y3 + y9) + 2*y7, y0**2*y2*(y0*(y2 + y3 + y9) + y6 + 2*y7 + y8) + y0, 0, 0, 0, y0**2*y2*(y0*(y2 + y3 + y9) + y6 + 2*y7 + y8) + 2*y7]
invalid solutions: 0 0
In generation 16
Complexity: 1, fitness: -563.9159545898438, equation: [0, 0, 0, 0, y9, 0]
Complexity: 3, fitness: -756.400634765625, equation: [y3 - 1.59, 0, 0, 0, 0, 0]
Complexity: 4, fitness: -1796.8035888671875, equation: [0, 0, sin(y0*y13), 0, y0*y13, 0]
Complexity: 5, fitness: -3427.857177734375, equation: [y1 + 2*y7, 0, 0, 0, 0, 2*y7]
Complexity: 7, fitness: -3706.28857421875, equation: [y0*y7 + 2*y7, 0, 0, 0, 0, 2*y7]
Complexity: 9, fitness: -3742.126953125, equation: [y11*y5 + 2*y7 + 0.0824, 0, 0, 0, 0, 2*y7]
Complexity: 17, fitness: -4028.10693359375, equation: [y0*(y1 + y7) + 2*y7, y0*y5*(y0*(y1 + y7) + 2*y7 + y9) + y0, 0, 0, 0, y0*y5*(y0*(y1 + y7) + 2*y7 + y9) + 2*y7]
Complexity: 19, fitness: -4132.62646484375, equation: [y0*(y7 + y9) + 2*y7, 0.35*y0**2*(y0*(y7 + y9) + 3*y7) + y0, 0, 0, 0, 0.35*y0**2*(y0*(y7 + y9) + 3*y7) + 2*y7]
Complexity: 20, fitness: -4168.689453125, equation: [y0*(y0 + y7) + 2*y7, y0**2*y9*(y0*(y0 + y7) + 2*y7 + cos(y0)) + y0, 0, 0, 0, y0**2*y9*(y0*(y0 + y7) + 2*y7 + cos(y0)) + 2*y7]
Complexity: 21, fitness: -4428.2568359375, equation: [y0*(y0 + y7) + 2*y7, y0**2*y2*(y0*(y0 + y7) + y6 + 2*y7 + y8) + y0, 0, 0, 0, y0**2*y2*(y0*(y0 + y7) + y6 + 2*y7 + y8) + 2*y7]
Complexity: 23, fitness: -4456.443359375, equation: [y0*(y2 + y3 + y9) + 2*y7, y0**2*y2*(y0*(y2 + y3 + y9) + y6 + 2*y7 + y8) + y0, 0, 0, 0, y0**2*y2*(y0*(y2 + y3 + y9) + y6 + 2*y7 + y8) + 2*y7]
invalid solutions: 0 0
In generation 17
Complexity: 1, fitness: -563.9159545898438, equation: [0, 0, 0, 0, y9, 0]
Complexity: 3, fitness: -756.400634765625, equation: [y3 - 1.59, 0, 0, 0, 0, 0]
Complexity: 4, fitness: -1796.8035888671875, equation: [0, 0, sin(y0*y13), 0, y0*y13, 0]
Complexity: 5, fitness: -3427.857177734375, equation: [y1 + 2*y7, 0, 0, 0, 0, 2*y7]
Complexity: 7, fitness: -3706.28857421875, equation: [y0*y7 + 2*y7, 0, 0, 0, 0, 2*y7]
Complexity: 9, fitness: -3742.126953125, equation: [y11*y5 + 2*y7 + 0.0824, 0, 0, 0, 0, 2*y7]
Complexity: 15, fitness: -3767.393310546875, equation: [2*y7 + (y11 + y6)*(y3*y4 + y4) + 0.0824, 0, 0, 0, 0, 2*y7]
Complexity: 17, fitness: -4028.10693359375, equation: [y0*(y1 + y7) + 2*y7, y0*y5*(y0*(y1 + y7) + 2*y7 + y9) + y0, 0, 0, 0, y0*y5*(y0*(y1 + y7) + 2*y7 + y9) + 2*y7]
Complexity: 19, fitness: -4132.62646484375, equation: [y0*(y7 + y9) + 2*y7, 0.35*y0**2*(y0*(y7 + y9) + 3*y7) + y0, 0, 0, 0, 0.35*y0**2*(y0*(y7 + y9) + 3*y7) + 2*y7]
Complexity: 20, fitness: -4168.689453125, equation: [y0*(y0 + y7) + 2*y7, y0**2*y9*(y0*(y0 + y7) + 2*y7 + cos(y0)) + y0, 0, 0, 0, y0**2*y9*(y0*(y0 + y7) + 2*y7 + cos(y0)) + 2*y7]
Complexity: 21, fitness: -4428.2568359375, equation: [y0*(y0 + y7) + 2*y7, y0**2*y2*(y0*(y0 + y7) + y6 + 2*y7 + y8) + y0, 0, 0, 0, y0**2*y2*(y0*(y0 + y7) + y6 + 2*y7 + y8) + 2*y7]
Complexity: 23, fitness: -4456.443359375, equation: [y0*(y2 + y3 + y9) + 2*y7, y0**2*y2*(y0*(y2 + y3 + y9) + y6 + 2*y7 + y8) + y0, 0, 0, 0, y0**2*y2*(y0*(y2 + y3 + y9) + y6 + 2*y7 + y8) + 2*y7]
invalid solutions: 0 0
In generation 18
Complexity: 1, fitness: -563.9159545898438, equation: [0, 0, 0, 0, y9, 0]
Complexity: 3, fitness: -756.400634765625, equation: [y3 - 1.59, 0, 0, 0, 0, 0]
Complexity: 4, fitness: -1796.8035888671875, equation: [0, 0, sin(y0*y13), 0, y0*y13, 0]
Complexity: 5, fitness: -3427.857177734375, equation: [y1 + 2*y7, 0, 0, 0, 0, 2*y7]
Complexity: 7, fitness: -3706.28857421875, equation: [y0*y7 + 2*y7, 0, 0, 0, 0, 2*y7]
Complexity: 9, fitness: -3742.126953125, equation: [y11*y5 + 2*y7 + 0.0824, 0, 0, 0, 0, 2*y7]
Complexity: 15, fitness: -3767.393310546875, equation: [2*y7 + (y11 + y6)*(y3*y4 + y4) + 0.0824, 0, 0, 0, 0, 2*y7]
Complexity: 17, fitness: -4028.10693359375, equation: [y0*(y1 + y7) + 2*y7, y0*y5*(y0*(y1 + y7) + 2*y7 + y9) + y0, 0, 0, 0, y0*y5*(y0*(y1 + y7) + 2*y7 + y9) + 2*y7]
Complexity: 18, fitness: -4069.28271484375, equation: [y0*sin(y7) + 2*y7, y0*y7*y9*(y0*sin(y7) + 2*y7 + 0.624) + y0, 0, 0, 0, y0*y7*y9*(y0*sin(y7) + 2*y7 + 0.624) + 2*y7]
Complexity: 19, fitness: -4132.62646484375, equation: [y0*(y7 + y9) + 2*y7, 0.35*y0**2*(y0*(y7 + y9) + 3*y7) + y0, 0, 0, 0, 0.35*y0**2*(y0*(y7 + y9) + 3*y7) + 2*y7]
Complexity: 20, fitness: -4168.689453125, equation: [y0*(y0 + y7) + 2*y7, y0**2*y9*(y0*(y0 + y7) + 2*y7 + cos(y0)) + y0, 0, 0, 0, y0**2*y9*(y0*(y0 + y7) + 2*y7 + cos(y0)) + 2*y7]
Complexity: 21, fitness: -4428.2568359375, equation: [y0*(y0 + y7) + 2*y7, y0**2*y2*(y0*(y0 + y7) + y6 + 2*y7 + y8) + y0, 0, 0, 0, y0**2*y2*(y0*(y0 + y7) + y6 + 2*y7 + y8) + 2*y7]
Complexity: 23, fitness: -4460.22705078125, equation: [y0*(y2 + y3 + y9) + 2*y7, y0**2*y2*(y0*(y2 + y3 + y9) + y6 + 2*y7 + y8) + y0, 0, 0, 0, y0**2*y2*(y0*(y2 + y3 + y9) + y6 + 2*y7 + y8) + 2*y7]
invalid solutions: 0 0
In generation 19
Complexity: 1, fitness: -563.9159545898438, equation: [0, 0, 0, 0, y9, 0]
Complexity: 3, fitness: -756.400634765625, equation: [y3 - 1.59, 0, 0, 0, 0, 0]
Complexity: 4, fitness: -1796.8035888671875, equation: [0, 0, sin(y0*y13), 0, y0*y13, 0]
Complexity: 5, fitness: -3427.857177734375, equation: [y1 + 2*y7, 0, 0, 0, 0, 2*y7]
Complexity: 7, fitness: -3706.28857421875, equation: [y0*y7 + 2*y7, 0, 0, 0, 0, 2*y7]
Complexity: 9, fitness: -3742.126953125, equation: [y11*y5 + 2*y7 + 0.0824, 0, 0, 0, 0, 2*y7]
Complexity: 13, fitness: -3742.721923828125, equation: [2*y7 + y9*(y3*y4 + y4) + 0.0824, 0, 0, 0, 0, 2*y7]
Complexity: 15, fitness: -3778.458740234375, equation: [2*y7 + (y11 + y6)*(y4*y5 + y4) + 0.0824, 0, 0, 0, 0, 2*y7]
Complexity: 17, fitness: -4028.10693359375, equation: [y0*(y1 + y7) + 2*y7, y0*y5*(y0*(y1 + y7) + 2*y7 + y9) + y0, 0, 0, 0, y0*y5*(y0*(y1 + y7) + 2*y7 + y9) + 2*y7]
Complexity: 18, fitness: -4069.28271484375, equation: [y0*sin(y7) + 2*y7, y0*y7*y9*(y0*sin(y7) + 2*y7 + 0.624) + y0, 0, 0, 0, y0*y7*y9*(y0*sin(y7) + 2*y7 + 0.624) + 2*y7]
Complexity: 19, fitness: -4132.62646484375, equation: [y0*(y7 + y9) + 2*y7, 0.35*y0**2*(y0*(y7 + y9) + 3*y7) + y0, 0, 0, 0, 0.35*y0**2*(y0*(y7 + y9) + 3*y7) + 2*y7]
Complexity: 20, fitness: -4168.689453125, equation: [y0*(y0 + y7) + 2*y7, y0**2*y9*(y0*(y0 + y7) + 2*y7 + cos(y0)) + y0, 0, 0, 0, y0**2*y9*(y0*(y0 + y7) + 2*y7 + cos(y0)) + 2*y7]
Complexity: 21, fitness: -4429.0576171875, equation: [y0*(y0 + y7) + 2*y7, y0**2*y2*(y0*(y0 + y7) + y6 + 2*y7 + y8) + y0, 0, 0, 0, y0**2*y2*(y0*(y0 + y7) + y6 + 2*y7 + y8) + 2*y7]
Complexity: 23, fitness: -4460.22705078125, equation: [y0*(y2 + y3 + y9) + 2*y7, y0**2*y2*(y0*(y2 + y3 + y9) + y6 + 2*y7 + y8) + y0, 0, 0, 0, y0**2*y2*(y0*(y2 + y3 + y9) + y6 + 2*y7 + y8) + 2*y7]
invalid solutions: 0 0
In generation 20
Complexity: 1, fitness: -563.9159545898438, equation: [0, 0, 0, 0, y9, 0]
Complexity: 3, fitness: -756.400634765625, equation: [y3 - 1.59, 0, 0, 0, 0, 0]
Complexity: 4, fitness: -1796.8035888671875, equation: [0, 0, sin(y0*y13), 0, y0*y13, 0]
Complexity: 5, fitness: -3427.857177734375, equation: [y1 + 2*y7, 0, 0, 0, 0, 2*y7]
Complexity: 7, fitness: -3706.28857421875, equation: [y0*y7 + 2*y7, 0, 0, 0, 0, 2*y7]
Complexity: 9, fitness: -3742.126953125, equation: [y11*y5 + 2*y7 + 0.0824, 0, 0, 0, 0, 2*y7]
Complexity: 13, fitness: -3743.1376953125, equation: [y0*y2*y4*y7 + 2*y7 + 0.0824, 0, 0, 0, y0*y2*y4*y7, 2*y7]
Complexity: 15, fitness: -3778.458740234375, equation: [2*y7 + (y11 + y6)*(y4*y5 + y4) + 0.0824, 0, 0, 0, 0, 2*y7]
Complexity: 17, fitness: -4028.10693359375, equation: [y0*(y1 + y7) + 2*y7, y0*y5*(y0*(y1 + y7) + 2*y7 + y9) + y0, 0, 0, 0, y0*y5*(y0*(y1 + y7) + 2*y7 + y9) + 2*y7]
Complexity: 18, fitness: -4069.28271484375, equation: [y0*sin(y7) + 2*y7, y0*y7*y9*(y0*sin(y7) + 2*y7 + 0.624) + y0, 0, 0, 0, y0*y7*y9*(y0*sin(y7) + 2*y7 + 0.624) + 2*y7]
Complexity: 19, fitness: -4132.62646484375, equation: [y0*(y7 + y9) + 2*y7, 0.35*y0**2*(y0*(y7 + y9) + 3*y7) + y0, 0, 0, 0, 0.35*y0**2*(y0*(y7 + y9) + 3*y7) + 2*y7]
Complexity: 20, fitness: -4377.212890625, equation: [y0*(y0 + y7) + 2*y7, y0*y7*(y0*(y0 + y7) + 2*y7 + sin(y0*y12)) + y0, 0, 0, 0, y0*y7*(y0*(y0 + y7) + 2*y7 + sin(y0*y12)) + 2*y7]
Complexity: 21, fitness: -4429.0576171875, equation: [y0*(y0 + y7) + 2*y7, y0**2*y2*(y0*(y0 + y7) + y6 + 2*y7 + y8) + y0, 0, 0, 0, y0**2*y2*(y0*(y0 + y7) + y6 + 2*y7 + y8) + 2*y7]
Complexity: 23, fitness: -4472.21875, equation: [y0*(y2 + y3 + y9) + 2*y7, y0**2*y2*(y0*(y2 + y3 + y9) + y6 + 2*y7 + y8) + y0, 0, 0, 0, y0**2*y2*(y0*(y2 + y3 + y9) + y6 + 2*y7 + y8) + 2*y7]
invalid solutions: 0 0
In generation 21
Complexity: 1, fitness: -563.9159545898438, equation: [0, 0, 0, 0, y9, 0]
Complexity: 3, fitness: -756.400634765625, equation: [y3 - 1.59, 0, 0, 0, 0, 0]
Complexity: 4, fitness: -1796.8035888671875, equation: [0, 0, sin(y0*y13), 0, y0*y13, 0]
Complexity: 5, fitness: -3427.857177734375, equation: [y1 + 2*y7, 0, 0, 0, 0, 2*y7]
Complexity: 7, fitness: -3706.28857421875, equation: [y0*y7 + 2*y7, 0, 0, 0, 0, 2*y7]
Complexity: 9, fitness: -3742.126953125, equation: [y11*y5 + 2*y7 + 0.0824, 0, 0, 0, 0, 2*y7]
Complexity: 13, fitness: -3743.1376953125, equation: [y0*y2*y4*y7 + 2*y7 + 0.0824, 0, 0, 0, y0*y2*y4*y7, 2*y7]
Complexity: 15, fitness: -3778.458740234375, equation: [2*y7 + (y11 + y6)*(y4*y5 + y4) + 0.0824, 0, 0, 0, 0, 2*y7]
Complexity: 17, fitness: -4028.10693359375, equation: [y0*(y1 + y7) + 2*y7, y0*y5*(y0*(y1 + y7) + 2*y7 + y9) + y0, 0, 0, 0, y0*y5*(y0*(y1 + y7) + 2*y7 + y9) + 2*y7]
Complexity: 18, fitness: -4069.28271484375, equation: [y0*sin(y7) + 2*y7, y0*y7*y9*(y0*sin(y7) + 2*y7 + 0.624) + y0, 0, 0, 0, y0*y7*y9*(y0*sin(y7) + 2*y7 + 0.624) + 2*y7]
Complexity: 19, fitness: -4220.19384765625, equation: [y0*(y2 + y3 + y9) + 2*y7, y0*y1*(y0*(y2 + y3 + y9) + y0 + 2*y7) + y0, 0, 0, 0, y0*y1*(y0*(y2 + y3 + y9) + y0 + 2*y7) + 2*y7]
Complexity: 20, fitness: -4401.0458984375, equation: [y0*(y0 + y7) + 2*y7, y0*y7*(y0*(y0 + y7) + 2*y7 + sin(y0*y12)) + y0, 0, 0, 0, y0*y7*(y0*(y0 + y7) + 2*y7 + sin(y0*y12)) + 2*y7]
Complexity: 21, fitness: -4429.0576171875, equation: [y0*(y0 + y7) + 2*y7, y0**2*y2*(y0*(y0 + y7) + y6 + 2*y7 + y8) + y0, 0, 0, 0, y0**2*y2*(y0*(y0 + y7) + y6 + 2*y7 + y8) + 2*y7]
Complexity: 23, fitness: -4472.21875, equation: [y0*(y2 + y3 + y9) + 2*y7, y0**2*y2*(y0*(y2 + y3 + y9) + y6 + 2*y7 + y8) + y0, 0, 0, 0, y0**2*y2*(y0*(y2 + y3 + y9) + y6 + 2*y7 + y8) + 2*y7]
Complexity: 27, fitness: -4492.17919921875, equation: [y0*(y0*y9 + 2*y7) + 2*y7, y0**2*y9*(y0*(y0*y9 + 2*y7) + 2*y7 - 2.26) - y0*(y0**2*y9*(y0*(y0*y9 + 2*y7) + 2*y7 - 2.26) + y0) + 2*y0, 0, 0, 0, y0**2*y9*(y0*(y0*y9 + 2*y7) + 2*y7 - 2.26) + y0*(y0**2*y9*(y0*(y0*y9 + 2*y7) + 2*y7 - 2.26) + y0) + 2*y7]
invalid solutions: 0 0
In generation 22
Complexity: 1, fitness: -563.9159545898438, equation: [0, 0, 0, 0, y9, 0]
Complexity: 3, fitness: -756.400634765625, equation: [y3 - 1.59, 0, 0, 0, 0, 0]
Complexity: 4, fitness: -1796.8035888671875, equation: [0, 0, sin(y0*y13), 0, y0*y13, 0]
Complexity: 5, fitness: -3427.857177734375, equation: [y1 + 2*y7, 0, 0, 0, 0, 2*y7]
Complexity: 7, fitness: -3706.28857421875, equation: [y0*y7 + 2*y7, 0, 0, 0, 0, 2*y7]
Complexity: 9, fitness: -3742.126953125, equation: [y11*y5 + 2*y7 + 0.0824, 0, 0, 0, 0, 2*y7]
Complexity: 13, fitness: -3781.97265625, equation: [y7*(y13*y3 + y5 + y6) + 2*y7, y13*y3, y5 + y6, 0, 0, 2*y7]
Complexity: 17, fitness: -4028.10693359375, equation: [y0*(y1 + y7) + 2*y7, y0*y5*(y0*(y1 + y7) + 2*y7 + y9) + y0, 0, 0, 0, y0*y5*(y0*(y1 + y7) + 2*y7 + y9) + 2*y7]
Complexity: 18, fitness: -4069.28271484375, equation: [y0*sin(y7) + 2*y7, y0*y7*y9*(y0*sin(y7) + 2*y7 + 0.624) + y0, 0, 0, 0, y0*y7*y9*(y0*sin(y7) + 2*y7 + 0.624) + 2*y7]
Complexity: 19, fitness: -4220.19384765625, equation: [y0*(y2 + y3 + y9) + 2*y7, y0*y1*(y0*(y2 + y3 + y9) + y0 + 2*y7) + y0, 0, 0, 0, y0*y1*(y0*(y2 + y3 + y9) + y0 + 2*y7) + 2*y7]
Complexity: 20, fitness: -4401.0458984375, equation: [y0*(y0 + y7) + 2*y7, y0*y7*(y0*(y0 + y7) + 2*y7 + sin(y0*y12)) + y0, 0, 0, 0, y0*y7*(y0*(y0 + y7) + 2*y7 + sin(y0*y12)) + 2*y7]
Complexity: 21, fitness: -4429.0576171875, equation: [y0*(y0 + y7) + 2*y7, y0**2*y2*(y0*(y0 + y7) + y6 + 2*y7 + y8) + y0, 0, 0, 0, y0**2*y2*(y0*(y0 + y7) + y6 + 2*y7 + y8) + 2*y7]
Complexity: 23, fitness: -4472.21875, equation: [y0*(y2 + y3 + y9) + 2*y7, y0**2*y2*(y0*(y2 + y3 + y9) + y6 + 2*y7 + y8) + y0, 0, 0, 0, y0**2*y2*(y0*(y2 + y3 + y9) + y6 + 2*y7 + y8) + 2*y7]
Complexity: 27, fitness: -4539.88427734375, equation: [y0*(y0*y2 + 2*y7) + 2*y7, y0**2*y9*(y0*(y0*y2 + 2*y7) + 2*y7 - 2.26) - y0*(y0**2*y9*(y0*(y0*y2 + 2*y7) + 2*y7 - 2.26) + y0) + 2*y0, 0, 0, 0, y0**2*y9*(y0*(y0*y2 + 2*y7) + 2*y7 - 2.26) + y0*(y0**2*y9*(y0*(y0*y2 + 2*y7) + 2*y7 - 2.26) + y0) + 2*y7]
invalid solutions: 0 0
In generation 23
Complexity: 1, fitness: -563.9159545898438, equation: [0, 0, 0, 0, y9, 0]
Complexity: 3, fitness: -756.400634765625, equation: [y3 - 1.59, 0, 0, 0, 0, 0]
Complexity: 4, fitness: -1796.8035888671875, equation: [0, 0, sin(y0*y13), 0, y0*y13, 0]
Complexity: 5, fitness: -3427.857177734375, equation: [y1 + 2*y7, 0, 0, 0, 0, 2*y7]
Complexity: 7, fitness: -3706.28857421875, equation: [y0*y7 + 2*y7, 0, 0, 0, 0, 2*y7]
Complexity: 9, fitness: -3742.126953125, equation: [y11*y5 + 2*y7 + 0.0824, 0, 0, 0, 0, 2*y7]
Complexity: 11, fitness: -3784.63037109375, equation: [y7*(y10 + y5 + y6) + 2*y7, 0, y5 + y6, 0, 0, 2*y7]
Complexity: 15, fitness: -4204.62841796875, equation: [y0*(y0 + y7) + 2*y7, y0*y6*(y0*(y0 + y7) + 2*y7) + y0, 0, 0, 0, y0*y6*(y0*(y0 + y7) + 2*y7) + 2*y7]
Complexity: 19, fitness: -4238.13916015625, equation: [y0*(y3 + y7 + y9) + 2*y7, y0**2*y9*(y0*(y3 + y7 + y9) + 2*y7) + y0, 0, 0, 0, y0**2*y9*(y0*(y3 + y7 + y9) + 2*y7) + 2*y7]
Complexity: 20, fitness: -4401.0458984375, equation: [y0*(y0 + y7) + 2*y7, y0*y7*(y0*(y0 + y7) + 2*y7 + sin(y0*y12)) + y0, 0, 0, 0, y0*y7*(y0*(y0 + y7) + 2*y7 + sin(y0*y12)) + 2*y7]
Complexity: 21, fitness: -4429.0576171875, equation: [y0*(y0 + y7) + 2*y7, y0**2*y2*(y0*(y0 + y7) + y6 + 2*y7 + y8) + y0, 0, 0, 0, y0**2*y2*(y0*(y0 + y7) + y6 + 2*y7 + y8) + 2*y7]
Complexity: 23, fitness: -4472.21875, equation: [y0*(y2 + y3 + y9) + 2*y7, y0**2*y2*(y0*(y2 + y3 + y9) + y6 + 2*y7 + y8) + y0, 0, 0, 0, y0**2*y2*(y0*(y2 + y3 + y9) + y6 + 2*y7 + y8) + 2*y7]
Complexity: 27, fitness: -4540.34228515625, equation: [y0*(y0*y2 + 2*y7) + 2*y7, y0**2*y9*(y0*(y0*y2 + 2*y7) + 2*y7 - 2.26) - y0*(y0**2*y9*(y0*(y0*y2 + 2*y7) + 2*y7 - 2.26) + y0) + 2*y0, 0, 0, 0, y0**2*y9*(y0*(y0*y2 + 2*y7) + 2*y7 - 2.26) + y0*(y0**2*y9*(y0*(y0*y2 + 2*y7) + 2*y7 - 2.26) + y0) + 2*y7]
invalid solutions: 0 0
In generation 24
Complexity: 1, fitness: -563.9159545898438, equation: [0, 0, 0, 0, y9, 0]
Complexity: 3, fitness: -756.400634765625, equation: [y3 - 1.59, 0, 0, 0, 0, 0]
Complexity: 4, fitness: -1796.8035888671875, equation: [0, 0, sin(y0*y13), 0, y0*y13, 0]
Complexity: 5, fitness: -3427.857177734375, equation: [y1 + 2*y7, 0, 0, 0, 0, 2*y7]
Complexity: 7, fitness: -3706.28857421875, equation: [y0*y7 + 2*y7, 0, 0, 0, 0, 2*y7]
Complexity: 9, fitness: -3742.126953125, equation: [y11*y5 + 2*y7 + 0.0824, 0, 0, 0, 0, 2*y7]
Complexity: 11, fitness: -3784.63037109375, equation: [y7*(y10 + y5 + y6) + 2*y7, 0, y5 + y6, 0, 0, 2*y7]
Complexity: 15, fitness: -4204.62841796875, equation: [y0*(y0 + y7) + 2*y7, y0*y6*(y0*(y0 + y7) + 2*y7) + y0, 0, 0, 0, y0*y6*(y0*(y0 + y7) + 2*y7) + 2*y7]
Complexity: 19, fitness: -4238.13916015625, equation: [y0*(y3 + y7 + y9) + 2*y7, y0**2*y9*(y0*(y3 + y7 + y9) + 2*y7) + y0, 0, 0, 0, y0**2*y9*(y0*(y3 + y7 + y9) + 2*y7) + 2*y7]
Complexity: 20, fitness: -4401.0458984375, equation: [y0*(y0 + y7) + 2*y7, y0*y7*(y0*(y0 + y7) + 2*y7 + sin(y0*y12)) + y0, 0, 0, 0, y0*y7*(y0*(y0 + y7) + 2*y7 + sin(y0*y12)) + 2*y7]
Complexity: 21, fitness: -4429.0576171875, equation: [y0*(y0 + y7) + 2*y7, y0**2*y2*(y0*(y0 + y7) + y6 + 2*y7 + y8) + y0, 0, 0, 0, y0**2*y2*(y0*(y0 + y7) + y6 + 2*y7 + y8) + 2*y7]
Complexity: 23, fitness: -4472.21875, equation: [y0*(y2 + y3 + y9) + 2*y7, y0**2*y2*(y0*(y2 + y3 + y9) + y6 + 2*y7 + y8) + y0, 0, 0, 0, y0**2*y2*(y0*(y2 + y3 + y9) + y6 + 2*y7 + y8) + 2*y7]
Complexity: 27, fitness: -4573.142578125, equation: [y0*(y0*y2 + y2 + y7) + 2*y7, y0**2*y9*(y0*(y0*y2 + y2 + y7) + 2*y7 - 2.26) - y0*(y0**2*y9*(y0*(y0*y2 + y2 + y7) + 2*y7 - 2.26) + y0) + 2*y0, 0, 0, 0, y0**2*y9*(y0*(y0*y2 + y2 + y7) + 2*y7 - 2.26) + y0*(y0**2*y9*(y0*(y0*y2 + y2 + y7) + 2*y7 - 2.26) + y0) + 2*y7]
invalid solutions: 0 0
In generation 25
Complexity: 1, fitness: -563.9159545898438, equation: [0, 0, 0, 0, y9, 0]
Complexity: 3, fitness: -756.400634765625, equation: [y3 - 1.59, 0, 0, 0, 0, 0]
Complexity: 4, fitness: -1796.8035888671875, equation: [0, 0, sin(y0*y13), 0, y0*y13, 0]
Complexity: 5, fitness: -3427.857177734375, equation: [y1 + 2*y7, 0, 0, 0, 0, 2*y7]
Complexity: 7, fitness: -3706.28857421875, equation: [y0*y7 + 2*y7, 0, 0, 0, 0, 2*y7]
Complexity: 9, fitness: -3742.126953125, equation: [y11*y5 + 2*y7 + 0.0824, 0, 0, 0, 0, 2*y7]
Complexity: 11, fitness: -3784.63037109375, equation: [y7*(y10 + y5 + y6) + 2*y7, 0, y5 + y6, 0, 0, 2*y7]
Complexity: 15, fitness: -4204.62841796875, equation: [y0*(y0 + y7) + 2*y7, y0*y6*(y0*(y0 + y7) + 2*y7) + y0, 0, 0, 0, y0*y6*(y0*(y0 + y7) + 2*y7) + 2*y7]
Complexity: 17, fitness: -4370.24609375, equation: [y0*(y0 + y7) + 2*y7, y0*y7*(y0*(y0 + y7) + 2*y7 - 0.0823) + y0, 0, 0, 0, y0*y7*(y0*(y0 + y7) + 2*y7 - 0.0823) + 2*y7]
Complexity: 20, fitness: -4401.0458984375, equation: [y0*(y0 + y7) + 2*y7, y0*y7*(y0*(y0 + y7) + 2*y7 + sin(y0*y12)) + y0, 0, 0, 0, y0*y7*(y0*(y0 + y7) + 2*y7 + sin(y0*y12)) + 2*y7]
Complexity: 21, fitness: -4429.0576171875, equation: [y0*(y0 + y7) + 2*y7, y0**2*y2*(y0*(y0 + y7) + y6 + 2*y7 + y8) + y0, 0, 0, 0, y0**2*y2*(y0*(y0 + y7) + y6 + 2*y7 + y8) + 2*y7]
Complexity: 23, fitness: -4488.4736328125, equation: [y0*(y0 + y2 + y9) + 2*y7, y0**2*y2*(y0*(y0 + y2 + y9) + y13 + 2*y7 + y8) + y0, 0, 0, 0, y0**2*y2*(y0*(y0 + y2 + y9) + y13 + 2*y7 + y8) + 2*y7]
Complexity: 25, fitness: -4516.296875, equation: [y0*(y2 + y3 + y9) + 2*y7, y0*(-y0 + y9)*(y0*(y2 + y3 + y9) + y14*y9 + 2*y7 + y8) + y0, 0, 0, 0, y0*(-y0 + y9)*(y0*(y2 + y3 + y9) + y14*y9 + 2*y7 + y8) + 2*y7]
Complexity: 27, fitness: -4575.7138671875, equation: [y0*(y0*y2 + y2 + y7) + 2*y7, y0**2*y9*(y0*(y0*y2 + y2 + y7) + 2*y7 - 2.26) - y0*(y0**2*y9*(y0*(y0*y2 + y2 + y7) + 2*y7 - 2.26) + y0) + 2*y0, 0, 0, 0, y0**2*y9*(y0*(y0*y2 + y2 + y7) + 2*y7 - 2.26) + y0*(y0**2*y9*(y0*(y0*y2 + y2 + y7) + 2*y7 - 2.26) + y0) + 2*y7]
Complexity: 31, fitness: -4581.1904296875, equation: [2*y0*y7 - 2.25*y4**2 + 2*y7, 0.0516*y0*y10*(2*y0*y7 + 2*y7 - sin(0.0824*cos(2.25*y4**2))) + y0*(0.0516*y0*y10*(2*y0*y7 + 2*y7 - sin(0.0824*cos(2.25*y4**2))) + y0) + 2*y0, 0, -0.0824*cos(2.25*y4**2), 0, 0.0516*y0*y10*(2*y0*y7 + 2*y7 - sin(0.0824*cos(2.25*y4**2))) + y0*(0.0516*y0*y10*(2*y0*y7 + 2*y7 - sin(0.0824*cos(2.25*y4**2))) + y0) + 2*y7]
Final pareto front:
Complexity: 1, fitness: -563.9159545898438, equation: [0, 0, 0, 0, y9, 0]
Complexity: 3, fitness: -756.400634765625, equation: [y3 - 1.59, 0, 0, 0, 0, 0]
Complexity: 4, fitness: -1796.8035888671875, equation: [0, 0, sin(y0*y13), 0, y0*y13, 0]
Complexity: 5, fitness: -3427.857177734375, equation: [y1 + 2*y7, 0, 0, 0, 0, 2*y7]
Complexity: 7, fitness: -3706.28857421875, equation: [y0*y7 + 2*y7, 0, 0, 0, 0, 2*y7]
Complexity: 9, fitness: -3742.126953125, equation: [y11*y5 + 2*y7 + 0.0824, 0, 0, 0, 0, 2*y7]
Complexity: 11, fitness: -3784.63037109375, equation: [y7*(y10 + y5 + y6) + 2*y7, 0, y5 + y6, 0, 0, 2*y7]
Complexity: 15, fitness: -4204.62841796875, equation: [y0*(y0 + y7) + 2*y7, y0*y6*(y0*(y0 + y7) + 2*y7) + y0, 0, 0, 0, y0*y6*(y0*(y0 + y7) + 2*y7) + 2*y7]
Complexity: 17, fitness: -4370.24609375, equation: [y0*(y0 + y7) + 2*y7, y0*y7*(y0*(y0 + y7) + 2*y7 - 0.0823) + y0, 0, 0, 0, y0*y7*(y0*(y0 + y7) + 2*y7 - 0.0823) + 2*y7]
Complexity: 20, fitness: -4401.0458984375, equation: [y0*(y0 + y7) + 2*y7, y0*y7*(y0*(y0 + y7) + 2*y7 + sin(y0*y12)) + y0, 0, 0, 0, y0*y7*(y0*(y0 + y7) + 2*y7 + sin(y0*y12)) + 2*y7]
Complexity: 21, fitness: -4429.0576171875, equation: [y0*(y0 + y7) + 2*y7, y0**2*y2*(y0*(y0 + y7) + y6 + 2*y7 + y8) + y0, 0, 0, 0, y0**2*y2*(y0*(y0 + y7) + y6 + 2*y7 + y8) + 2*y7]
Complexity: 23, fitness: -4488.4736328125, equation: [y0*(y0 + y2 + y9) + 2*y7, y0**2*y2*(y0*(y0 + y2 + y9) + y13 + 2*y7 + y8) + y0, 0, 0, 0, y0**2*y2*(y0*(y0 + y2 + y9) + y13 + 2*y7 + y8) + 2*y7]
Complexity: 25, fitness: -4516.296875, equation: [y0*(y2 + y3 + y9) + 2*y7, y0*(-y0 + y9)*(y0*(y2 + y3 + y9) + y14*y9 + 2*y7 + y8) + y0, 0, 0, 0, y0*(-y0 + y9)*(y0*(y2 + y3 + y9) + y14*y9 + 2*y7 + y8) + 2*y7]
Complexity: 27, fitness: -4575.7138671875, equation: [y0*(y0*y2 + y2 + y7) + 2*y7, y0**2*y9*(y0*(y0*y2 + y2 + y7) + 2*y7 - 2.26) - y0*(y0**2*y9*(y0*(y0*y2 + y2 + y7) + 2*y7 - 2.26) + y0) + 2*y0, 0, 0, 0, y0**2*y9*(y0*(y0*y2 + y2 + y7) + 2*y7 - 2.26) + y0*(y0**2*y9*(y0*(y0*y2 + y2 + y7) + 2*y7 - 2.26) + y0) + 2*y7]
Complexity: 31, fitness: -4581.1904296875, equation: [2*y0*y7 - 2.25*y4**2 + 2*y7, 0.0516*y0*y10*(2*y0*y7 + 2*y7 - sin(0.0824*cos(2.25*y4**2))) + y0*(0.0516*y0*y10*(2*y0*y7 + 2*y7 - sin(0.0824*cos(2.25*y4**2))) + y0) + 2*y0, 0, -0.0824*cos(2.25*y4**2), 0, 0.0516*y0*y10*(2*y0*y7 + 2*y7 - sin(0.0824*cos(2.25*y4**2))) + y0*(0.0516*y0*y10*(2*y0*y7 + 2*y7 - sin(0.0824*cos(2.25*y4**2))) + y0) + 2*y7]
