These device(s) are detected: [CudaDevice(id=0)]
Failed to import warp: No module named 'warp'
Failed to import mujoco_warp: No module named 'warp'
/gpfs/home6/tvdenbroek1/modi_kozax/lib/python3.12/site-packages/brax/io/mjcf.py:480: UserWarning: Brax System, piplines and environments are not actively being maintained. Please see MJX for a well maintained JAX-based physics engine: https://github.com/google-deepmind/mujoco/tree/main/mjx. For a host of environments that use MJX, see: https://github.com/google-deepmind/mujoco_playground.
  warnings.warn(
Input data should be formatted as: ['y0', 'y1', 'y2', 'y3', 'y4', 'y5', 'y6', 'y7', 'y8', 'y9', 'y10', 'y11', 'y12', 'y13', 'y14', 'y15', 'y16'].
Mujoco Modi v1 (not updated) 0.1
Compiling code for evaluation and evolution...
Finished compilation in 157.87 seconds
invalid solutions: 0 0
In generation 1
Complexity: 1, fitness: 12.810257911682129, equation: [0, 0.639, 0, 0, 0, 0]
Complexity: 2, fitness: -397.4736328125, equation: [0, 0, sin(y12), 0, 0, 0]
Complexity: 3, fitness: -862.4209594726562, equation: [y5 - 1.2, 0, 0, 0, 0, 0]
invalid solutions: 0 0
In generation 2
Complexity: 1, fitness: -413.916259765625, equation: [0, 0, 0, 0, y11, 0]
Complexity: 3, fitness: -862.4209594726562, equation: [y5 - 1.2, 0, 0, 0, 0, 0]
invalid solutions: 0 0
In generation 3
Complexity: 1, fitness: -416.4176025390625, equation: [0, 0, 0, 0, y11, 0]
Complexity: 2, fitness: -445.411376953125, equation: [0, 0, sin(y11), 0, 0, 0]
Complexity: 3, fitness: -862.4209594726562, equation: [y5 - 1.2, 0, 0, 0, 0, 0]
Complexity: 5, fitness: -2137.77685546875, equation: [0, 0, y3 - y4 - 1.2, 0, 0, 0]
Complexity: 13, fitness: -2969.99560546875, equation: [0, 0, y0*y2 - y0 - y11 + y3*(y7 - 0.624), 0, 0, y3*(y7 - 0.624) + y7 - 0.624]
invalid solutions: 0 0
In generation 4
Complexity: 1, fitness: -870.9747924804688, equation: [-1.20, 0, 0, 0, 0, 0]
Complexity: 3, fitness: -1249.443603515625, equation: [0, 0, sin(y14), 0, sin(sin(y14)), 0]
Complexity: 5, fitness: -2137.77685546875, equation: [0, 0, y3 - y4 - 1.2, 0, 0, 0]
Complexity: 13, fitness: -2969.99560546875, equation: [0, 0, y0*y2 - y0 - y11 + y3*(y7 - 0.624), 0, 0, y3*(y7 - 0.624) + y7 - 0.624]
invalid solutions: 0 0
In generation 5
Complexity: 1, fitness: -870.9747924804688, equation: [-1.20, 0, 0, 0, 0, 0]
Complexity: 3, fitness: -1249.443603515625, equation: [0, 0, sin(y14), 0, sin(sin(y14)), 0]
Complexity: 5, fitness: -2137.77685546875, equation: [0, 0, y3 - y4 - 1.2, 0, 0, 0]
Complexity: 13, fitness: -2973.59033203125, equation: [0, 0, y0*y2 - y11 + y3*(y7 - 0.624) - y6, 0, 0, y3*(y7 - 0.624) + y7 - 0.624]
invalid solutions: 0 0
In generation 6
Complexity: 1, fitness: -870.9747924804688, equation: [-1.20, 0, 0, 0, 0, 0]
Complexity: 3, fitness: -1249.443603515625, equation: [0, 0, sin(y14), 0, sin(sin(y14)), 0]
Complexity: 5, fitness: -2137.77685546875, equation: [0, 0, y3 - y4 - 1.2, 0, 0, 0]
Complexity: 7, fitness: -3393.129150390625, equation: [y5*(y7 - 0.624) - 1.2, 0, 0, 0, 0, y7 - 0.624]
invalid solutions: 0 0
In generation 7
Complexity: 1, fitness: -870.9747924804688, equation: [-1.20, 0, 0, 0, 0, 0]
Complexity: 3, fitness: -1249.443603515625, equation: [0, 0, sin(y14), 0, sin(sin(y14)), 0]
Complexity: 5, fitness: -2137.77685546875, equation: [0, 0, y3 - y4 - 1.2, 0, 0, 0]
Complexity: 7, fitness: -3393.129150390625, equation: [y5*(y7 - 0.624) - 1.2, 0, 0, 0, 0, y7 - 0.624]
invalid solutions: 0 0
In generation 8
Complexity: 1, fitness: -870.9747924804688, equation: [-1.20, 0, 0, 0, 0, 0]
Complexity: 3, fitness: -1249.443603515625, equation: [0, 0, sin(y14), 0, sin(sin(y14)), 0]
Complexity: 5, fitness: -2137.77685546875, equation: [0, 0, y3 - y4 - 1.2, 0, 0, 0]
Complexity: 6, fitness: -2898.55615234375, equation: [0, 0, cos(y2 + y4) - 1.63, 0, 0, 0]
Complexity: 7, fitness: -3396.044921875, equation: [y5*(y7 - 0.624) - 1.2, 0, 0, 0, 0, y7 - 0.624]
invalid solutions: 0 0
In generation 9
Complexity: 1, fitness: -870.9747924804688, equation: [-1.20, 0, 0, 0, 0, 0]
Complexity: 3, fitness: -2395.58935546875, equation: [0, 0, y3 - 0.744, 0, 0, 0]
Complexity: 6, fitness: -2898.55615234375, equation: [0, 0, cos(y2 + y4) - 1.63, 0, 0, 0]
Complexity: 7, fitness: -3396.044921875, equation: [y5*(y7 - 0.624) - 1.2, 0, 0, 0, 0, y7 - 0.624]
invalid solutions: 0 0
In generation 10
Complexity: 1, fitness: -870.9747924804688, equation: [-1.20, 0, 0, 0, 0, 0]
Complexity: 3, fitness: -2395.71826171875, equation: [0, 0, y3 - 0.744, 0, 0, 0]
Complexity: 4, fitness: -3491.53515625, equation: [sin(y7 - 0.624), 0, 0, 0, 0, y7 - 0.624]
invalid solutions: 0 0
In generation 11
Complexity: 1, fitness: -870.9747924804688, equation: [-1.20, 0, 0, 0, 0, 0]
Complexity: 3, fitness: -2425.62744140625, equation: [0, 0, y3 - 0.744, 0, 0, 0]
Complexity: 4, fitness: -3491.53515625, equation: [sin(y7 - 0.624), 0, 0, 0, 0, y7 - 0.624]
invalid solutions: 0 0
In generation 12
Complexity: 1, fitness: -1904.9639892578125, equation: [0, 0, -0.744, 0, 0, 0]
Complexity: 3, fitness: -2425.62744140625, equation: [0, 0, y3 - 0.744, 0, 0, 0]
Complexity: 4, fitness: -3491.53515625, equation: [sin(y7 - 0.624), 0, 0, 0, 0, y7 - 0.624]
invalid solutions: 0 0
In generation 13
Complexity: 1, fitness: -1904.9639892578125, equation: [0, 0, -0.744, 0, 0, 0]
Complexity: 3, fitness: -2425.62744140625, equation: [0, 0, y3 - 0.744, 0, 0, 0]
Complexity: 4, fitness: -3491.53515625, equation: [sin(y7 - 0.624), 0, 0, 0, 0, y7 - 0.624]
invalid solutions: 0 0
In generation 14
Complexity: 1, fitness: -1904.9639892578125, equation: [0, 0, -0.744, 0, 0, 0]
Complexity: 3, fitness: -2425.62744140625, equation: [0, 0, y3 - 0.744, 0, 0, 0]
Complexity: 4, fitness: -3491.53515625, equation: [sin(y7 - 0.624), 0, 0, 0, 0, y7 - 0.624]
invalid solutions: 0 0
In generation 15
Complexity: 1, fitness: -1904.9639892578125, equation: [0, 0, -0.744, 0, 0, 0]
Complexity: 3, fitness: -2425.62744140625, equation: [0, 0, y3 - 0.744, 0, 0, 0]
Complexity: 4, fitness: -3491.53515625, equation: [sin(y7 - 0.624), 0, 0, 0, 0, y7 - 0.624]
invalid solutions: 0 0
In generation 16
Complexity: 1, fitness: -1904.9639892578125, equation: [0, 0, -0.744, 0, 0, 0]
Complexity: 3, fitness: -2425.62744140625, equation: [0, 0, y3 - 0.744, 0, 0, 0]
Complexity: 4, fitness: -3491.53515625, equation: [sin(y7 - 0.624), 0, 0, 0, 0, y7 - 0.624]
Complexity: 5, fitness: -3749.1328125, equation: [-y0 + y7 - 0.624, 0, 0, 0, 0, y7 - 0.624]
invalid solutions: 0 0
In generation 17
Complexity: 1, fitness: -1904.9639892578125, equation: [0, 0, -0.744, 0, 0, 0]
Complexity: 3, fitness: -2425.62744140625, equation: [0, 0, y3 - 0.744, 0, 0, 0]
Complexity: 4, fitness: -3491.53515625, equation: [sin(y7 - 0.624), 0, 0, 0, 0, y7 - 0.624]
Complexity: 5, fitness: -3749.1328125, equation: [-y0 + y7 - 0.624, 0, 0, 0, 0, y7 - 0.624]
invalid solutions: 0 0
In generation 18
Complexity: 1, fitness: -1904.9639892578125, equation: [0, 0, -0.744, 0, 0, 0]
Complexity: 3, fitness: -2425.62744140625, equation: [0, 0, y3 - 0.744, 0, 0, 0]
Complexity: 4, fitness: -3695.7666015625, equation: [sin(y7 - 0.744), 0, 0, 0, 0, y7 - 0.744]
Complexity: 5, fitness: -3749.1328125, equation: [-y0 + y7 - 0.624, 0, 0, 0, 0, y7 - 0.624]
invalid solutions: 0 0
In generation 19
Complexity: 1, fitness: -1904.9639892578125, equation: [0, 0, -0.744, 0, 0, 0]
Complexity: 3, fitness: -2425.62744140625, equation: [0, 0, y3 - 0.744, 0, 0, 0]
Complexity: 4, fitness: -3696.018310546875, equation: [sin(y7 - 0.744), 0, 0, 0, 0, y7 - 0.744]
Complexity: 5, fitness: -3755.6396484375, equation: [-y0 + y7 - 0.624, 0, 0, 0, 0, y7 - 0.624]
invalid solutions: 0 0
In generation 20
Complexity: 1, fitness: -1904.9639892578125, equation: [0, 0, -0.744, 0, 0, 0]
Complexity: 3, fitness: -2425.62744140625, equation: [0, 0, y3 - 0.744, 0, 0, 0]
Complexity: 4, fitness: -3719.729736328125, equation: [sin(y7 - 0.744), 0, 0, 0, 0, y7 - 0.744]
Complexity: 5, fitness: -3755.6396484375, equation: [-y0 + y7 - 0.624, 0, 0, 0, 0, y7 - 0.624]
Complexity: 13, fitness: -3757.51220703125, equation: [0, 0, y12 + y15*y4 - sin(y1 + sin(y15*y4 - 0.84) + 0.84) - 0.84, 0, sin(y15*y4 - 0.84) - sin(y1 + sin(y15*y4 - 0.84) + 0.84), 0]
invalid solutions: 0 0
In generation 21
Complexity: 1, fitness: -1904.9639892578125, equation: [0, 0, -0.744, 0, 0, 0]
Complexity: 3, fitness: -2425.62744140625, equation: [0, 0, y3 - 0.744, 0, 0, 0]
Complexity: 4, fitness: -3719.729736328125, equation: [sin(y7 - 0.744), 0, 0, 0, 0, y7 - 0.744]
Complexity: 5, fitness: -3755.6396484375, equation: [-y0 + y7 - 0.624, 0, 0, 0, 0, y7 - 0.624]
Complexity: 13, fitness: -3757.51220703125, equation: [0, 0, y12 + y15*y4 - sin(y1 + sin(y15*y4 - 0.84) + 0.84) - 0.84, 0, sin(y15*y4 - 0.84) - sin(y1 + sin(y15*y4 - 0.84) + 0.84), 0]
invalid solutions: 0 0
In generation 22
Complexity: 1, fitness: -1904.9639892578125, equation: [0, 0, -0.744, 0, 0, 0]
Complexity: 3, fitness: -2425.62744140625, equation: [0, 0, y3 - 0.744, 0, 0, 0]
Complexity: 4, fitness: -3719.729736328125, equation: [sin(y7 - 0.744), 0, 0, 0, 0, y7 - 0.744]
Complexity: 5, fitness: -3755.6396484375, equation: [-y0 + y7 - 0.624, 0, 0, 0, 0, y7 - 0.624]
Complexity: 8, fitness: -3867.236572265625, equation: [-0.148*y7 + sin(0.852*y7 - 0.744), 0, 0.852*y7, 0, 0, 0.852*y7 - 0.744]
invalid solutions: 0 0
In generation 23
Complexity: 1, fitness: -1904.9639892578125, equation: [0, 0, -0.744, 0, 0, 0]
Complexity: 3, fitness: -2425.62744140625, equation: [0, 0, y3 - 0.744, 0, 0, 0]
Complexity: 4, fitness: -3719.729736328125, equation: [sin(y7 - 0.744), 0, 0, 0, 0, y7 - 0.744]
Complexity: 5, fitness: -3755.6396484375, equation: [-y0 + y7 - 0.624, 0, 0, 0, 0, y7 - 0.624]
Complexity: 8, fitness: -3867.236572265625, equation: [-0.148*y7 + sin(0.852*y7 - 0.744), 0, 0.852*y7, 0, 0, 0.852*y7 - 0.744]
invalid solutions: 0 0
In generation 24
Complexity: 1, fitness: -1904.9639892578125, equation: [0, 0, -0.744, 0, 0, 0]
Complexity: 3, fitness: -2425.62744140625, equation: [0, 0, y3 - 0.744, 0, 0, 0]
Complexity: 4, fitness: -3719.729736328125, equation: [sin(y7 - 0.744), 0, 0, 0, 0, y7 - 0.744]
Complexity: 5, fitness: -3755.6396484375, equation: [-y0 + y7 - 0.624, 0, 0, 0, 0, y7 - 0.624]
Complexity: 8, fitness: -3867.236572265625, equation: [-0.148*y7 + sin(0.852*y7 - 0.744), 0, 0.852*y7, 0, 0, 0.852*y7 - 0.744]
invalid solutions: 0 0
In generation 25
Complexity: 1, fitness: -1904.9639892578125, equation: [0, 0, -0.744, 0, 0, 0]
Complexity: 3, fitness: -2425.62744140625, equation: [0, 0, y3 - 0.744, 0, 0, 0]
Complexity: 4, fitness: -3719.729736328125, equation: [sin(y7 - 0.744), 0, 0, 0, 0, y7 - 0.744]
Complexity: 5, fitness: -3755.6396484375, equation: [-y0 + y7 - 0.624, 0, 0, 0, 0, y7 - 0.624]
Complexity: 6, fitness: -3762.5341796875, equation: [y7 - sin(y0) - 0.624, 0, 0, 0, 0, y7 - 0.624]
Complexity: 8, fitness: -3881.1708984375, equation: [-0.148*y7 + sin(0.852*y7 - 0.744), 0, 0.852*y7, 0, 0, 0.852*y7 - 0.744]
Final pareto front:
Complexity: 1, fitness: -1904.9639892578125, equation: [0, 0, -0.744, 0, 0, 0]
Complexity: 3, fitness: -2425.62744140625, equation: [0, 0, y3 - 0.744, 0, 0, 0]
Complexity: 4, fitness: -3719.729736328125, equation: [sin(y7 - 0.744), 0, 0, 0, 0, y7 - 0.744]
Complexity: 5, fitness: -3755.6396484375, equation: [-y0 + y7 - 0.624, 0, 0, 0, 0, y7 - 0.624]
Complexity: 6, fitness: -3762.5341796875, equation: [y7 - sin(y0) - 0.624, 0, 0, 0, 0, y7 - 0.624]
Complexity: 8, fitness: -3881.1708984375, equation: [-0.148*y7 + sin(0.852*y7 - 0.744), 0, 0.852*y7, 0, 0, 0.852*y7 - 0.744]
