These device(s) are detected: [CudaDevice(id=0)]
Failed to import warp: No module named 'warp'
Failed to import mujoco_warp: No module named 'warp'
/gpfs/home6/tvdenbroek1/modi_kozax/lib/python3.12/site-packages/brax/io/mjcf.py:480: UserWarning: Brax System, piplines and environments are not actively being maintained. Please see MJX for a well maintained JAX-based physics engine: https://github.com/google-deepmind/mujoco/tree/main/mjx. For a host of environments that use MJX, see: https://github.com/google-deepmind/mujoco_playground.
  warnings.warn(
Input data should be formatted as: ['y0', 'y1', 'y2', 'y3', 'y4', 'y5', 'y6', 'y7', 'y8', 'y9', 'y10', 'y11', 'y12', 'y13', 'y14', 'y15', 'y16'].
Mujoco Modi v1 (not updated)
Compiling code for evaluation and evolution...
Finished compilation in 126.32 seconds
invalid solutions: 0 0
In generation 1
Complexity: 1, fitness: -42.174827575683594, equation: [0, 0, 0, 0, 0.839, 0]
Complexity: 2, fitness: -74.50755310058594, equation: [0, 0, 0, 0, sin(y5), 0]
Complexity: 5, fitness: -90.60945892333984, equation: [0, 0, 0, 0, y6*(y11 + y12), 0]
invalid solutions: 0 0
In generation 2
Complexity: 1, fitness: -82.74822235107422, equation: [0, 0, 0, 0, 0, y6]
Complexity: 3, fitness: -87.33760070800781, equation: [0, 0, 0, 0, y12*y2, 0]
Complexity: 5, fitness: -90.91177368164062, equation: [0, 0, 0, 0, y6*(y11 + y12), 0]
Complexity: 10, fitness: -94.23884582519531, equation: [0, y11*(y10 + y3), 0, y1*sin(y6) + y11*(y10 + y3), y1*sin(y6), 0]
invalid solutions: 0 0
In generation 3
Complexity: 1, fitness: -84.25456237792969, equation: [0, 0, 0, 0, 0, y6]
Complexity: 3, fitness: -91.07345581054688, equation: [0, 0, 0, 0, y12*y6, 0]
Complexity: 7, fitness: -95.41033935546875, equation: [0, y12*y3 + y14*y2, 0, 0, y12*y3, y14*y2]
Complexity: 11, fitness: -138.75054931640625, equation: [y0*y7, 0, (y0*y7 + cos(y6))*cos(y15**2), 0, y15**2, cos(y6)]
invalid solutions: 0 0
In generation 4
Complexity: 1, fitness: -84.25456237792969, equation: [0, 0, 0, 0, 0, y6]
Complexity: 2, fitness: -85.55615234375, equation: [0, 0, 0, 0, 0, sin(y6)]
Complexity: 3, fitness: -91.07345581054688, equation: [0, 0, 0, 0, y12*y6, 0]
Complexity: 6, fitness: -91.27226257324219, equation: [0, 0, 0, 0, y10*y8 + sin(y10*y7*y8), 0]
Complexity: 7, fitness: -95.41033935546875, equation: [0, y12*y3 + y14*y2, 0, 0, y12*y3, y14*y2]
Complexity: 11, fitness: -154.53562927246094, equation: [0, 0, 0, (y11 + y12)*(y11 - y6*(y11 + y12)), y6*(y11 + y12), 0]
invalid solutions: 0 0
In generation 5
Complexity: 1, fitness: -84.25456237792969, equation: [0, 0, 0, 0, 0, y6]
Complexity: 2, fitness: -85.55615234375, equation: [0, 0, 0, 0, 0, sin(y6)]
Complexity: 3, fitness: -93.33770751953125, equation: [0, 0, 0, 0, y15*y8, 0]
Complexity: 7, fitness: -95.41033935546875, equation: [0, y12*y3 + y14*y2, 0, 0, y12*y3, y14*y2]
Complexity: 9, fitness: -104.81613159179688, equation: [0, y12*y3 + y3*y6 + y5, 0, y3*y6, y12*y3, 0]
Complexity: 10, fitness: -115.50247192382812, equation: [0, 0.274*sin(y2*(-y10*y8 + y11)), 0, sin(y2*(-y10*y8 + y11)), y10*y8 + y2*(-y10*y8 + y11), 0]
Complexity: 11, fitness: -195.15243530273438, equation: [y0*y7, y0*y7 + y8 + cos(y6), (y0*y7 + y8 + cos(y6))*cos(y6), 0, 0, 2*cos(y6)]
Complexity: 15, fitness: -200.82159423828125, equation: [y0*y7, 0, y1 - y13 + (y0*y7 + cos(y6))*cos(y15**2), 0, y15**2, cos(y6)]
invalid solutions: 0 0
In generation 6
Complexity: 1, fitness: -84.30972290039062, equation: [0, 0, 0, 0, 0, y6]
Complexity: 2, fitness: -85.55615234375, equation: [0, 0, 0, 0, 0, sin(y6)]
Complexity: 3, fitness: -94.81272888183594, equation: [0, 0, 0, 0, y10*y8, 0]
Complexity: 7, fitness: -95.41033935546875, equation: [0, y12*y3 + y14*y2, 0, 0, y12*y3, y14*y2]
Complexity: 9, fitness: -119.43802642822266, equation: [0, 0, 0, y11*(y11 - y6*(y11 + y12)), y6*(y11 + y12), 0]
Complexity: 10, fitness: -124.78204345703125, equation: [0, 0.274*sin(y2*(-y1 + y11 - y16)), 0, sin(y2*(-y1 + y11 - y16)), y2*(-y1 + y11 - y16), 0]
Complexity: 11, fitness: -201.49595642089844, equation: [y0*y7, 0, (y0*y7 + cos(y6))*cos(y15*y6), 0, y15*y6, cos(y6)]
Complexity: 16, fitness: -207.06109619140625, equation: [y0*y7, sin(y4), y1 - y13 + (y0*y7 + cos(sin(y4)))*cos(y15**2), 0, y15**2, cos(sin(y4))]
invalid solutions: 0 0
In generation 7
Complexity: 1, fitness: -84.30972290039062, equation: [0, 0, 0, 0, 0, y6]
Complexity: 2, fitness: -85.55615234375, equation: [0, 0, 0, 0, 0, sin(y6)]
Complexity: 3, fitness: -94.81272888183594, equation: [0, 0, 0, 0, y10*y8, 0]
Complexity: 6, fitness: -96.64031219482422, equation: [0, 0.274*sin(y10*y8), 0, 0, y10*y8 + sin(y10*y8), 0]
Complexity: 7, fitness: -99.73860168457031, equation: [0, 0, 0, sin(y12*y5), y12*y5 + sin(2.86*sin(y12*y5)), 0]
Complexity: 8, fitness: -111.55180358886719, equation: [0, 0, 0, y6*sin(y10**2*y6), y10*y6 + sin(y10**2*y6), 0]
Complexity: 9, fitness: -167.00457763671875, equation: [y0*y7, 0, (y0*y7 + cos(y6))*cos(y15), 0, 0, cos(y6)]
Complexity: 11, fitness: -205.3330841064453, equation: [y7**2, 0, (y7**2 + cos(y6))*cos(y15*y6), 0, y15*y6, cos(y6)]
Complexity: 15, fitness: -232.43434143066406, equation: [y0*y7, 0, (y0*y7 + cos(y6))*cos(y6*(y14 + 2*y15)), 0, y6*(y14 + 2*y15), cos(y6)]
Complexity: 16, fitness: -242.368896484375, equation: [y0*y7, sin(y4), y15**2 + (y0*y7 + cos(sin(y4)))*cos(y15**2), 0, 2*y15**2, cos(sin(y4))]
invalid solutions: 0 0
In generation 8
Complexity: 1, fitness: -84.30972290039062, equation: [0, 0, 0, 0, 0, y6]
Complexity: 2, fitness: -85.55615234375, equation: [0, 0, 0, 0, 0, sin(y6)]
Complexity: 3, fitness: -94.81272888183594, equation: [0, 0, 0, 0, y10*y8, 0]
Complexity: 6, fitness: -96.64031219482422, equation: [0, 0.274*sin(y10*y8), 0, 0, y10*y8 + sin(y10*y8), 0]
Complexity: 7, fitness: -99.73860168457031, equation: [0, 0, 0, sin(y12*y5), y12*y5 + sin(2.86*sin(y12*y5)), 0]
Complexity: 8, fitness: -111.55180358886719, equation: [0, 0, 0, y6*sin(y10**2*y6), y10*y6 + sin(y10**2*y6), 0]
Complexity: 9, fitness: -167.00457763671875, equation: [y0*y7, 0, (y0*y7 + cos(y6))*cos(y15), 0, 0, cos(y6)]
Complexity: 10, fitness: -202.8916473388672, equation: [y0*y7, y0*y7 + 2*y8, y0*y7 + 2*y8 + cos(y7), 0, 0, cos(y7)]
Complexity: 11, fitness: -205.3330841064453, equation: [y7**2, 0, (y7**2 + cos(y6))*cos(y15*y6), 0, y15*y6, cos(y6)]
Complexity: 14, fitness: -224.32786560058594, equation: [y0*y7 + sin(y9), y0*y7 + y8 + cos(y6), y0*y7 + y8 + sin(y9)*cos(y7) + cos(y6), 0, 0, cos(y6) + cos(y7)]
Complexity: 15, fitness: -244.480224609375, equation: [y0*y7, 0, (y0*y7 + cos(y6))*cos(y6*(y10 + 2*y15)), 0, y6*(y10 + 2*y15), cos(y6)]
invalid solutions: 0 0
In generation 9
Complexity: 1, fitness: -84.30972290039062, equation: [0, 0, 0, 0, 0, y6]
Complexity: 2, fitness: -85.55615234375, equation: [0, 0, 0, 0, 0, sin(y6)]
Complexity: 3, fitness: -94.81272888183594, equation: [0, 0, 0, 0, y10*y8, 0]
Complexity: 5, fitness: -107.02827453613281, equation: [0, 0, 0, sin(y10*y2), y10*y2 + sin(sin(y10*y2)), 0]
Complexity: 8, fitness: -111.55180358886719, equation: [0, 0, 0, y6*sin(y10**2*y6), y10*y6 + sin(y10**2*y6), 0]
Complexity: 9, fitness: -181.89295959472656, equation: [0, 0, 0, y3*(y11 - y6*(y11 + y12)), y6*(y11 + y12), 0]
Complexity: 10, fitness: -202.8916473388672, equation: [y0*y7, y0*y7 + 2*y8, y0*y7 + 2*y8 + cos(y7), 0, 0, cos(y7)]
Complexity: 11, fitness: -205.3330841064453, equation: [y7**2, 0, (y7**2 + cos(y6))*cos(y15*y6), 0, y15*y6, cos(y6)]
Complexity: 14, fitness: -231.851806640625, equation: [y0*y7, sin(y4), y15**2 + (y0*y7 + cos(sin(y4)))*cos(y1), 0, y15**2, cos(sin(y4))]
Complexity: 15, fitness: -244.85940551757812, equation: [y0*y7, 0, (y0*y7 + cos(y6))*cos(y6*(y10 + 2*y15)), 0, y6*(y10 + 2*y15), cos(y6)]
Complexity: 17, fitness: -246.07693481445312, equation: [y0*y7, 0, (y0*y7 + cos(y6))*cos(y6*(3*y15 + y9)), 0, y6*(3*y15 + y9), cos(y6)]
invalid solutions: 0 0
In generation 10
Complexity: 1, fitness: -84.30972290039062, equation: [0, 0, 0, 0, 0, y6]
Complexity: 2, fitness: -85.55615234375, equation: [0, 0, 0, 0, 0, sin(y6)]
Complexity: 3, fitness: -94.81272888183594, equation: [0, 0, 0, 0, y10*y8, 0]
Complexity: 5, fitness: -107.02827453613281, equation: [0, 0, 0, sin(y10*y2), y10*y2 + sin(sin(y10*y2)), 0]
Complexity: 8, fitness: -111.55180358886719, equation: [0, 0, 0, y6*sin(y10**2*y6), y10*y6 + sin(y10**2*y6), 0]
Complexity: 9, fitness: -181.89295959472656, equation: [0, 0, 0, y3*(y11 - y6*(y11 + y12)), y6*(y11 + y12), 0]
Complexity: 10, fitness: -202.8916473388672, equation: [y0*y7, y0*y7 + 2*y8, y0*y7 + 2*y8 + cos(y7), 0, 0, cos(y7)]
Complexity: 11, fitness: -205.3330841064453, equation: [y7**2, 0, (y7**2 + cos(y6))*cos(y15*y6), 0, y15*y6, cos(y6)]
Complexity: 12, fitness: -210.90008544921875, equation: [y0*y7, sin(y4), y2 + (y0*y7 + cos(sin(y4)))*cos(y1), 0, 0, cos(sin(y4))]
Complexity: 13, fitness: -211.82034301757812, equation: [y0*y7, 0, (y0*y7 + cos(y6))*cos(y6*(y15 + y3)), 0, y6*(y15 + y3), cos(y6)]
Complexity: 14, fitness: -231.851806640625, equation: [y0*y7, sin(y4), y15**2 + (y0*y7 + cos(sin(y4)))*cos(y1), 0, y15**2, cos(sin(y4))]
Complexity: 15, fitness: -244.85940551757812, equation: [y0*y7, 0, (y0*y7 + cos(y6))*cos(y6*(y10 + 2*y15)), 0, y6*(y10 + 2*y15), cos(y6)]
Complexity: 17, fitness: -249.01158142089844, equation: [y0*y7, 0, (y0*y7 + cos(y6))*cos(y6*(3*y15 + y9)), 0, y6*(3*y15 + y9), cos(y6)]
Complexity: 24, fitness: -306.9747314453125, equation: [0, y14*y2 + y3*y6, y1**2*y12*y5*(y14*y2 + y3*y6)*(y10*y5 + y11 + cos(y3)), y1*y5 + y10*y5, y1*y5*(y10*y5 + y11 + cos(y3)) + y1*(y14*y2 + y3*y6) + y3*y6, y14*y2]
invalid solutions: 0 0
In generation 11
Complexity: 1, fitness: -84.30972290039062, equation: [0, 0, 0, 0, 0, y6]
Complexity: 2, fitness: -85.55615234375, equation: [0, 0, 0, 0, 0, sin(y6)]
Complexity: 3, fitness: -94.81272888183594, equation: [0, 0, 0, 0, y10*y8, 0]
Complexity: 5, fitness: -107.02827453613281, equation: [0, 0, 0, sin(y10*y2), y10*y2 + sin(sin(y10*y2)), 0]
Complexity: 7, fitness: -120.87332153320312, equation: [0, 0, 0, sin(y12*y2), y12*y2 + sin(2.86*sin(y12*y2)), 0]
Complexity: 9, fitness: -181.89295959472656, equation: [0, 0, 0, y3*(y11 - y6*(y11 + y12)), y6*(y11 + y12), 0]
Complexity: 10, fitness: -208.15625, equation: [0, 0, 0, sin(y2*(-y10*y8 - 2.16)), y10*y8 + y2*(-y10*y8 - 2.16) + y5 + sin(y2*(-y10*y8 - 2.16)), 0]
Complexity: 12, fitness: -210.90008544921875, equation: [y0*y7, sin(y4), y2 + (y0*y7 + cos(sin(y4)))*cos(y1), 0, 0, cos(sin(y4))]
Complexity: 13, fitness: -231.19398498535156, equation: [y0*y7, 0, (y0*y7 + cos(y6))*cos(y6*(y10 + y15)), 0, y6*(y10 + y15), cos(y6)]
Complexity: 14, fitness: -231.851806640625, equation: [y0*y7, sin(y4), y15**2 + (y0*y7 + cos(sin(y4)))*cos(y1), 0, y15**2, cos(sin(y4))]
Complexity: 15, fitness: -244.85940551757812, equation: [y0*y7, 0, (y0*y7 + cos(y6))*cos(y6*(y10 + 2*y15)), 0, y6*(y10 + 2*y15), cos(y6)]
Complexity: 17, fitness: -249.01158142089844, equation: [y0*y7, 0, (y0*y7 + cos(y6))*cos(y6*(3*y15 + y9)), 0, y6*(3*y15 + y9), cos(y6)]
Complexity: 21, fitness: -262.825439453125, equation: [y7*(-y2 + y8), 0, (y7*(-y2 + y8) + cos(y6))*cos(y6*(y10 + 2*y15)*(y11 - y5)), 0, y6*(y10 + 2*y15), cos(y6)]
Complexity: 24, fitness: -306.9747314453125, equation: [0, y14*y2 + y3*y6, y1**2*y12*y5*(y14*y2 + y3*y6)*(y10*y5 + y11 + cos(y3)), y1*y5 + y10*y5, y1*y5*(y10*y5 + y11 + cos(y3)) + y1*(y14*y2 + y3*y6) + y3*y6, y14*y2]
invalid solutions: 0 0
In generation 12
Complexity: 1, fitness: -84.30972290039062, equation: [0, 0, 0, 0, 0, y6]
Complexity: 2, fitness: -85.55615234375, equation: [0, 0, 0, 0, 0, sin(y6)]
Complexity: 3, fitness: -94.81272888183594, equation: [0, 0, 0, 0, y10*y8, 0]
Complexity: 5, fitness: -107.02827453613281, equation: [0, 0, 0, sin(y10*y2), y10*y2 + sin(sin(y10*y2)), 0]
Complexity: 7, fitness: -120.87332153320312, equation: [0, 0, 0, sin(y12*y2), y12*y2 + sin(2.86*sin(y12*y2)), 0]
Complexity: 9, fitness: -181.89295959472656, equation: [0, 0, 0, y3*(y11 - y6*(y11 + y12)), y6*(y11 + y12), 0]
Complexity: 10, fitness: -208.15625, equation: [0, 0, 0, sin(y2*(-y10*y8 - 2.16)), y10*y8 + y2*(-y10*y8 - 2.16) + y5 + sin(y2*(-y10*y8 - 2.16)), 0]
Complexity: 12, fitness: -210.90008544921875, equation: [y0*y7, sin(y4), y2 + (y0*y7 + cos(sin(y4)))*cos(y1), 0, 0, cos(sin(y4))]
Complexity: 13, fitness: -231.19398498535156, equation: [y0*y7, 0, (y0*y7 + cos(y6))*cos(y6*(y10 + y15)), 0, y6*(y10 + y15), cos(y6)]
Complexity: 14, fitness: -231.851806640625, equation: [y0*y7, sin(y4), y15**2 + (y0*y7 + cos(sin(y4)))*cos(y1), 0, y15**2, cos(sin(y4))]
Complexity: 15, fitness: -244.85940551757812, equation: [y0*y7, 0, (y0*y7 + cos(y6))*cos(y6*(y10 + 2*y15)), 0, y6*(y10 + 2*y15), cos(y6)]
Complexity: 17, fitness: -251.93531799316406, equation: [y0*y7, 0, (y0*y7 + cos(y6))*cos(y6*(2*y15 + y3 + y9)), 0, y6*(2*y15 + y3 + y9), cos(y6)]
Complexity: 21, fitness: -262.825439453125, equation: [y7*(-y2 + y8), 0, (y7*(-y2 + y8) + cos(y6))*cos(y6*(y10 + 2*y15)*(y11 - y5)), 0, y6*(y10 + 2*y15), cos(y6)]
Complexity: 24, fitness: -306.9747314453125, equation: [0, y14*y2 + y3*y6, y1**2*y12*y5*(y14*y2 + y3*y6)*(y10*y5 + y11 + cos(y3)), y1*y5 + y10*y5, y1*y5*(y10*y5 + y11 + cos(y3)) + y1*(y14*y2 + y3*y6) + y3*y6, y14*y2]
invalid solutions: 0 0
In generation 13
Complexity: 1, fitness: -84.30972290039062, equation: [0, 0, 0, 0, 0, y6]
Complexity: 2, fitness: -85.55615234375, equation: [0, 0, 0, 0, 0, sin(y6)]
Complexity: 3, fitness: -94.81272888183594, equation: [0, 0, 0, 0, y10*y8, 0]
Complexity: 5, fitness: -107.02827453613281, equation: [0, 0, 0, sin(y10*y2), y10*y2 + sin(sin(y10*y2)), 0]
Complexity: 7, fitness: -120.87332153320312, equation: [0, 0, 0, sin(y12*y2), y12*y2 + sin(2.86*sin(y12*y2)), 0]
Complexity: 9, fitness: -181.89295959472656, equation: [0, 0, 0, y3*(y11 - y6*(y11 + y12)), y6*(y11 + y12), 0]
Complexity: 10, fitness: -210.40692138671875, equation: [y0*y7, sin(y4), (y0*y7 + cos(sin(y4)))*cos(y6), 0, 0, cos(sin(y4))]
Complexity: 12, fitness: -210.90008544921875, equation: [y0*y7, sin(y4), y2 + (y0*y7 + cos(sin(y4)))*cos(y1), 0, 0, cos(sin(y4))]
Complexity: 13, fitness: -231.19398498535156, equation: [y0*y7, 0, (y0*y7 + cos(y6))*cos(y6*(y10 + y15)), 0, y6*(y10 + y15), cos(y6)]
Complexity: 14, fitness: -231.851806640625, equation: [y0*y7, sin(y4), y15**2 + (y0*y7 + cos(sin(y4)))*cos(y1), 0, y15**2, cos(sin(y4))]
Complexity: 15, fitness: -244.85940551757812, equation: [y0*y7, 0, (y0*y7 + cos(y6))*cos(y6*(y10 + 2*y15)), 0, y6*(y10 + 2*y15), cos(y6)]
Complexity: 17, fitness: -251.93531799316406, equation: [y0*y7, 0, (y0*y7 + cos(y6))*cos(y6*(2*y15 + y3 + y9)), 0, y6*(2*y15 + y3 + y9), cos(y6)]
Complexity: 18, fitness: -252.1293487548828, equation: [y0*y7, 0, sin(y0*y7 + cos(y6))*cos(y4*y6*(y10 + 2*y15)), 0, y6*(y10 + 2*y15), cos(y6)]
Complexity: 19, fitness: -253.96852111816406, equation: [y7**2, 0, (y7**2 + cos(y6))*cos(y12*y3*y6*(y10 + 2*y15)), 0, y6*(y10 + 2*y15), cos(y6)]
Complexity: 21, fitness: -263.2821044921875, equation: [y7*(-y2 + y8), 0, (y7*(-y2 + y8) + cos(y6))*cos(y6*(y10 + 2*y15)*(-y5 + y9)), 0, y6*(y10 + 2*y15), cos(y6)]
Complexity: 24, fitness: -306.9747314453125, equation: [0, y14*y2 + y3*y6, y1**2*y12*y5*(y14*y2 + y3*y6)*(y10*y5 + y11 + cos(y3)), y1*y5 + y10*y5, y1*y5*(y10*y5 + y11 + cos(y3)) + y1*(y14*y2 + y3*y6) + y3*y6, y14*y2]
invalid solutions: 0 0
In generation 14
Complexity: 1, fitness: -84.30972290039062, equation: [0, 0, 0, 0, 0, y6]
Complexity: 2, fitness: -85.55615234375, equation: [0, 0, 0, 0, 0, sin(y6)]
Complexity: 3, fitness: -94.81272888183594, equation: [0, 0, 0, 0, y10*y8, 0]
Complexity: 5, fitness: -107.02827453613281, equation: [0, 0, 0, sin(y10*y2), y10*y2 + sin(sin(y10*y2)), 0]
Complexity: 7, fitness: -120.87332153320312, equation: [0, 0, 0, sin(y12*y2), y12*y2 + sin(2.86*sin(y12*y2)), 0]
Complexity: 9, fitness: -181.89295959472656, equation: [0, 0, 0, y3*(y11 - y6*(y11 + y12)), y6*(y11 + y12), 0]
Complexity: 10, fitness: -226.2103729248047, equation: [0, 0, 0, -y1*y6 + y15 - 2*sin(1.8*y2), y1*y6 - 1.8*y2, 0]
Complexity: 13, fitness: -231.19398498535156, equation: [y0*y7, 0, (y0*y7 + cos(y6))*cos(y6*(y10 + y15)), 0, y6*(y10 + y15), cos(y6)]
Complexity: 14, fitness: -231.851806640625, equation: [y0*y7, sin(y4), y15**2 + (y0*y7 + cos(sin(y4)))*cos(y1), 0, y15**2, cos(sin(y4))]
Complexity: 15, fitness: -244.85940551757812, equation: [y0*y7, 0, (y0*y7 + cos(y6))*cos(y6*(y10 + 2*y15)), 0, y6*(y10 + 2*y15), cos(y6)]
Complexity: 17, fitness: -251.93531799316406, equation: [y0*y7, 0, (y0*y7 + cos(y6))*cos(y6*(2*y15 + y3 + y9)), 0, y6*(2*y15 + y3 + y9), cos(y6)]
Complexity: 18, fitness: -252.45301818847656, equation: [y0*y7, 0, sin(y0*y7 + cos(y6))*cos(y3*y6*(y10 + 2*y15)), 0, y6*(y10 + 2*y15), cos(y6)]
Complexity: 19, fitness: -253.96852111816406, equation: [y7**2, 0, (y7**2 + cos(y6))*cos(y12*y3*y6*(y10 + 2*y15)), 0, y6*(y10 + 2*y15), cos(y6)]
Complexity: 20, fitness: -262.12420654296875, equation: [y0*cos(y5), 0, (y0*cos(y5) + cos(y6))*cos(y0*y6*(y10 + y14 + 2*y15)), 0, y6*(y10 + y14 + 2*y15), cos(y6)]
Complexity: 21, fitness: -264.42474365234375, equation: [y7*(-y2 + y8), 0, (y7*(-y2 + y8) + cos(y6))*cos(y6*(y10 + 2*y15)*(-y5 + y9)), 0, y6*(y10 + 2*y15), cos(y6)]
Complexity: 23, fitness: -283.78228759765625, equation: [y0*y7, 0, (y0*y7 + cos(y6*(y10 + y11 + y15 + y7 + y9)))*cos(y6*(y11 + y12)), 0, y6*(y11 + y12) + y6*(y10 + y11 + y15 + y7 + y9), cos(y6*(y10 + y11 + y15 + y7 + y9))]
Complexity: 24, fitness: -306.9747314453125, equation: [0, y14*y2 + y3*y6, y1**2*y12*y5*(y14*y2 + y3*y6)*(y10*y5 + y11 + cos(y3)), y1*y5 + y10*y5, y1*y5*(y10*y5 + y11 + cos(y3)) + y1*(y14*y2 + y3*y6) + y3*y6, y14*y2]
invalid solutions: 0 0
In generation 15
Complexity: 1, fitness: -84.30972290039062, equation: [0, 0, 0, 0, 0, y6]
Complexity: 2, fitness: -85.55615234375, equation: [0, 0, 0, 0, 0, sin(y6)]
Complexity: 3, fitness: -94.81272888183594, equation: [0, 0, 0, 0, y10*y8, 0]
Complexity: 5, fitness: -107.02827453613281, equation: [0, 0, 0, sin(y10*y2), y10*y2 + sin(sin(y10*y2)), 0]
Complexity: 7, fitness: -120.87332153320312, equation: [0, 0, 0, sin(y12*y2), y12*y2 + sin(2.86*sin(y12*y2)), 0]
Complexity: 9, fitness: -181.89295959472656, equation: [0, 0, 0, y3*(y11 - y6*(y11 + y12)), y6*(y11 + y12), 0]
Complexity: 10, fitness: -226.2103729248047, equation: [0, 0, 0, -y1*y6 + y15 - 2*sin(1.8*y2), y1*y6 - 1.8*y2, 0]
Complexity: 13, fitness: -231.19398498535156, equation: [y0*y7, 0, (y0*y7 + cos(y6))*cos(y6*(y10 + y15)), 0, y6*(y10 + y15), cos(y6)]
Complexity: 14, fitness: -231.851806640625, equation: [y0*y7, sin(y4), y15**2 + (y0*y7 + cos(sin(y4)))*cos(y1), 0, y15**2, cos(sin(y4))]
Complexity: 15, fitness: -244.85940551757812, equation: [y0*y7, 0, (y0*y7 + cos(y6))*cos(y6*(y10 + 2*y15)), 0, y6*(y10 + 2*y15), cos(y6)]
Complexity: 16, fitness: -251.80612182617188, equation: [y10*y2*y7, sin(y4), y15**2 + (y10*y2*y7 + cos(sin(y4)))*sin(y6), 0, y15**2, y10*y2 + cos(sin(y4))]
Complexity: 17, fitness: -251.93531799316406, equation: [y0*y7, 0, (y0*y7 + cos(y6))*cos(y6*(2*y15 + y3 + y9)), 0, y6*(2*y15 + y3 + y9), cos(y6)]
Complexity: 18, fitness: -252.45301818847656, equation: [y0*y7, 0, sin(y0*y7 + cos(y6))*cos(y3*y6*(y10 + 2*y15)), 0, y6*(y10 + 2*y15), cos(y6)]
Complexity: 19, fitness: -253.96852111816406, equation: [y7**2, 0, (y7**2 + cos(y6))*cos(y12*y3*y6*(y10 + 2*y15)), 0, y6*(y10 + 2*y15), cos(y6)]
Complexity: 20, fitness: -262.12420654296875, equation: [y0*cos(y5), 0, (y0*cos(y5) + cos(y6))*cos(y0*y6*(y10 + y14 + 2*y15)), 0, y6*(y10 + y14 + 2*y15), cos(y6)]
Complexity: 21, fitness: -265.00225830078125, equation: [y7*(-y2 + y8), 0, (y7*(-y2 + y8) + cos(y6))*cos(y6*(y10 + 2*y15)*(-y5 + y9)), 0, y6*(y10 + 2*y15), cos(y6)]
Complexity: 22, fitness: -275.2533874511719, equation: [y7*(-y2 + y8), 0, (y7*(-y2 + y8) + cos(y6))*cos(y6*(y10 + 2*y15)*(y11 + sin(y10))), 0, y6*(y10 + 2*y15), cos(y6)]
Complexity: 23, fitness: -284.42462158203125, equation: [y0*y7, 0, (y0*y7 + cos(y6*(y10 + y11 + y15 + y7 + y9)))*cos(y6*(y11 + y12)), 0, y6*(y11 + y12) + y6*(y10 + y11 + y15 + y7 + y9), cos(y6*(y10 + y11 + y15 + y7 + y9))]
Complexity: 24, fitness: -306.9747314453125, equation: [0, y14*y2 + y3*y6, y1**2*y12*y5*(y14*y2 + y3*y6)*(y10*y5 + y11 + cos(y3)), y1*y5 + y10*y5, y1*y5*(y10*y5 + y11 + cos(y3)) + y1*(y14*y2 + y3*y6) + y3*y6, y14*y2]
invalid solutions: 0 0
In generation 16
Complexity: 1, fitness: -84.30972290039062, equation: [0, 0, 0, 0, 0, y6]
Complexity: 2, fitness: -85.55615234375, equation: [0, 0, 0, 0, 0, sin(y6)]
Complexity: 3, fitness: -94.81272888183594, equation: [0, 0, 0, 0, y10*y8, 0]
Complexity: 5, fitness: -107.02827453613281, equation: [0, 0, 0, sin(y10*y2), y10*y2 + sin(sin(y10*y2)), 0]
Complexity: 7, fitness: -120.87332153320312, equation: [0, 0, 0, sin(y12*y2), y12*y2 + sin(2.86*sin(y12*y2)), 0]
Complexity: 9, fitness: -181.89295959472656, equation: [0, 0, 0, y3*(y11 - y6*(y11 + y12)), y6*(y11 + y12), 0]
Complexity: 10, fitness: -226.2103729248047, equation: [0, 0, 0, -y1*y6 + y15 - 2*sin(1.8*y2), y1*y6 - 1.8*y2, 0]
Complexity: 13, fitness: -231.19398498535156, equation: [y0*y7, 0, (y0*y7 + cos(y6))*cos(y6*(y10 + y15)), 0, y6*(y10 + y15), cos(y6)]
Complexity: 14, fitness: -231.851806640625, equation: [y0*y7, sin(y4), y15**2 + (y0*y7 + cos(sin(y4)))*cos(y1), 0, y15**2, cos(sin(y4))]
Complexity: 15, fitness: -244.85940551757812, equation: [y0*y7, 0, (y0*y7 + cos(y6))*cos(y6*(y10 + 2*y15)), 0, y6*(y10 + 2*y15), cos(y6)]
Complexity: 16, fitness: -251.80612182617188, equation: [y10*y2*y7, sin(y4), y15**2 + (y10*y2*y7 + cos(sin(y4)))*sin(y6), 0, y15**2, y10*y2 + cos(sin(y4))]
Complexity: 17, fitness: -251.93531799316406, equation: [y0*y7, 0, (y0*y7 + cos(y6))*cos(y6*(2*y15 + y3 + y9)), 0, y6*(2*y15 + y3 + y9), cos(y6)]
Complexity: 18, fitness: -252.45301818847656, equation: [y0*y7, 0, sin(y0*y7 + cos(y6))*cos(y3*y6*(y10 + 2*y15)), 0, y6*(y10 + 2*y15), cos(y6)]
Complexity: 19, fitness: -255.69241333007812, equation: [y0*y7, 0, (y0*y7 + cos(y6))*cos(y11 - y5 + y6*(y10 + 2*y15)), 0, y6*(y10 + 2*y15), cos(y6)]
Complexity: 20, fitness: -262.12420654296875, equation: [y0*cos(y5), 0, (y0*cos(y5) + cos(y6))*cos(y0*y6*(y10 + y14 + 2*y15)), 0, y6*(y10 + y14 + 2*y15), cos(y6)]
Complexity: 21, fitness: -265.404296875, equation: [y7*(-y2 + y8), 0, (y7*(-y2 + y8) + cos(y6))*cos(y6*(y10 + 2*y15)*(-y5 + y9)), 0, y6*(y10 + 2*y15), cos(y6)]
Complexity: 22, fitness: -275.2533874511719, equation: [y7*(-y2 + y8), 0, (y7*(-y2 + y8) + cos(y6))*cos(y6*(y10 + 2*y15)*(y11 + sin(y10))), 0, y6*(y10 + 2*y15), cos(y6)]
Complexity: 23, fitness: -290.47015380859375, equation: [y0*y7, 0, (y0*y7 + cos(y6*(y10 + y11 + y15 + y7 + y9)))*cos(y6*(y11 + y12)), 0, y6*(y11 + y12) + y6*(y10 + y11 + y15 + y7 + y9), cos(y6*(y10 + y11 + y15 + y7 + y9))]
Complexity: 24, fitness: -306.9747314453125, equation: [0, y14*y2 + y3*y6, y1**2*y12*y5*(y14*y2 + y3*y6)*(y10*y5 + y11 + cos(y3)), y1*y5 + y10*y5, y1*y5*(y10*y5 + y11 + cos(y3)) + y1*(y14*y2 + y3*y6) + y3*y6, y14*y2]
invalid solutions: 0 0
In generation 17
Complexity: 1, fitness: -84.30972290039062, equation: [0, 0, 0, 0, 0, y6]
Complexity: 2, fitness: -85.55615234375, equation: [0, 0, 0, 0, 0, sin(y6)]
Complexity: 3, fitness: -94.81272888183594, equation: [0, 0, 0, 0, y10*y8, 0]
Complexity: 5, fitness: -107.02827453613281, equation: [0, 0, 0, sin(y10*y2), y10*y2 + sin(sin(y10*y2)), 0]
Complexity: 7, fitness: -120.87332153320312, equation: [0, 0, 0, sin(y12*y2), y12*y2 + sin(2.86*sin(y12*y2)), 0]
Complexity: 9, fitness: -188.5948486328125, equation: [y0*y7, 0, (y0*y7 + cos(y9))*cos(y15), 0, 0, cos(y9)]
Complexity: 10, fitness: -226.2103729248047, equation: [0, 0, 0, -y1*y6 + y15 - 2*sin(1.8*y2), y1*y6 - 1.8*y2, 0]
Complexity: 13, fitness: -231.19398498535156, equation: [y0*y7, 0, (y0*y7 + cos(y6))*cos(y6*(y10 + y15)), 0, y6*(y10 + y15), cos(y6)]
Complexity: 14, fitness: -231.851806640625, equation: [y0*y7, sin(y4), y15**2 + (y0*y7 + cos(sin(y4)))*cos(y1), 0, y15**2, cos(sin(y4))]
Complexity: 15, fitness: -244.85940551757812, equation: [y0*y7, 0, (y0*y7 + cos(y6))*cos(y6*(y10 + 2*y15)), 0, y6*(y10 + 2*y15), cos(y6)]
Complexity: 16, fitness: -251.80612182617188, equation: [y10*y2*y7, sin(y4), y15**2 + (y10*y2*y7 + cos(sin(y4)))*sin(y6), 0, y15**2, y10*y2 + cos(sin(y4))]
Complexity: 17, fitness: -251.93531799316406, equation: [y0*y7, 0, (y0*y7 + cos(y6))*cos(y6*(2*y15 + y3 + y9)), 0, y6*(2*y15 + y3 + y9), cos(y6)]
Complexity: 18, fitness: -252.45301818847656, equation: [y0*y7, 0, sin(y0*y7 + cos(y6))*cos(y3*y6*(y10 + 2*y15)), 0, y6*(y10 + 2*y15), cos(y6)]
Complexity: 19, fitness: -255.69241333007812, equation: [y0*y7, 0, (y0*y7 + cos(y6))*cos(y11 - y5 + y6*(y10 + 2*y15)), 0, y6*(y10 + 2*y15), cos(y6)]
Complexity: 20, fitness: -262.12420654296875, equation: [y0*cos(y5), 0, (y0*cos(y5) + cos(y6))*cos(y0*y6*(y10 + y14 + 2*y15)), 0, y6*(y10 + y14 + 2*y15), cos(y6)]
Complexity: 21, fitness: -265.404296875, equation: [y7*(-y2 + y8), 0, (y7*(-y2 + y8) + cos(y6))*cos(y6*(y10 + 2*y15)*(-y5 + y9)), 0, y6*(y10 + 2*y15), cos(y6)]
Complexity: 22, fitness: -275.2533874511719, equation: [y7*(-y2 + y8), 0, (y7*(-y2 + y8) + cos(y6))*cos(y6*(y10 + 2*y15)*(y11 + sin(y10))), 0, y6*(y10 + 2*y15), cos(y6)]
Complexity: 23, fitness: -290.47015380859375, equation: [y0*y7, 0, (y0*y7 + cos(y6*(y10 + y11 + y15 + y7 + y9)))*cos(y6*(y11 + y12)), 0, y6*(y11 + y12) + y6*(y10 + y11 + y15 + y7 + y9), cos(y6*(y10 + y11 + y15 + y7 + y9))]
Complexity: 24, fitness: -306.9747314453125, equation: [0, y14*y2 + y3*y6, y1**2*y12*y5*(y14*y2 + y3*y6)*(y10*y5 + y11 + cos(y3)), y1*y5 + y10*y5, y1*y5*(y10*y5 + y11 + cos(y3)) + y1*(y14*y2 + y3*y6) + y3*y6, y14*y2]
invalid solutions: 0 0
In generation 18
Complexity: 1, fitness: -84.30972290039062, equation: [0, 0, 0, 0, 0, y6]
Complexity: 2, fitness: -85.55615234375, equation: [0, 0, 0, 0, 0, sin(y6)]
Complexity: 3, fitness: -94.81272888183594, equation: [0, 0, 0, 0, y10*y8, 0]
Complexity: 5, fitness: -107.02827453613281, equation: [0, 0, 0, sin(y10*y2), y10*y2 + sin(sin(y10*y2)), 0]
Complexity: 7, fitness: -120.87332153320312, equation: [0, 0, 0, sin(y12*y2), y12*y2 + sin(2.86*sin(y12*y2)), 0]
Complexity: 9, fitness: -188.5948486328125, equation: [y0*y7, 0, (y0*y7 + cos(y9))*cos(y15), 0, 0, cos(y9)]
Complexity: 10, fitness: -226.2103729248047, equation: [0, 0, 0, -y1*y6 + y15 - 2*sin(1.8*y2), y1*y6 - 1.8*y2, 0]
Complexity: 13, fitness: -231.19398498535156, equation: [y0*y7, 0, (y0*y7 + cos(y6))*cos(y6*(y10 + y15)), 0, y6*(y10 + y15), cos(y6)]
Complexity: 14, fitness: -231.851806640625, equation: [y0*y7, sin(y4), y15**2 + (y0*y7 + cos(sin(y4)))*cos(y1), 0, y15**2, cos(sin(y4))]
Complexity: 15, fitness: -244.85940551757812, equation: [y0*y7, 0, (y0*y7 + cos(y6))*cos(y6*(y10 + 2*y15)), 0, y6*(y10 + 2*y15), cos(y6)]
Complexity: 16, fitness: -251.80612182617188, equation: [y10*y2*y7, sin(y4), y15**2 + (y10*y2*y7 + cos(sin(y4)))*sin(y6), 0, y15**2, y10*y2 + cos(sin(y4))]
Complexity: 17, fitness: -251.93531799316406, equation: [y0*y7, 0, (y0*y7 + cos(y6))*cos(y6*(2*y15 + y3 + y9)), 0, y6*(2*y15 + y3 + y9), cos(y6)]
Complexity: 18, fitness: -252.45301818847656, equation: [y0*y7, 0, sin(y0*y7 + cos(y6))*cos(y3*y6*(y10 + 2*y15)), 0, y6*(y10 + 2*y15), cos(y6)]
Complexity: 19, fitness: -255.69241333007812, equation: [y0*y7, 0, (y0*y7 + cos(y6))*cos(y11 - y5 + y6*(y10 + 2*y15)), 0, y6*(y10 + 2*y15), cos(y6)]
Complexity: 20, fitness: -262.12420654296875, equation: [y0*cos(y5), 0, (y0*cos(y5) + cos(y6))*cos(y0*y6*(y10 + y14 + 2*y15)), 0, y6*(y10 + y14 + 2*y15), cos(y6)]
Complexity: 21, fitness: -265.404296875, equation: [y7*(-y2 + y8), 0, (y7*(-y2 + y8) + cos(y6))*cos(y6*(y10 + 2*y15)*(-y5 + y9)), 0, y6*(y10 + 2*y15), cos(y6)]
Complexity: 22, fitness: -275.2533874511719, equation: [y7*(-y2 + y8), 0, (y7*(-y2 + y8) + cos(y6))*cos(y6*(y10 + 2*y15)*(y11 + sin(y10))), 0, y6*(y10 + 2*y15), cos(y6)]
Complexity: 23, fitness: -290.47015380859375, equation: [y0*y7, 0, (y0*y7 + cos(y6*(y10 + y11 + y15 + y7 + y9)))*cos(y6*(y11 + y12)), 0, y6*(y11 + y12) + y6*(y10 + y11 + y15 + y7 + y9), cos(y6*(y10 + y11 + y15 + y7 + y9))]
Complexity: 24, fitness: -306.9747314453125, equation: [0, y14*y2 + y3*y6, y1**2*y12*y5*(y14*y2 + y3*y6)*(y10*y5 + y11 + cos(y3)), y1*y5 + y10*y5, y1*y5*(y10*y5 + y11 + cos(y3)) + y1*(y14*y2 + y3*y6) + y3*y6, y14*y2]
Complexity: 25, fitness: -307.80291748046875, equation: [y0*(y1*y3 + y14*y3), y1*y3 + y14*y3, y15**2 + (y0*(y1*y3 + y14*y3) + cos(y10*y8 - y11))*cos(y10*y6), 0, y1*y3 + y10*y6 + y10*y8 + y15**2, y14*y3 + cos(y10*y8 - y11)]
invalid solutions: 0 0
In generation 19
Complexity: 1, fitness: -84.30972290039062, equation: [0, 0, 0, 0, 0, y6]
Complexity: 2, fitness: -85.55615234375, equation: [0, 0, 0, 0, 0, sin(y6)]
Complexity: 3, fitness: -94.81272888183594, equation: [0, 0, 0, 0, y10*y8, 0]
Complexity: 5, fitness: -107.02827453613281, equation: [0, 0, 0, sin(y10*y2), y10*y2 + sin(sin(y10*y2)), 0]
Complexity: 7, fitness: -120.87332153320312, equation: [0, 0, 0, sin(y12*y2), y12*y2 + sin(2.86*sin(y12*y2)), 0]
Complexity: 9, fitness: -188.5948486328125, equation: [y0*y7, 0, (y0*y7 + cos(y9))*cos(y15), 0, 0, cos(y9)]
Complexity: 10, fitness: -226.2103729248047, equation: [0, 0, 0, -y1*y6 + y15 - 2*sin(1.8*y2), y1*y6 - 1.8*y2, 0]
Complexity: 13, fitness: -231.19398498535156, equation: [y0*y7, 0, (y0*y7 + cos(y6))*cos(y6*(y10 + y15)), 0, y6*(y10 + y15), cos(y6)]
Complexity: 14, fitness: -231.851806640625, equation: [y0*y7, sin(y4), y15**2 + (y0*y7 + cos(sin(y4)))*cos(y1), 0, y15**2, cos(sin(y4))]
Complexity: 15, fitness: -244.85940551757812, equation: [y0*y7, 0, (y0*y7 + cos(y6))*cos(y6*(y10 + 2*y15)), 0, y6*(y10 + 2*y15), cos(y6)]
Complexity: 16, fitness: -251.80612182617188, equation: [y10*y2*y7, sin(y4), y15**2 + (y10*y2*y7 + cos(sin(y4)))*sin(y6), 0, y15**2, y10*y2 + cos(sin(y4))]
Complexity: 17, fitness: -251.93531799316406, equation: [y0*y7, 0, (y0*y7 + cos(y6))*cos(y6*(2*y15 + y3 + y9)), 0, y6*(2*y15 + y3 + y9), cos(y6)]
Complexity: 18, fitness: -252.45301818847656, equation: [y0*y7, 0, sin(y0*y7 + cos(y6))*cos(y3*y6*(y10 + 2*y15)), 0, y6*(y10 + 2*y15), cos(y6)]
Complexity: 19, fitness: -255.69241333007812, equation: [y0*y7, 0, (y0*y7 + cos(y6))*cos(y11 - y5 + y6*(y10 + 2*y15)), 0, y6*(y10 + 2*y15), cos(y6)]
Complexity: 20, fitness: -268.9312744140625, equation: [y7*(-y2 + y8), 0, (y7*(-y2 + y8) + cos(y6))*cos(y6*(y10 + 2*y15)*sin(y4)), 0, y6*(y10 + 2*y15), cos(y6)]
Complexity: 22, fitness: -275.2533874511719, equation: [y7*(-y2 + y8), 0, (y7*(-y2 + y8) + cos(y6))*cos(y6*(y10 + 2*y15)*(y11 + sin(y10))), 0, y6*(y10 + 2*y15), cos(y6)]
Complexity: 23, fitness: -295.4716796875, equation: [y0*y7, 0, y0*y7*cos(y10*y8*cos(sin(y2))) + cos(y6*(y10 + y15 + y6 + 0.371)), 0, y6*(y10 + y15 + y6 + 0.371), cos(y10*y8*cos(sin(y2)))]
Complexity: 24, fitness: -306.9747314453125, equation: [0, y14*y2 + y3*y6, y1**2*y12*y5*(y14*y2 + y3*y6)*(y10*y5 + y11 + cos(y3)), y1*y5 + y10*y5, y1*y5*(y10*y5 + y11 + cos(y3)) + y1*(y14*y2 + y3*y6) + y3*y6, y14*y2]
Complexity: 25, fitness: -316.08135986328125, equation: [y0*(y1*y3 + y14*y3), y1*y3 + y14*y3, y15*y5 + (y0*(y1*y3 + y14*y3) + cos(y10*y8 - y11))*cos(y10*y6), 0, y1*y3 + y10*y6 + y10*y8 + y15*y5, y14*y3 + cos(y10*y8 - y11)]
invalid solutions: 0 0
In generation 20
Complexity: 1, fitness: -84.30972290039062, equation: [0, 0, 0, 0, 0, y6]
Complexity: 2, fitness: -85.55615234375, equation: [0, 0, 0, 0, 0, sin(y6)]
Complexity: 3, fitness: -94.81272888183594, equation: [0, 0, 0, 0, y10*y8, 0]
Complexity: 5, fitness: -107.02827453613281, equation: [0, 0, 0, sin(y10*y2), y10*y2 + sin(sin(y10*y2)), 0]
Complexity: 7, fitness: -120.87332153320312, equation: [0, 0, 0, sin(y12*y2), y12*y2 + sin(2.86*sin(y12*y2)), 0]
Complexity: 9, fitness: -188.5948486328125, equation: [y0*y7, 0, (y0*y7 + cos(y9))*cos(y15), 0, 0, cos(y9)]
Complexity: 10, fitness: -226.2103729248047, equation: [0, 0, 0, -y1*y6 + y15 - 2*sin(1.8*y2), y1*y6 - 1.8*y2, 0]
Complexity: 13, fitness: -231.19398498535156, equation: [y0*y7, 0, (y0*y7 + cos(y6))*cos(y6*(y10 + y15)), 0, y6*(y10 + y15), cos(y6)]
Complexity: 14, fitness: -231.851806640625, equation: [y0*y7, sin(y4), y15**2 + (y0*y7 + cos(sin(y4)))*cos(y1), 0, y15**2, cos(sin(y4))]
Complexity: 15, fitness: -244.85940551757812, equation: [y0*y7, 0, (y0*y7 + cos(y6))*cos(y6*(y10 + 2*y15)), 0, y6*(y10 + 2*y15), cos(y6)]
Complexity: 16, fitness: -251.80612182617188, equation: [y10*y2*y7, sin(y4), y15**2 + (y10*y2*y7 + cos(sin(y4)))*sin(y6), 0, y15**2, y10*y2 + cos(sin(y4))]
Complexity: 17, fitness: -251.93531799316406, equation: [y0*y7, 0, (y0*y7 + cos(y6))*cos(y6*(2*y15 + y3 + y9)), 0, y6*(2*y15 + y3 + y9), cos(y6)]
Complexity: 18, fitness: -252.45301818847656, equation: [y0*y7, 0, sin(y0*y7 + cos(y6))*cos(y3*y6*(y10 + 2*y15)), 0, y6*(y10 + 2*y15), cos(y6)]
Complexity: 19, fitness: -282.5426025390625, equation: [y0*y7, 0, (y0*y7 + cos(y6*(y0 + 2*y15)))*cos(y6*(y11 + y12)), 0, y6*(y0 + 2*y15) + y6*(y11 + y12), cos(y6*(y0 + 2*y15))]
Complexity: 23, fitness: -295.4716796875, equation: [y0*y7, 0, y0*y7*cos(y10*y8*cos(sin(y2))) + cos(y6*(y10 + y15 + y6 + 0.371)), 0, y6*(y10 + y15 + y6 + 0.371), cos(y10*y8*cos(sin(y2)))]
Complexity: 24, fitness: -306.9747314453125, equation: [0, y14*y2 + y3*y6, y1**2*y12*y5*(y14*y2 + y3*y6)*(y10*y5 + y11 + cos(y3)), y1*y5 + y10*y5, y1*y5*(y10*y5 + y11 + cos(y3)) + y1*(y14*y2 + y3*y6) + y3*y6, y14*y2]
Complexity: 25, fitness: -316.08135986328125, equation: [y0*(y1*y3 + y14*y3), y1*y3 + y14*y3, y15*y5 + (y0*(y1*y3 + y14*y3) + cos(y10*y8 - y11))*cos(y10*y6), 0, y1*y3 + y10*y6 + y10*y8 + y15*y5, y14*y3 + cos(y10*y8 - y11)]
invalid solutions: 0 0
In generation 21
Complexity: 1, fitness: -84.30972290039062, equation: [0, 0, 0, 0, 0, y6]
Complexity: 2, fitness: -85.55615234375, equation: [0, 0, 0, 0, 0, sin(y6)]
Complexity: 3, fitness: -94.81272888183594, equation: [0, 0, 0, 0, y10*y8, 0]
Complexity: 5, fitness: -107.02827453613281, equation: [0, 0, 0, sin(y10*y2), y10*y2 + sin(sin(y10*y2)), 0]
Complexity: 7, fitness: -120.87332153320312, equation: [0, 0, 0, sin(y12*y2), y12*y2 + sin(2.86*sin(y12*y2)), 0]
Complexity: 9, fitness: -188.5948486328125, equation: [y0*y7, 0, (y0*y7 + cos(y9))*cos(y15), 0, 0, cos(y9)]
Complexity: 10, fitness: -226.2103729248047, equation: [0, 0, 0, -y1*y6 + y15 - 2*sin(1.8*y2), y1*y6 - 1.8*y2, 0]
Complexity: 13, fitness: -231.19398498535156, equation: [y0*y7, 0, (y0*y7 + cos(y6))*cos(y6*(y10 + y15)), 0, y6*(y10 + y15), cos(y6)]
Complexity: 14, fitness: -231.851806640625, equation: [y0*y7, sin(y4), y15**2 + (y0*y7 + cos(sin(y4)))*cos(y1), 0, y15**2, cos(sin(y4))]
Complexity: 15, fitness: -244.85940551757812, equation: [y0*y7, 0, (y0*y7 + cos(y6))*cos(y6*(y10 + 2*y15)), 0, y6*(y10 + 2*y15), cos(y6)]
Complexity: 16, fitness: -251.80612182617188, equation: [y10*y2*y7, sin(y4), y15**2 + (y10*y2*y7 + cos(sin(y4)))*sin(y6), 0, y15**2, y10*y2 + cos(sin(y4))]
Complexity: 17, fitness: -251.93531799316406, equation: [y0*y7, 0, (y0*y7 + cos(y6))*cos(y6*(2*y15 + y3 + y9)), 0, y6*(2*y15 + y3 + y9), cos(y6)]
Complexity: 18, fitness: -252.45301818847656, equation: [y0*y7, 0, sin(y0*y7 + cos(y6))*cos(y3*y6*(y10 + 2*y15)), 0, y6*(y10 + 2*y15), cos(y6)]
Complexity: 19, fitness: -282.5426025390625, equation: [y0*y7, 0, (y0*y7 + cos(y6*(y0 + 2*y15)))*cos(y6*(y11 + y12)), 0, y6*(y0 + 2*y15) + y6*(y11 + y12), cos(y6*(y0 + 2*y15))]
Complexity: 23, fitness: -306.2511901855469, equation: [y0*(y1*y3 + y14*y3), y1*y3 + y14*y3, y14 + (y0*(y1*y3 + y14*y3) + cos(y10*y8 - y11))*cos(y10*y6), 0, y1*y3 + y10*y6 + y10*y8, y14*y3 + cos(y10*y8 - y11)]
Complexity: 24, fitness: -306.9747314453125, equation: [0, y14*y2 + y3*y6, y1**2*y12*y5*(y14*y2 + y3*y6)*(y10*y5 + y11 + cos(y3)), y1*y5 + y10*y5, y1*y5*(y10*y5 + y11 + cos(y3)) + y1*(y14*y2 + y3*y6) + y3*y6, y14*y2]
Complexity: 25, fitness: -316.08135986328125, equation: [y0*(y1*y3 + y14*y3), y1*y3 + y14*y3, y15*y5 + (y0*(y1*y3 + y14*y3) + cos(y10*y8 - y11))*cos(y10*y6), 0, y1*y3 + y10*y6 + y10*y8 + y15*y5, y14*y3 + cos(y10*y8 - y11)]
Complexity: 29, fitness: -316.63665771484375, equation: [y0*y7, 0, y0*y7 + cos(y6*(y10 + 2*y15 + y6 - 0.398)) + cos(y5 + y8**2*(y12*y9 + y14)), 0, y6*(y10 + 2*y15 + y6 - 0.398), y12*y9 + cos(y5 + y8**2*(y12*y9 + y14))]
Complexity: 30, fitness: -324.15435791015625, equation: [y0*y7, 0, y0*y7*cos(y10*y8*cos(y5*y8)) + cos(y6*(2*y10 + 0.203*y14 + 2*y15 + y6)), 0, y6*(2*y10 + 0.203*y14 + 2*y15 + y6), cos(y10*y8*cos(y5*y8))]
invalid solutions: 0 0
In generation 22
Complexity: 1, fitness: -84.30972290039062, equation: [0, 0, 0, 0, 0, y6]
Complexity: 2, fitness: -85.55615234375, equation: [0, 0, 0, 0, 0, sin(y6)]
Complexity: 3, fitness: -94.81272888183594, equation: [0, 0, 0, 0, y10*y8, 0]
Complexity: 5, fitness: -107.02827453613281, equation: [0, 0, 0, sin(y10*y2), y10*y2 + sin(sin(y10*y2)), 0]
Complexity: 7, fitness: -120.87332153320312, equation: [0, 0, 0, sin(y12*y2), y12*y2 + sin(2.86*sin(y12*y2)), 0]
Complexity: 9, fitness: -188.5948486328125, equation: [y0*y7, 0, (y0*y7 + cos(y9))*cos(y15), 0, 0, cos(y9)]
Complexity: 10, fitness: -226.2103729248047, equation: [0, 0, 0, -y1*y6 + y15 - 2*sin(1.8*y2), y1*y6 - 1.8*y2, 0]
Complexity: 13, fitness: -231.19398498535156, equation: [y0*y7, 0, (y0*y7 + cos(y6))*cos(y6*(y10 + y15)), 0, y6*(y10 + y15), cos(y6)]
Complexity: 14, fitness: -231.851806640625, equation: [y0*y7, sin(y4), y15**2 + (y0*y7 + cos(sin(y4)))*cos(y1), 0, y15**2, cos(sin(y4))]
Complexity: 15, fitness: -244.85940551757812, equation: [y0*y7, 0, (y0*y7 + cos(y6))*cos(y6*(y10 + 2*y15)), 0, y6*(y10 + 2*y15), cos(y6)]
Complexity: 16, fitness: -251.80612182617188, equation: [y10*y2*y7, sin(y4), y15**2 + (y10*y2*y7 + cos(sin(y4)))*sin(y6), 0, y15**2, y10*y2 + cos(sin(y4))]
Complexity: 17, fitness: -251.93531799316406, equation: [y0*y7, 0, (y0*y7 + cos(y6))*cos(y6*(2*y15 + y3 + y9)), 0, y6*(2*y15 + y3 + y9), cos(y6)]
Complexity: 18, fitness: -252.45301818847656, equation: [y0*y7, 0, sin(y0*y7 + cos(y6))*cos(y3*y6*(y10 + 2*y15)), 0, y6*(y10 + 2*y15), cos(y6)]
Complexity: 19, fitness: -282.5426025390625, equation: [y0*y7, 0, (y0*y7 + cos(y6*(y0 + 2*y15)))*cos(y6*(y11 + y12)), 0, y6*(y0 + 2*y15) + y6*(y11 + y12), cos(y6*(y0 + 2*y15))]
Complexity: 20, fitness: -302.07733154296875, equation: [y0*(y1*y3 + y14*y3), y1*y3 + y14*y3, y0*(y1*y3 + y14*y3) + y15**2 + cos(y10*y8 - y6), 0, y1*y3 + y10*y8 + y15**2, y14*y3 + cos(y10*y8 - y6)]
Complexity: 23, fitness: -306.2511901855469, equation: [y0*(y1*y3 + y14*y3), y1*y3 + y14*y3, y14 + (y0*(y1*y3 + y14*y3) + cos(y10*y8 - y11))*cos(y10*y6), 0, y1*y3 + y10*y6 + y10*y8, y14*y3 + cos(y10*y8 - y11)]
Complexity: 24, fitness: -306.9747314453125, equation: [0, y14*y2 + y3*y6, y1**2*y12*y5*(y14*y2 + y3*y6)*(y10*y5 + y11 + cos(y3)), y1*y5 + y10*y5, y1*y5*(y10*y5 + y11 + cos(y3)) + y1*(y14*y2 + y3*y6) + y3*y6, y14*y2]
Complexity: 25, fitness: -364.084228515625, equation: [y0*y7, y4 + y8, y0*y7*cos(y10*y8*cos(sin(y2))) + cos(y6*(y10 + y4 + 2*y6 + y8)), 0, y6*(y10 + y4 + 2*y6 + y8), cos(y10*y8*cos(sin(y2)))]
invalid solutions: 0 0
In generation 23
Complexity: 1, fitness: -84.30972290039062, equation: [0, 0, 0, 0, 0, y6]
Complexity: 2, fitness: -85.55615234375, equation: [0, 0, 0, 0, 0, sin(y6)]
Complexity: 3, fitness: -94.81272888183594, equation: [0, 0, 0, 0, y10*y8, 0]
Complexity: 5, fitness: -107.02827453613281, equation: [0, 0, 0, sin(y10*y2), y10*y2 + sin(sin(y10*y2)), 0]
Complexity: 7, fitness: -120.87332153320312, equation: [0, 0, 0, sin(y12*y2), y12*y2 + sin(2.86*sin(y12*y2)), 0]
Complexity: 9, fitness: -188.5948486328125, equation: [y0*y7, 0, (y0*y7 + cos(y9))*cos(y15), 0, 0, cos(y9)]
Complexity: 10, fitness: -226.2103729248047, equation: [0, 0, 0, -y1*y6 + y15 - 2*sin(1.8*y2), y1*y6 - 1.8*y2, 0]
Complexity: 13, fitness: -231.19398498535156, equation: [y0*y7, 0, (y0*y7 + cos(y6))*cos(y6*(y10 + y15)), 0, y6*(y10 + y15), cos(y6)]
Complexity: 14, fitness: -231.851806640625, equation: [y0*y7, sin(y4), y15**2 + (y0*y7 + cos(sin(y4)))*cos(y1), 0, y15**2, cos(sin(y4))]
Complexity: 15, fitness: -244.85940551757812, equation: [y0*y7, 0, (y0*y7 + cos(y6))*cos(y6*(y10 + 2*y15)), 0, y6*(y10 + 2*y15), cos(y6)]
Complexity: 16, fitness: -251.80612182617188, equation: [y10*y2*y7, sin(y4), y15**2 + (y10*y2*y7 + cos(sin(y4)))*sin(y6), 0, y15**2, y10*y2 + cos(sin(y4))]
Complexity: 17, fitness: -251.93531799316406, equation: [y0*y7, 0, (y0*y7 + cos(y6))*cos(y6*(2*y15 + y3 + y9)), 0, y6*(2*y15 + y3 + y9), cos(y6)]
Complexity: 18, fitness: -252.45301818847656, equation: [y0*y7, 0, sin(y0*y7 + cos(y6))*cos(y3*y6*(y10 + 2*y15)), 0, y6*(y10 + 2*y15), cos(y6)]
Complexity: 19, fitness: -282.5426025390625, equation: [y0*y7, 0, (y0*y7 + cos(y6*(y0 + 2*y15)))*cos(y6*(y11 + y12)), 0, y6*(y0 + 2*y15) + y6*(y11 + y12), cos(y6*(y0 + 2*y15))]
Complexity: 20, fitness: -307.48516845703125, equation: [y0*(y1*y3 + y14*y3), y1*y3 + y14*y3, y0*(y1*y3 + y14*y3) + y15**2 + cos(y10*y8 - y11), 0, y1*y3 + y10*y8 + y15**2, y14*y3 + cos(y10*y8 - y11)]
Complexity: 25, fitness: -364.084228515625, equation: [y0*y7, y4 + y8, y0*y7*cos(y10*y8*cos(sin(y2))) + cos(y6*(y10 + y4 + 2*y6 + y8)), 0, y6*(y10 + y4 + 2*y6 + y8), cos(y10*y8*cos(sin(y2)))]
invalid solutions: 0 0
In generation 24
Complexity: 1, fitness: -84.30972290039062, equation: [0, 0, 0, 0, 0, y6]
Complexity: 2, fitness: -85.55615234375, equation: [0, 0, 0, 0, 0, sin(y6)]
Complexity: 3, fitness: -94.81272888183594, equation: [0, 0, 0, 0, y10*y8, 0]
Complexity: 5, fitness: -107.02827453613281, equation: [0, 0, 0, sin(y10*y2), y10*y2 + sin(sin(y10*y2)), 0]
Complexity: 7, fitness: -120.87332153320312, equation: [0, 0, 0, sin(y12*y2), y12*y2 + sin(2.86*sin(y12*y2)), 0]
Complexity: 9, fitness: -188.5948486328125, equation: [y0*y7, 0, (y0*y7 + cos(y9))*cos(y15), 0, 0, cos(y9)]
Complexity: 10, fitness: -226.2103729248047, equation: [0, 0, 0, -y1*y6 + y15 - 2*sin(1.8*y2), y1*y6 - 1.8*y2, 0]
Complexity: 13, fitness: -231.19398498535156, equation: [y0*y7, 0, (y0*y7 + cos(y6))*cos(y6*(y10 + y15)), 0, y6*(y10 + y15), cos(y6)]
Complexity: 14, fitness: -231.851806640625, equation: [y0*y7, sin(y4), y15**2 + (y0*y7 + cos(sin(y4)))*cos(y1), 0, y15**2, cos(sin(y4))]
Complexity: 15, fitness: -244.85940551757812, equation: [y0*y7, 0, (y0*y7 + cos(y6))*cos(y6*(y10 + 2*y15)), 0, y6*(y10 + 2*y15), cos(y6)]
Complexity: 16, fitness: -251.80612182617188, equation: [y10*y2*y7, sin(y4), y15**2 + (y10*y2*y7 + cos(sin(y4)))*sin(y6), 0, y15**2, y10*y2 + cos(sin(y4))]
Complexity: 17, fitness: -251.93531799316406, equation: [y0*y7, 0, (y0*y7 + cos(y6))*cos(y6*(2*y15 + y3 + y9)), 0, y6*(2*y15 + y3 + y9), cos(y6)]
Complexity: 18, fitness: -298.0950622558594, equation: [y0*(y1*y3 + y14*y3), y1*y3 + y14*y3, y0*(y1*y3 + y14*y3) + y15*y3 + cos(y10*y8), 0, y1*y3 + y10*y8 + y15*y3, y14*y3 + cos(y10*y8)]
Complexity: 20, fitness: -307.48516845703125, equation: [y0*(y1*y3 + y14*y3), y1*y3 + y14*y3, y0*(y1*y3 + y14*y3) + y15**2 + cos(y10*y8 - y11), 0, y1*y3 + y10*y8 + y15**2, y14*y3 + cos(y10*y8 - y11)]
Complexity: 25, fitness: -377.5452880859375, equation: [y0*y4, y7 + y8, y0*y4*cos(y10*y8*cos(sin(y2))) + cos(y6*(y10 + 2*y6 + y7 + y8)), 0, y6*(y10 + 2*y6 + y7 + y8), cos(y10*y8*cos(sin(y2)))]
invalid solutions: 0 0
In generation 25
Complexity: 1, fitness: -84.30972290039062, equation: [0, 0, 0, 0, 0, y6]
Complexity: 2, fitness: -85.55615234375, equation: [0, 0, 0, 0, 0, sin(y6)]
Complexity: 3, fitness: -94.81272888183594, equation: [0, 0, 0, 0, y10*y8, 0]
Complexity: 5, fitness: -107.02827453613281, equation: [0, 0, 0, sin(y10*y2), y10*y2 + sin(sin(y10*y2)), 0]
Complexity: 7, fitness: -120.87332153320312, equation: [0, 0, 0, sin(y12*y2), y12*y2 + sin(2.86*sin(y12*y2)), 0]
Complexity: 9, fitness: -188.5948486328125, equation: [y0*y7, 0, (y0*y7 + cos(y9))*cos(y15), 0, 0, cos(y9)]
Complexity: 10, fitness: -226.2103729248047, equation: [0, 0, 0, -y1*y6 + y15 - 2*sin(1.8*y2), y1*y6 - 1.8*y2, 0]
Complexity: 13, fitness: -231.19398498535156, equation: [y0*y7, 0, (y0*y7 + cos(y6))*cos(y6*(y10 + y15)), 0, y6*(y10 + y15), cos(y6)]
Complexity: 14, fitness: -231.851806640625, equation: [y0*y7, sin(y4), y15**2 + (y0*y7 + cos(sin(y4)))*cos(y1), 0, y15**2, cos(sin(y4))]
Complexity: 15, fitness: -250.7286376953125, equation: [y0*y7, 0, (y0*y7 + cos(y6**2*(y11 + y12)))*cos(y11), 0, y6**2*(y11 + y12) + y6*(y11 + y12), cos(y6**2*(y11 + y12))]
Complexity: 16, fitness: -251.80612182617188, equation: [y10*y2*y7, sin(y4), y15**2 + (y10*y2*y7 + cos(sin(y4)))*sin(y6), 0, y15**2, y10*y2 + cos(sin(y4))]
Complexity: 17, fitness: -251.93531799316406, equation: [y0*y7, 0, (y0*y7 + cos(y6))*cos(y6*(2*y15 + y3 + y9)), 0, y6*(2*y15 + y3 + y9), cos(y6)]
Complexity: 18, fitness: -298.0950622558594, equation: [y0*(y1*y3 + y14*y3), y1*y3 + y14*y3, y0*(y1*y3 + y14*y3) + y15*y3 + cos(y10*y8), 0, y1*y3 + y10*y8 + y15*y3, y14*y3 + cos(y10*y8)]
Complexity: 19, fitness: -373.2090759277344, equation: [y0*y4, y7 + y8, y0*y4*cos(y14) + cos(y6*(y10 + 2*y6 + y7 + y8)), 0, y6*(y10 + 2*y6 + y7 + y8), cos(y14)]
Complexity: 23, fitness: -384.33782958984375, equation: [y0*y4, y4 + y8, y0*y4*cos(y10*y8 + y10) + cos(y6*(y10 + y4 + 2*y6 + y8)), 0, y6*(y10 + y4 + 2*y6 + y8), cos(y10*y8 + y10)]
Complexity: 29, fitness: -412.6649169921875, equation: [y0*(y1*y3 + y14*y3), y1*y3 + y14*y3, y15**2*(y0*(y1*y3 + y14*y3) + cos(y10*y8))*cos(y15*y2*y6*(y0 - 0.905)), 0, y1*y3 + y10*y8 + y15**2 + y15*y2*y6*(y0 - 0.905) + y15*y2, y14*y3 + cos(y10*y8)]
Final pareto front:
Complexity: 1, fitness: -84.30972290039062, equation: [0, 0, 0, 0, 0, y6]
Complexity: 2, fitness: -85.55615234375, equation: [0, 0, 0, 0, 0, sin(y6)]
Complexity: 3, fitness: -94.81272888183594, equation: [0, 0, 0, 0, y10*y8, 0]
Complexity: 5, fitness: -107.02827453613281, equation: [0, 0, 0, sin(y10*y2), y10*y2 + sin(sin(y10*y2)), 0]
Complexity: 7, fitness: -120.87332153320312, equation: [0, 0, 0, sin(y12*y2), y12*y2 + sin(2.86*sin(y12*y2)), 0]
Complexity: 9, fitness: -188.5948486328125, equation: [y0*y7, 0, (y0*y7 + cos(y9))*cos(y15), 0, 0, cos(y9)]
Complexity: 10, fitness: -226.2103729248047, equation: [0, 0, 0, -y1*y6 + y15 - 2*sin(1.8*y2), y1*y6 - 1.8*y2, 0]
Complexity: 13, fitness: -231.19398498535156, equation: [y0*y7, 0, (y0*y7 + cos(y6))*cos(y6*(y10 + y15)), 0, y6*(y10 + y15), cos(y6)]
Complexity: 14, fitness: -231.851806640625, equation: [y0*y7, sin(y4), y15**2 + (y0*y7 + cos(sin(y4)))*cos(y1), 0, y15**2, cos(sin(y4))]
Complexity: 15, fitness: -250.7286376953125, equation: [y0*y7, 0, (y0*y7 + cos(y6**2*(y11 + y12)))*cos(y11), 0, y6**2*(y11 + y12) + y6*(y11 + y12), cos(y6**2*(y11 + y12))]
Complexity: 16, fitness: -251.80612182617188, equation: [y10*y2*y7, sin(y4), y15**2 + (y10*y2*y7 + cos(sin(y4)))*sin(y6), 0, y15**2, y10*y2 + cos(sin(y4))]
Complexity: 17, fitness: -251.93531799316406, equation: [y0*y7, 0, (y0*y7 + cos(y6))*cos(y6*(2*y15 + y3 + y9)), 0, y6*(2*y15 + y3 + y9), cos(y6)]
Complexity: 18, fitness: -298.0950622558594, equation: [y0*(y1*y3 + y14*y3), y1*y3 + y14*y3, y0*(y1*y3 + y14*y3) + y15*y3 + cos(y10*y8), 0, y1*y3 + y10*y8 + y15*y3, y14*y3 + cos(y10*y8)]
Complexity: 19, fitness: -373.2090759277344, equation: [y0*y4, y7 + y8, y0*y4*cos(y14) + cos(y6*(y10 + 2*y6 + y7 + y8)), 0, y6*(y10 + 2*y6 + y7 + y8), cos(y14)]
Complexity: 23, fitness: -384.33782958984375, equation: [y0*y4, y4 + y8, y0*y4*cos(y10*y8 + y10) + cos(y6*(y10 + y4 + 2*y6 + y8)), 0, y6*(y10 + y4 + 2*y6 + y8), cos(y10*y8 + y10)]
Complexity: 29, fitness: -412.6649169921875, equation: [y0*(y1*y3 + y14*y3), y1*y3 + y14*y3, y15**2*(y0*(y1*y3 + y14*y3) + cos(y10*y8))*cos(y15*y2*y6*(y0 - 0.905)), 0, y1*y3 + y10*y8 + y15**2 + y15*y2*y6*(y0 - 0.905) + y15*y2, y14*y3 + cos(y10*y8)]
