These device(s) are detected: [CudaDevice(id=0)]
Failed to import warp: No module named 'warp'
Failed to import mujoco_warp: No module named 'warp'
/gpfs/home6/tvdenbroek1/modi_kozax/lib/python3.12/site-packages/brax/io/mjcf.py:480: UserWarning: Brax System, piplines and environments are not actively being maintained. Please see MJX for a well maintained JAX-based physics engine: https://github.com/google-deepmind/mujoco/tree/main/mjx. For a host of environments that use MJX, see: https://github.com/google-deepmind/mujoco_playground.
  warnings.warn(
Input data should be formatted as: ['y0', 'y1', 'y2', 'y3', 'y4', 'y5', 'y6', 'y7', 'y8', 'y9', 'y10', 'y11', 'y12', 'y13', 'y14', 'y15', 'y16'].
Mujoco Modi v2 (not updated) 0.5
Compiling code for evaluation and evolution...
Finished compilation in 137.47 seconds
invalid solutions: 0 0
In generation 1
Complexity: 1, fitness: -42.22319030761719, equation: [0, 0, 0, 0, 0.839, 0]
Complexity: 2, fitness: -75.93174743652344, equation: [0, 0, 0, 0, sin(y5), 0]
Complexity: 7, fitness: -81.53239440917969, equation: [0, 0, 0, 0, -y1 + y6*y8, 0.337*y1 + 0.663*y6*y8]
Complexity: 8, fitness: -85.24922943115234, equation: [0, 0, 0, 0, y10*y8 + sin(y10*y16*y7*y8), 0]
invalid solutions: 0 0
In generation 2
Complexity: 1, fitness: -84.28855895996094, equation: [0, 0, 0, 0, 0, y6]
Complexity: 3, fitness: -86.94046783447266, equation: [0, 0, 0, 0, y12*y2, 0]
Complexity: 5, fitness: -89.41839599609375, equation: [0, y1 + y12*y3, 0, 0, y12*y3, 0]
Complexity: 10, fitness: -103.77251434326172, equation: [0, y11*(y10 + y3), 0, y1*sin(y6) + y11*(y10 + y3), y1*sin(y6), 0]
invalid solutions: 0 0
In generation 3
Complexity: 1, fitness: -88.63372802734375, equation: [0, 0, 0, 0, 0, y6]
Complexity: 5, fitness: -96.4932861328125, equation: [0, y1 + y12*y3, 0, 0, y12*y3, 0]
Complexity: 10, fitness: -103.77251434326172, equation: [0, y11*(y10 + y3), 0, y1*sin(y6) + y11*(y10 + y3), y1*sin(y6), 0]
invalid solutions: 0 0
In generation 4
Complexity: 1, fitness: -88.63372802734375, equation: [0, 0, 0, 0, 0, y6]
Complexity: 3, fitness: -89.96410369873047, equation: [0, 0, 0, 0, y12*y8, 0]
Complexity: 5, fitness: -96.4932861328125, equation: [0, y1 + y12*y3, 0, 0, y12*y3, 0]
Complexity: 10, fitness: -104.05388641357422, equation: [0, y11*(y3 + y8), 0, y1*sin(y6) + y11*(y3 + y8), y1*sin(y6), 0]
Complexity: 24, fitness: -119.32801818847656, equation: [0, y11*(0.337*y1 - 0.337*y14*y2*y9 + y3 - 0.337*y4) + 2*y14*y2*y9 + y4, 0, y1*y6*y8 + y11*(0.337*y1 - 0.337*y14*y2*y9 + y3 - 0.337*y4) + y8*sin(y1*y6*y8), y1*y8 - y1 + y14*y2*y9 + y4 + y8*sin(y1*y6*y8), 0.337*y1 - 0.337*y14*y2*y9 + y2*y9 - 0.337*y4]
invalid solutions: 0 0
In generation 5
Complexity: 1, fitness: -88.63372802734375, equation: [0, 0, 0, 0, 0, y6]
Complexity: 3, fitness: -94.02777099609375, equation: [0, 0, 0, 0, y15*y3, 0]
Complexity: 5, fitness: -96.4932861328125, equation: [0, y1 + y12*y3, 0, 0, y12*y3, 0]
Complexity: 8, fitness: -118.5368881225586, equation: [0, 0, 0, -y1 + y5*y8 + sin(y6), -y1 + y5*y8, y5*y8]
Complexity: 18, fitness: -119.69346618652344, equation: [0, y11*(0.337*y1 + y3 - 0.337*y5), 0, y1*y6*y8 + y11*(0.337*y1 + y3 - 0.337*y5) + y8*sin(y1*y6*y8), y1*y8 - y1 + y5 + y8*sin(y1*y6*y8), 0.337*y1 - 0.337*y5]
Complexity: 27, fitness: -134.45361328125, equation: [0, y11*(0.337*y1 + y3 - 0.337*y4 - 0.337*sin(y10*y3*y5*y7)) + y4 + sin(y10*y3*y5*y7), 0, y1*y6*y8 + y11*(0.337*y1 + y3 - 0.337*y4 - 0.337*sin(y10*y3*y5*y7)) + y8*sin(y1*y6*y8), y1*y8 - y1 + y10*y5 + y4 + y8*sin(y1*y6*y8) + 2*sin(y10*y3*y5*y7), 0.337*y1 - 0.337*y4 - 0.337*sin(y10*y3*y5*y7)]
invalid solutions: 0 0
In generation 6
Complexity: 1, fitness: -88.63372802734375, equation: [0, 0, 0, 0, 0, y6]
Complexity: 2, fitness: -88.85356140136719, equation: [0, 0, 0, 0, 0, sin(y6)]
Complexity: 3, fitness: -94.02777099609375, equation: [0, 0, 0, 0, y15*y3, 0]
Complexity: 5, fitness: -96.4932861328125, equation: [0, y1 + y12*y3, 0, 0, y12*y3, 0]
Complexity: 7, fitness: -97.6455078125, equation: [0, 0, 0, y10*y11*y5*y8, y10*y8, 0]
Complexity: 8, fitness: -209.31590270996094, equation: [0, -y1 + y6, 0, -2*y1 + y6 + sin(y6), -2*y1 + y6, 0]
invalid solutions: 0 0
In generation 7
Complexity: 1, fitness: -88.63372802734375, equation: [0, 0, 0, 0, 0, y6]
Complexity: 2, fitness: -88.85356140136719, equation: [0, 0, 0, 0, 0, sin(y6)]
Complexity: 3, fitness: -94.02777099609375, equation: [0, 0, 0, 0, y15*y3, 0]
Complexity: 5, fitness: -97.1499252319336, equation: [0, 0, 0, 0, y3*(y15 + y5), 0]
Complexity: 7, fitness: -108.62297821044922, equation: [y1*y2, y1*y2 - y1, y6*(y1*y2 - y1), 0, 0, 0]
Complexity: 8, fitness: -209.31590270996094, equation: [0, -y1 + y6, 0, -2*y1 + y6 + sin(y6), -2*y1 + y6, 0]
invalid solutions: 0 0
In generation 8
Complexity: 1, fitness: -88.63372802734375, equation: [0, 0, 0, 0, 0, y6]
Complexity: 2, fitness: -88.85356140136719, equation: [0, 0, 0, 0, 0, sin(y6)]
Complexity: 3, fitness: -94.02777099609375, equation: [0, 0, 0, 0, y15*y3, 0]
Complexity: 5, fitness: -97.1499252319336, equation: [0, 0, 0, 0, y3*(y15 + y5), 0]
Complexity: 6, fitness: -123.15660858154297, equation: [0, y10*y11, 0, y10*y11 + sin(y6), 0, sin(y6)]
Complexity: 8, fitness: -209.31590270996094, equation: [0, -y1 + y6, 0, -2*y1 + y6 + sin(y6), -2*y1 + y6, 0]
invalid solutions: 0 0
In generation 9
Complexity: 1, fitness: -88.63372802734375, equation: [0, 0, 0, 0, 0, y6]
Complexity: 2, fitness: -88.85356140136719, equation: [0, 0, 0, 0, 0, sin(y6)]
Complexity: 3, fitness: -94.02777099609375, equation: [0, 0, 0, 0, y15*y3, 0]
Complexity: 5, fitness: -97.1499252319336, equation: [0, 0, 0, 0, y3*(y15 + y5), 0]
Complexity: 6, fitness: -123.15660858154297, equation: [0, y10*y11, 0, y10*y11 + sin(y6), 0, sin(y6)]
Complexity: 8, fitness: -209.31590270996094, equation: [0, -y1 + y6, 0, -2*y1 + y6 + sin(y6), -2*y1 + y6, 0]
Complexity: 9, fitness: -222.17044067382812, equation: [y1*y2, 0.274*y1*y15*y2*y3, 0, 0, y15*y3, 0]
Complexity: 10, fitness: -243.9910888671875, equation: [0, -y1 + y6*y8, 0, -2*y1 + y6*y8 + sin(y6), -2*y1 + y6*y8, 0]
invalid solutions: 0 0
In generation 10
Complexity: 1, fitness: -88.63372802734375, equation: [0, 0, 0, 0, 0, y6]
Complexity: 2, fitness: -88.85356140136719, equation: [0, 0, 0, 0, 0, sin(y6)]
Complexity: 3, fitness: -94.02777099609375, equation: [0, 0, 0, 0, y15*y3, 0]
Complexity: 5, fitness: -97.1499252319336, equation: [0, 0, 0, 0, y3*(y15 + y5), 0]
Complexity: 6, fitness: -123.15660858154297, equation: [0, y10*y11, 0, y10*y11 + sin(y6), 0, sin(y6)]
Complexity: 7, fitness: -143.66322326660156, equation: [0, -y1 + y6, 0, -y1 + y6, -2*y1 + y6, 0]
Complexity: 8, fitness: -209.31590270996094, equation: [0, -y1 + y6, 0, -2*y1 + y6 + sin(y6), -2*y1 + y6, 0]
Complexity: 9, fitness: -234.2083740234375, equation: [y1*y2, 0.274*y1*y15*y2*y3, 0, 0, y15*y3, 0]
Complexity: 10, fitness: -243.9910888671875, equation: [0, -y1 + y6*y8, 0, -2*y1 + y6*y8 + sin(y6), -2*y1 + y6*y8, 0]
Complexity: 16, fitness: -297.80242919921875, equation: [0, -0.337*y1 - y3 + 0.337*y6*y8 + y6, 0, -1.34*y1 - y3 + 0.337*y6*y8 + y6 + sin(y6), -2.34*y1 - y3 + 1.34*y6*y8 + y6, 0.337*y1 + 0.663*y6*y8]
invalid solutions: 0 0
In generation 11
Complexity: 1, fitness: -88.63372802734375, equation: [0, 0, 0, 0, 0, y6]
Complexity: 2, fitness: -88.85356140136719, equation: [0, 0, 0, 0, 0, sin(y6)]
Complexity: 3, fitness: -94.02777099609375, equation: [0, 0, 0, 0, y15*y3, 0]
Complexity: 5, fitness: -97.1499252319336, equation: [0, 0, 0, 0, y3*(y15 + y5), 0]
Complexity: 6, fitness: -123.15660858154297, equation: [0, y10*y11, 0, y10*y11 + sin(y6), 0, sin(y6)]
Complexity: 7, fitness: -143.66322326660156, equation: [0, -y1 + y6, 0, -y1 + y6, -2*y1 + y6, 0]
Complexity: 8, fitness: -209.31590270996094, equation: [0, -y1 + y6, 0, -2*y1 + y6 + sin(y6), -2*y1 + y6, 0]
Complexity: 9, fitness: -234.2083740234375, equation: [y1*y2, 0.274*y1*y15*y2*y3, 0, 0, y15*y3, 0]
Complexity: 10, fitness: -243.9910888671875, equation: [0, -y1 + y6*y8, 0, -2*y1 + y6*y8 + sin(y6), -2*y1 + y6*y8, 0]
Complexity: 14, fitness: -250.739501953125, equation: [0, -y1 + y6*(y8 + y9), 0, -y1 - y6*y8 + y6*(y8 + y9) + sin(y6), -y1 - y6*y8 + y6*(y8 + y9), 0]
Complexity: 15, fitness: -276.2549743652344, equation: [0, -y1 + y3*y6, 0, 0.337*y1*sin(y2) - y1 + y3*y6 + sin(y6), 1.34*y1*sin(y2) - y1 + y3*y6, -0.337*y1*sin(y2)]
Complexity: 16, fitness: -297.80242919921875, equation: [0, -0.337*y1 - y3 + 0.337*y6*y8 + y6, 0, -1.34*y1 - y3 + 0.337*y6*y8 + y6 + sin(y6), -2.34*y1 - y3 + 1.34*y6*y8 + y6, 0.337*y1 + 0.663*y6*y8]
invalid solutions: 0 0
In generation 12
Complexity: 1, fitness: -88.63372802734375, equation: [0, 0, 0, 0, 0, y6]
Complexity: 2, fitness: -88.85356140136719, equation: [0, 0, 0, 0, 0, sin(y6)]
Complexity: 3, fitness: -94.02777099609375, equation: [0, 0, 0, 0, y15*y3, 0]
Complexity: 5, fitness: -97.1499252319336, equation: [0, 0, 0, 0, y3*(y15 + y5), 0]
Complexity: 6, fitness: -136.66319274902344, equation: [0, 0, 0, y1*sin(y2) + y6, y1*sin(y2), 0]
Complexity: 7, fitness: -143.66322326660156, equation: [0, -y1 + y6, 0, -y1 + y6, -2*y1 + y6, 0]
Complexity: 8, fitness: -209.31590270996094, equation: [0, -y1 + y6, 0, -2*y1 + y6 + sin(y6), -2*y1 + y6, 0]
Complexity: 9, fitness: -234.2083740234375, equation: [y1*y2, 0.274*y1*y15*y2*y3, 0, 0, y15*y3, 0]
Complexity: 10, fitness: -263.857666015625, equation: [0, y1*y5 - y1, 0, y1*y5 - 2*y1 + sin(y6), 2*y1*y5 - 2*y1, 0]
Complexity: 15, fitness: -280.1846008300781, equation: [0, -y1 + y3*y6, 0, 0.337*y1*sin(y2) - y1 + y3*y6 + sin(y6), 1.34*y1*sin(y2) - y1 + y3*y6, -0.337*y1*sin(y2)]
Complexity: 16, fitness: -297.80242919921875, equation: [0, -0.337*y1 - y3 + 0.337*y6*y8 + y6, 0, -1.34*y1 - y3 + 0.337*y6*y8 + y6 + sin(y6), -2.34*y1 - y3 + 1.34*y6*y8 + y6, 0.337*y1 + 0.663*y6*y8]
invalid solutions: 0 0
In generation 13
Complexity: 1, fitness: -88.63372802734375, equation: [0, 0, 0, 0, 0, y6]
Complexity: 2, fitness: -88.85356140136719, equation: [0, 0, 0, 0, 0, sin(y6)]
Complexity: 3, fitness: -94.02777099609375, equation: [0, 0, 0, 0, y15*y3, 0]
Complexity: 5, fitness: -97.1499252319336, equation: [0, 0, 0, 0, y3*(y15 + y5), 0]
Complexity: 6, fitness: -136.66319274902344, equation: [0, 0, 0, y1*sin(y2) + y6, y1*sin(y2), 0]
Complexity: 7, fitness: -209.80853271484375, equation: [y1*y2, y1*y15*y2*y3, 0, 0, y15*y3, 0]
Complexity: 9, fitness: -234.2083740234375, equation: [y1*y2, 0.274*y1*y15*y2*y3, 0, 0, y15*y3, 0]
Complexity: 10, fitness: -263.857666015625, equation: [0, y1*y5 - y1, 0, y1*y5 - 2*y1 + sin(y6), 2*y1*y5 - 2*y1, 0]
Complexity: 15, fitness: -280.1846008300781, equation: [0, -y1 + y3*y6, 0, 0.337*y1*sin(y2) - y1 + y3*y6 + sin(y6), 1.34*y1*sin(y2) - y1 + y3*y6, -0.337*y1*sin(y2)]
Complexity: 16, fitness: -297.80242919921875, equation: [0, -0.337*y1 - y3 + 0.337*y6*y8 + y6, 0, -1.34*y1 - y3 + 0.337*y6*y8 + y6 + sin(y6), -2.34*y1 - y3 + 1.34*y6*y8 + y6, 0.337*y1 + 0.663*y6*y8]
invalid solutions: 0 0
In generation 14
Complexity: 1, fitness: -88.63372802734375, equation: [0, 0, 0, 0, 0, y6]
Complexity: 2, fitness: -88.85356140136719, equation: [0, 0, 0, 0, 0, sin(y6)]
Complexity: 3, fitness: -94.02777099609375, equation: [0, 0, 0, 0, y15*y3, 0]
Complexity: 5, fitness: -97.1499252319336, equation: [0, 0, 0, 0, y3*(y15 + y5), 0]
Complexity: 6, fitness: -136.66319274902344, equation: [0, 0, 0, y1*sin(y2) + y6, y1*sin(y2), 0]
Complexity: 7, fitness: -209.80853271484375, equation: [y1*y2, y1*y15*y2*y3, 0, 0, y15*y3, 0]
Complexity: 9, fitness: -271.7275390625, equation: [0, -y1 + y6**2, 0, -2*y1 + y3 + y6**2, -2*y1 + y6**2, 0]
Complexity: 15, fitness: -280.1846008300781, equation: [0, -y1 + y3*y6, 0, 0.337*y1*sin(y2) - y1 + y3*y6 + sin(y6), 1.34*y1*sin(y2) - y1 + y3*y6, -0.337*y1*sin(y2)]
Complexity: 16, fitness: -297.80242919921875, equation: [0, -0.337*y1 - y3 + 0.337*y6*y8 + y6, 0, -1.34*y1 - y3 + 0.337*y6*y8 + y6 + sin(y6), -2.34*y1 - y3 + 1.34*y6*y8 + y6, 0.337*y1 + 0.663*y6*y8]
Complexity: 23, fitness: -317.6898193359375, equation: [0, -y1 + (y9 + sin(y6))*(0.337*y5*y8 + 0.114*y6), 0, -y1 - y6*y8 + (y9 + sin(y6))*(0.337*y5*y8 + 0.114*y6) + sin(y6), -y1 - y6*y8 - 0.337*y6 + (y9 + sin(y6))*(0.337*y5*y8 + 0.114*y6), 0.337*y5*y8 - 0.223*y6]
Complexity: 28, fitness: -360.473388671875, equation: [0, y11*(0.337*y1 + y3*sin(y6) + y3 + 0.114*y8), 0, y11*(0.337*y1 + y3*sin(y6) + y3 + 0.114*y8) + y3*sin(y6) + 0.663*y3 + 0.114*y5 - 0.114*y6, -y1 + y5 - y6 - 0.337*y8, 0.337*y1 - 0.337*y3 - 0.223*y5 + 0.223*y6 - 0.223*y8]
invalid solutions: 0 0
In generation 15
Complexity: 1, fitness: -88.63372802734375, equation: [0, 0, 0, 0, 0, y6]
Complexity: 2, fitness: -88.85356140136719, equation: [0, 0, 0, 0, 0, sin(y6)]
Complexity: 3, fitness: -94.02777099609375, equation: [0, 0, 0, 0, y15*y3, 0]
Complexity: 5, fitness: -97.1499252319336, equation: [0, 0, 0, 0, y3*(y15 + y5), 0]
Complexity: 6, fitness: -136.66319274902344, equation: [0, 0, 0, y1*sin(y2) + y6, y1*sin(y2), 0]
Complexity: 7, fitness: -209.80853271484375, equation: [y1*y2, y1*y15*y2*y3, 0, 0, y15*y3, 0]
Complexity: 9, fitness: -271.7275390625, equation: [0, -y1 + y6**2, 0, -2*y1 + y3 + y6**2, -2*y1 + y6**2, 0]
Complexity: 15, fitness: -280.1846008300781, equation: [0, -y1 + y3*y6, 0, 0.337*y1*sin(y2) - y1 + y3*y6 + sin(y6), 1.34*y1*sin(y2) - y1 + y3*y6, -0.337*y1*sin(y2)]
Complexity: 16, fitness: -297.80242919921875, equation: [0, -0.337*y1 - y3 + 0.337*y6*y8 + y6, 0, -1.34*y1 - y3 + 0.337*y6*y8 + y6 + sin(y6), -2.34*y1 - y3 + 1.34*y6*y8 + y6, 0.337*y1 + 0.663*y6*y8]
Complexity: 22, fitness: -309.51300048828125, equation: [0, -y1 + 1.4*y4*y6*y8*(y1 + y7)*(-2*y1 + y6*y8 + sin(y6)) + 1.4*y4*(-2*y1 + y6*y8 + sin(y6)) + y6*y8, 0, -2*y1 + y6*y8 + sin(y6), -2*y1 + y6*y8, 0]
Complexity: 23, fitness: -317.6898193359375, equation: [0, -y1 + (y9 + sin(y6))*(0.337*y5*y8 + 0.114*y6), 0, -y1 - y6*y8 + (y9 + sin(y6))*(0.337*y5*y8 + 0.114*y6) + sin(y6), -y1 - y6*y8 - 0.337*y6 + (y9 + sin(y6))*(0.337*y5*y8 + 0.114*y6), 0.337*y5*y8 - 0.223*y6]
Complexity: 24, fitness: -364.6595153808594, equation: [0, -y1 + (y9 + sin(y6))*(0.337*y5*y8 + 0.114*y6), 0, -y1 + 0.274*y3 - y6*y8 + (y9 + sin(y6))*(0.337*y5*y8 + 0.114*y6), -y1 - y6*y8 - 0.337*y6 + (y9 + sin(y6))*(0.337*y5*y8 + 0.114*y6), 0.337*y5*y8 - 0.223*y6]
Complexity: 25, fitness: -369.6708984375, equation: [y1*y2, y1*y2 - y1 + 0.274*y3*y6*(y1 + y4*(-2*y1 + y3 + y6*y8))*(y1*y2 - y1) + y4*(-2*y1 + y3 + y6*y8) + y6*y8, y6*(y1*y2 - y1), -2*y1 + y3 + y6*y8, -2*y1 + y6*y8, 0]
Complexity: 27, fitness: -417.3955078125, equation: [0, y11*(0.337*y1 + y3 - 0.337*y6*y8 + y6), 0, y11*(0.337*y1 + y3 - 0.337*y6*y8 + y6) + y3 + (y3 + y8)*(y3 - 0.337*y5 + 0.337*y6), -y1 + y5 + y6*y8 - y6, 0.337*y1 - 0.337*y5 + 0.663*y6*y8 + 0.337*y6 + (y3 + y8)*(y3 - 0.337*y5 + 0.337*y6)]
invalid solutions: 0 0
In generation 16
Complexity: 1, fitness: -88.63372802734375, equation: [0, 0, 0, 0, 0, y6]
Complexity: 2, fitness: -88.85356140136719, equation: [0, 0, 0, 0, 0, sin(y6)]
Complexity: 3, fitness: -94.02777099609375, equation: [0, 0, 0, 0, y15*y3, 0]
Complexity: 5, fitness: -97.1499252319336, equation: [0, 0, 0, 0, y3*(y15 + y5), 0]
Complexity: 6, fitness: -136.66319274902344, equation: [0, 0, 0, y1*sin(y2) + y6, y1*sin(y2), 0]
Complexity: 7, fitness: -209.80853271484375, equation: [y1*y2, y1*y15*y2*y3, 0, 0, y15*y3, 0]
Complexity: 9, fitness: -271.7275390625, equation: [0, -y1 + y6**2, 0, -2*y1 + y3 + y6**2, -2*y1 + y6**2, 0]
Complexity: 15, fitness: -280.1846008300781, equation: [0, -y1 + y3*y6, 0, 0.337*y1*sin(y2) - y1 + y3*y6 + sin(y6), 1.34*y1*sin(y2) - y1 + y3*y6, -0.337*y1*sin(y2)]
Complexity: 16, fitness: -297.80242919921875, equation: [0, -0.337*y1 - y3 + 0.337*y6*y8 + y6, 0, -1.34*y1 - y3 + 0.337*y6*y8 + y6 + sin(y6), -2.34*y1 - y3 + 1.34*y6*y8 + y6, 0.337*y1 + 0.663*y6*y8]
Complexity: 22, fitness: -360.3294372558594, equation: [y1*y2, y1*y2 - y1 + 1.4*y4*y6*y8*(y1 + y7)*(y1*y2 - 2*y1 + sin(y6)) + 1.4*y4*(y1*y2 - 2*y1 + sin(y6)), 0, y1*y2 - 2*y1 + sin(y6), y1*y2 - 2*y1, 0]
Complexity: 24, fitness: -364.6595153808594, equation: [0, -y1 + (y9 + sin(y6))*(0.337*y5*y8 + 0.114*y6), 0, -y1 + 0.274*y3 - y6*y8 + (y9 + sin(y6))*(0.337*y5*y8 + 0.114*y6), -y1 - y6*y8 - 0.337*y6 + (y9 + sin(y6))*(0.337*y5*y8 + 0.114*y6), 0.337*y5*y8 - 0.223*y6]
Complexity: 25, fitness: -405.6883239746094, equation: [y1*y2, y1*y2 - y1 + 0.274*y3*y6*(y1 + y4*(-2*y1 + y3 + y6*y8))*(y1*y2 - y1) + y4*(-2*y1 + y3 + y6*y8) + y6*y8, y6*(y1*y2 - y1), -2*y1 + y3 + y6*y8, -2*y1 + y6*y8, 0]
Complexity: 26, fitness: -485.8919982910156, equation: [0, y11*(0.337*y1 + y3 - 0.337*y6*y8 + y6), 0, y11*(0.337*y1 + y3 - 0.337*y6*y8 + y6) + y3 + (y3 - 0.337*y5 + 0.337*y6)*sin(y1), -y1 + y5 + y6*y8 - y6, 0.337*y1 - 0.337*y5 + 0.663*y6*y8 + 0.337*y6 + (y3 - 0.337*y5 + 0.337*y6)*sin(y1)]
invalid solutions: 0 0
In generation 17
Complexity: 1, fitness: -88.63372802734375, equation: [0, 0, 0, 0, 0, y6]
Complexity: 2, fitness: -88.85356140136719, equation: [0, 0, 0, 0, 0, sin(y6)]
Complexity: 3, fitness: -94.02777099609375, equation: [0, 0, 0, 0, y15*y3, 0]
Complexity: 5, fitness: -97.1499252319336, equation: [0, 0, 0, 0, y3*(y15 + y5), 0]
Complexity: 6, fitness: -136.66319274902344, equation: [0, 0, 0, y1*sin(y2) + y6, y1*sin(y2), 0]
Complexity: 7, fitness: -209.80853271484375, equation: [y1*y2, y1*y15*y2*y3, 0, 0, y15*y3, 0]
Complexity: 9, fitness: -271.7275390625, equation: [0, -y1 + y6**2, 0, -2*y1 + y3 + y6**2, -2*y1 + y6**2, 0]
Complexity: 15, fitness: -280.1846008300781, equation: [0, -y1 + y3*y6, 0, 0.337*y1*sin(y2) - y1 + y3*y6 + sin(y6), 1.34*y1*sin(y2) - y1 + y3*y6, -0.337*y1*sin(y2)]
Complexity: 16, fitness: -297.80242919921875, equation: [0, -0.337*y1 - y3 + 0.337*y6*y8 + y6, 0, -1.34*y1 - y3 + 0.337*y6*y8 + y6 + sin(y6), -2.34*y1 - y3 + 1.34*y6*y8 + y6, 0.337*y1 + 0.663*y6*y8]
Complexity: 20, fitness: -304.8401184082031, equation: [y1*y2, 0.953*y1*y2*(y12*sin(y6) + y2 + y6*(y6 + y8) + y8) + y12*sin(y6), 0, 0, y6*(y6 + y8), sin(y6)]
Complexity: 21, fitness: -309.50439453125, equation: [0, -y1 + y2*(0.337*y5*y8 + 0.114*y6), 0, -y1 + y2*(0.337*y5*y8 + 0.114*y6) + 0.274*y3 - y6*y8, -y1 + y2*(0.337*y5*y8 + 0.114*y6) - y6*y8 - 0.337*y6, 0.337*y5*y8 - 0.223*y6]
Complexity: 22, fitness: -360.3294372558594, equation: [y1*y2, y1*y2 - y1 + 1.4*y4*y6*y8*(y1 + y7)*(y1*y2 - 2*y1 + sin(y6)) + 1.4*y4*(y1*y2 - 2*y1 + sin(y6)), 0, y1*y2 - 2*y1 + sin(y6), y1*y2 - 2*y1, 0]
Complexity: 23, fitness: -439.12469482421875, equation: [y1*y2, y0*y6*(y1 + y4*(-2*y1 + y3 + y6*y8))*(y1*y2 - y1) + y1*y2 - y1 + y4*(-2*y1 + y3 + y6*y8) + y6*y8, y6*(y1*y2 - y1), -2*y1 + y3 + y6*y8, -2*y1 + y6*y8, 0]
Complexity: 25, fitness: -488.1002197265625, equation: [0, y11*(0.337*y1 + 2*y3 - 0.337*y5 + 0.337*y6 + 0.114*y8), 0, -0.337*y1 + y11*(0.337*y1 + 2*y3 - 0.337*y5 + 0.337*y6 + 0.114*y8) + y3, -y1 + y5 - y6 - 0.337*y8, -0.337*y5 + 0.337*y6 - 0.223*y8]
invalid solutions: 0 0
In generation 18
Complexity: 1, fitness: -88.63372802734375, equation: [0, 0, 0, 0, 0, y6]
Complexity: 2, fitness: -88.85356140136719, equation: [0, 0, 0, 0, 0, sin(y6)]
Complexity: 3, fitness: -94.02777099609375, equation: [0, 0, 0, 0, y15*y3, 0]
Complexity: 5, fitness: -97.1499252319336, equation: [0, 0, 0, 0, y3*(y15 + y5), 0]
Complexity: 6, fitness: -136.66319274902344, equation: [0, 0, 0, y1*sin(y2) + y6, y1*sin(y2), 0]
Complexity: 7, fitness: -209.80853271484375, equation: [y1*y2, y1*y15*y2*y3, 0, 0, y15*y3, 0]
Complexity: 9, fitness: -271.7275390625, equation: [0, -y1 + y6**2, 0, -2*y1 + y3 + y6**2, -2*y1 + y6**2, 0]
Complexity: 15, fitness: -280.1846008300781, equation: [0, -y1 + y3*y6, 0, 0.337*y1*sin(y2) - y1 + y3*y6 + sin(y6), 1.34*y1*sin(y2) - y1 + y3*y6, -0.337*y1*sin(y2)]
Complexity: 16, fitness: -297.80242919921875, equation: [0, -0.337*y1 - y3 + 0.337*y6*y8 + y6, 0, -1.34*y1 - y3 + 0.337*y6*y8 + y6 + sin(y6), -2.34*y1 - y3 + 1.34*y6*y8 + y6, 0.337*y1 + 0.663*y6*y8]
Complexity: 18, fitness: -303.04150390625, equation: [y1*y2, 0.953*y1*y2*(y12*sin(y6) + y6*(y6 + y8) + y7) + y12*sin(y6), 0, 0, y6*(y6 + y8), sin(y6)]
Complexity: 20, fitness: -304.8401184082031, equation: [y1*y2, 0.953*y1*y2*(y12*sin(y6) + y2 + y6*(y6 + y8) + y8) + y12*sin(y6), 0, 0, y6*(y6 + y8), sin(y6)]
Complexity: 21, fitness: -309.50439453125, equation: [0, -y1 + y2*(0.337*y5*y8 + 0.114*y6), 0, -y1 + y2*(0.337*y5*y8 + 0.114*y6) + 0.274*y3 - y6*y8, -y1 + y2*(0.337*y5*y8 + 0.114*y6) - y6*y8 - 0.337*y6, 0.337*y5*y8 - 0.223*y6]
Complexity: 22, fitness: -360.3294372558594, equation: [y1*y2, y1*y2 - y1 + 1.4*y4*y6*y8*(y1 + y7)*(y1*y2 - 2*y1 + sin(y6)) + 1.4*y4*(y1*y2 - 2*y1 + sin(y6)), 0, y1*y2 - 2*y1 + sin(y6), y1*y2 - 2*y1, 0]
Complexity: 23, fitness: -444.4364013671875, equation: [0, y11*(y0*y3 + y3 + 0.337*y6 + 0.114*y8), 0, y0*y3 + y11*(y0*y3 + y3 + 0.337*y6 + 0.114*y8) + 0.663*y3 - 0.337*y5, -y6 - 0.337*y8, -0.337*y3 - 0.337*y5 + 0.337*y6 - 0.223*y8]
Complexity: 25, fitness: -503.66650390625, equation: [0, y11*(2*y3 - 0.337*y5 + 0.337*y6 + y8*(-y1 - 0.337*y8)), 0, -0.337*y1 + y11*(2*y3 - 0.337*y5 + 0.337*y6 + y8*(-y1 - 0.337*y8)) + y3, -y1 + y5 - y6 - 0.337*y8, -0.337*y1 - 0.337*y5 + 0.337*y6 + y8*(-y1 - 0.337*y8) - 0.337*y8]
invalid solutions: 0 0
In generation 19
Complexity: 1, fitness: -88.63372802734375, equation: [0, 0, 0, 0, 0, y6]
Complexity: 2, fitness: -88.85356140136719, equation: [0, 0, 0, 0, 0, sin(y6)]
Complexity: 3, fitness: -94.02777099609375, equation: [0, 0, 0, 0, y15*y3, 0]
Complexity: 5, fitness: -97.1499252319336, equation: [0, 0, 0, 0, y3*(y15 + y5), 0]
Complexity: 6, fitness: -136.66319274902344, equation: [0, 0, 0, y1*sin(y2) + y6, y1*sin(y2), 0]
Complexity: 7, fitness: -209.80853271484375, equation: [y1*y2, y1*y15*y2*y3, 0, 0, y15*y3, 0]
Complexity: 9, fitness: -271.7275390625, equation: [0, -y1 + y6**2, 0, -2*y1 + y3 + y6**2, -2*y1 + y6**2, 0]
Complexity: 15, fitness: -280.1846008300781, equation: [0, -y1 + y3*y6, 0, 0.337*y1*sin(y2) - y1 + y3*y6 + sin(y6), 1.34*y1*sin(y2) - y1 + y3*y6, -0.337*y1*sin(y2)]
Complexity: 16, fitness: -297.80242919921875, equation: [0, -0.337*y1 - y3 + 0.337*y6*y8 + y6, 0, -1.34*y1 - y3 + 0.337*y6*y8 + y6 + sin(y6), -2.34*y1 - y3 + 1.34*y6*y8 + y6, 0.337*y1 + 0.663*y6*y8]
Complexity: 18, fitness: -303.04150390625, equation: [y1*y2, 0.953*y1*y2*(y12*sin(y6) + y6*(y6 + y8) + y7) + y12*sin(y6), 0, 0, y6*(y6 + y8), sin(y6)]
Complexity: 20, fitness: -318.93914794921875, equation: [y1*y2, 0.953*y1*y2*(y12*sin(y6) + y2 + y6*(y6 + y8) + y6) + y12*sin(y6), 0, 0, y6*(y6 + y8), sin(y6)]
Complexity: 22, fitness: -367.80279541015625, equation: [y1*y2, 0.953*y1*y2*(y12*sin(y6) + y2 - y6*(y6 + y8) + y7 + y8) + y12*sin(y6), 0, 0, y6*(y6 + y8), sin(y6)]
Complexity: 23, fitness: -444.4364013671875, equation: [0, y11*(y0*y3 + y3 + 0.337*y6 + 0.114*y8), 0, y0*y3 + y11*(y0*y3 + y3 + 0.337*y6 + 0.114*y8) + 0.663*y3 - 0.337*y5, -y6 - 0.337*y8, -0.337*y3 - 0.337*y5 + 0.337*y6 - 0.223*y8]
Complexity: 25, fitness: -609.6104125976562, equation: [0, y11*(y3*(-y1 - 0.337*y8) + 2*y3 - 0.337*y5 + 0.337*y6), 0, -0.337*y1 + y11*(y3*(-y1 - 0.337*y8) + 2*y3 - 0.337*y5 + 0.337*y6) + y3, -y1 + y5 - y6 - 0.337*y8, -0.337*y1 + y3*(-y1 - 0.337*y8) - 0.337*y5 + 0.337*y6 - 0.337*y8]
Complexity: 31, fitness: -680.9127197265625, equation: [0, -0.0382*y1 - 0.674*y3 + 0.114*y5 - 0.114*y6 - 0.0511*y8, 0, -0.375*y1 + 0.326*y3 + 0.114*y5 - 0.114*y6 - 0.0511*y8, -1.34*y1 + y5 - y6 - 0.787*y8, 0.114*y1 - 0.337*y5 + 0.337*y6 - 0.409*y8]
invalid solutions: 0 0
In generation 20
Complexity: 1, fitness: -88.63372802734375, equation: [0, 0, 0, 0, 0, y6]
Complexity: 2, fitness: -88.85356140136719, equation: [0, 0, 0, 0, 0, sin(y6)]
Complexity: 3, fitness: -94.02777099609375, equation: [0, 0, 0, 0, y15*y3, 0]
Complexity: 5, fitness: -97.1499252319336, equation: [0, 0, 0, 0, y3*(y15 + y5), 0]
Complexity: 6, fitness: -136.66319274902344, equation: [0, 0, 0, y1*sin(y2) + y6, y1*sin(y2), 0]
Complexity: 7, fitness: -209.80853271484375, equation: [y1*y2, y1*y15*y2*y3, 0, 0, y15*y3, 0]
Complexity: 9, fitness: -271.7275390625, equation: [0, -y1 + y6**2, 0, -2*y1 + y3 + y6**2, -2*y1 + y6**2, 0]
Complexity: 15, fitness: -280.1846008300781, equation: [0, -y1 + y3*y6, 0, 0.337*y1*sin(y2) - y1 + y3*y6 + sin(y6), 1.34*y1*sin(y2) - y1 + y3*y6, -0.337*y1*sin(y2)]
Complexity: 16, fitness: -322.2076416015625, equation: [0, -y1 + y3*y6, 0, -y1*y16*y3*y8 - y1 + y3*y6 + sin(y6), -y1*y16*y3*y8 + y1*y3 - y1 + y3*y6, y1*y16*y3*y8]
Complexity: 20, fitness: -343.7127380371094, equation: [y1*y2, 0.953*y1*y2*y6*(y6 + y8)*(y12*sin(y6) + y2 + y4) + y12*sin(y6), 0, 0, y6*(y6 + y8), sin(y6)]
Complexity: 22, fitness: -367.80279541015625, equation: [y1*y2, 0.953*y1*y2*(y12*sin(y6) + y2 - y6*(y6 + y8) + y7 + y8) + y12*sin(y6), 0, 0, y6*(y6 + y8), sin(y6)]
Complexity: 23, fitness: -444.4364013671875, equation: [0, y11*(y0*y3 + y3 + 0.337*y6 + 0.114*y8), 0, y0*y3 + y11*(y0*y3 + y3 + 0.337*y6 + 0.114*y8) + 0.663*y3 - 0.337*y5, -y6 - 0.337*y8, -0.337*y3 - 0.337*y5 + 0.337*y6 - 0.223*y8]
Complexity: 25, fitness: -613.7838134765625, equation: [0, y11*(0.337*y1 + y3 + 0.114*y5 - 0.114*y6 + 0.114*y8), 0, -0.337*y1 + y11*(0.337*y1 + y3 + 0.114*y5 - 0.114*y6 + 0.114*y8) + y3 + 0.114*y5 - 0.114*y6, -y1 + y5 - y6 - 0.337*y8, -0.337*y5 + 0.337*y6 - 0.223*y8]
Complexity: 31, fitness: -680.9127197265625, equation: [0, -0.0382*y1 - 0.674*y3 + 0.114*y5 - 0.114*y6 - 0.0511*y8, 0, -0.375*y1 + 0.326*y3 + 0.114*y5 - 0.114*y6 - 0.0511*y8, -1.34*y1 + y5 - y6 - 0.787*y8, 0.114*y1 - 0.337*y5 + 0.337*y6 - 0.409*y8]
invalid solutions: 0 0
In generation 21
Complexity: 1, fitness: -88.63372802734375, equation: [0, 0, 0, 0, 0, y6]
Complexity: 2, fitness: -88.85356140136719, equation: [0, 0, 0, 0, 0, sin(y6)]
Complexity: 3, fitness: -94.02777099609375, equation: [0, 0, 0, 0, y15*y3, 0]
Complexity: 5, fitness: -97.1499252319336, equation: [0, 0, 0, 0, y3*(y15 + y5), 0]
Complexity: 6, fitness: -136.66319274902344, equation: [0, 0, 0, y1*sin(y2) + y6, y1*sin(y2), 0]
Complexity: 7, fitness: -209.80853271484375, equation: [y1*y2, y1*y15*y2*y3, 0, 0, y15*y3, 0]
Complexity: 9, fitness: -271.7275390625, equation: [0, -y1 + y6**2, 0, -2*y1 + y3 + y6**2, -2*y1 + y6**2, 0]
Complexity: 15, fitness: -280.1846008300781, equation: [0, -y1 + y3*y6, 0, 0.337*y1*sin(y2) - y1 + y3*y6 + sin(y6), 1.34*y1*sin(y2) - y1 + y3*y6, -0.337*y1*sin(y2)]
Complexity: 16, fitness: -322.2076416015625, equation: [0, -y1 + y3*y6, 0, -y1*y16*y3*y8 - y1 + y3*y6 + sin(y6), -y1*y16*y3*y8 + y1*y3 - y1 + y3*y6, y1*y16*y3*y8]
Complexity: 20, fitness: -343.7127380371094, equation: [y1*y2, 0.953*y1*y2*y6*(y6 + y8)*(y12*sin(y6) + y2 + y4) + y12*sin(y6), 0, 0, y6*(y6 + y8), sin(y6)]
Complexity: 22, fitness: -367.80279541015625, equation: [y1*y2, 0.953*y1*y2*(y12*sin(y6) + y2 - y6*(y6 + y8) + y7 + y8) + y12*sin(y6), 0, 0, y6*(y6 + y8), sin(y6)]
Complexity: 23, fitness: -444.4364013671875, equation: [0, y11*(y0*y3 + y3 + 0.337*y6 + 0.114*y8), 0, y0*y3 + y11*(y0*y3 + y3 + 0.337*y6 + 0.114*y8) + 0.663*y3 - 0.337*y5, -y6 - 0.337*y8, -0.337*y3 - 0.337*y5 + 0.337*y6 - 0.223*y8]
Complexity: 25, fitness: -613.7838134765625, equation: [0, y11*(0.337*y1 + y3 + 0.114*y5 - 0.114*y6 + 0.114*y8), 0, -0.337*y1 + y11*(0.337*y1 + y3 + 0.114*y5 - 0.114*y6 + 0.114*y8) + y3 + 0.114*y5 - 0.114*y6, -y1 + y5 - y6 - 0.337*y8, -0.337*y5 + 0.337*y6 - 0.223*y8]
Complexity: 31, fitness: -680.9127197265625, equation: [0, -0.0382*y1 - 0.674*y3 + 0.114*y5 - 0.114*y6 - 0.0511*y8, 0, -0.375*y1 + 0.326*y3 + 0.114*y5 - 0.114*y6 - 0.0511*y8, -1.34*y1 + y5 - y6 - 0.787*y8, 0.114*y1 - 0.337*y5 + 0.337*y6 - 0.409*y8]
invalid solutions: 0 0
In generation 22
Complexity: 1, fitness: -88.63372802734375, equation: [0, 0, 0, 0, 0, y6]
Complexity: 2, fitness: -88.85356140136719, equation: [0, 0, 0, 0, 0, sin(y6)]
Complexity: 3, fitness: -94.02777099609375, equation: [0, 0, 0, 0, y15*y3, 0]
Complexity: 5, fitness: -97.1499252319336, equation: [0, 0, 0, 0, y3*(y15 + y5), 0]
Complexity: 6, fitness: -136.66319274902344, equation: [0, 0, 0, y1*sin(y2) + y6, y1*sin(y2), 0]
Complexity: 7, fitness: -209.80853271484375, equation: [y1*y2, y1*y15*y2*y3, 0, 0, y15*y3, 0]
Complexity: 9, fitness: -271.7275390625, equation: [0, -y1 + y6**2, 0, -2*y1 + y3 + y6**2, -2*y1 + y6**2, 0]
Complexity: 15, fitness: -280.1846008300781, equation: [0, -y1 + y3*y6, 0, 0.337*y1*sin(y2) - y1 + y3*y6 + sin(y6), 1.34*y1*sin(y2) - y1 + y3*y6, -0.337*y1*sin(y2)]
Complexity: 16, fitness: -322.2076416015625, equation: [0, -y1 + y3*y6, 0, -y1*y16*y3*y8 - y1 + y3*y6 + sin(y6), -y1*y16*y3*y8 + y1*y3 - y1 + y3*y6, y1*y16*y3*y8]
Complexity: 20, fitness: -349.1482238769531, equation: [y1*y2, 0.953*y1*y2*(y1 + y12*sin(y6) + y6*(y6 + y8) + y6) + y12*sin(y6), 0, 0, y6*(y6 + y8), sin(y6)]
Complexity: 22, fitness: -367.80279541015625, equation: [y1*y2, 0.953*y1*y2*(y12*sin(y6) + y2 - y6*(y6 + y8) + y7 + y8) + y12*sin(y6), 0, 0, y6*(y6 + y8), sin(y6)]
Complexity: 23, fitness: -444.4364013671875, equation: [0, y11*(y0*y3 + y3 + 0.337*y6 + 0.114*y8), 0, y0*y3 + y11*(y0*y3 + y3 + 0.337*y6 + 0.114*y8) + 0.663*y3 - 0.337*y5, -y6 - 0.337*y8, -0.337*y3 - 0.337*y5 + 0.337*y6 - 0.223*y8]
Complexity: 25, fitness: -613.7838134765625, equation: [0, y11*(0.337*y1 + y3 + 0.114*y5 - 0.114*y6 + 0.114*y8), 0, -0.337*y1 + y11*(0.337*y1 + y3 + 0.114*y5 - 0.114*y6 + 0.114*y8) + y3 + 0.114*y5 - 0.114*y6, -y1 + y5 - y6 - 0.337*y8, -0.337*y5 + 0.337*y6 - 0.223*y8]
Complexity: 29, fitness: -632.8150024414062, equation: [0, y10*(1.66*y3 - 0.337*y5 + 0.337*y6 + y8*(-y1 + y5*y8)), 0, -0.337*y1 + y10*(1.66*y3 - 0.337*y5 + 0.337*y6 + y8*(-y1 + y5*y8)) + y3, -y1 + y5*y8 + y5 - y6, -0.337*y1 - 0.337*y3 + y5*y8 - 0.337*y5 + 0.337*y6 + y8*(-y1 + y5*y8)]
Complexity: 31, fitness: -680.9127197265625, equation: [0, -0.0382*y1 - 0.674*y3 + 0.114*y5 - 0.114*y6 - 0.0511*y8, 0, -0.375*y1 + 0.326*y3 + 0.114*y5 - 0.114*y6 - 0.0511*y8, -1.34*y1 + y5 - y6 - 0.787*y8, 0.114*y1 - 0.337*y5 + 0.337*y6 - 0.409*y8]
invalid solutions: 0 0
In generation 23
Complexity: 1, fitness: -88.63372802734375, equation: [0, 0, 0, 0, 0, y6]
Complexity: 2, fitness: -88.85356140136719, equation: [0, 0, 0, 0, 0, sin(y6)]
Complexity: 3, fitness: -94.02777099609375, equation: [0, 0, 0, 0, y15*y3, 0]
Complexity: 5, fitness: -97.1499252319336, equation: [0, 0, 0, 0, y3*(y15 + y5), 0]
Complexity: 6, fitness: -136.66319274902344, equation: [0, 0, 0, y1*sin(y2) + y6, y1*sin(y2), 0]
Complexity: 7, fitness: -209.80853271484375, equation: [y1*y2, y1*y15*y2*y3, 0, 0, y15*y3, 0]
Complexity: 9, fitness: -271.7275390625, equation: [0, -y1 + y6**2, 0, -2*y1 + y3 + y6**2, -2*y1 + y6**2, 0]
Complexity: 15, fitness: -280.1846008300781, equation: [0, -y1 + y3*y6, 0, 0.337*y1*sin(y2) - y1 + y3*y6 + sin(y6), 1.34*y1*sin(y2) - y1 + y3*y6, -0.337*y1*sin(y2)]
Complexity: 16, fitness: -322.2076416015625, equation: [0, -y1 + y3*y6, 0, -y1*y16*y3*y8 - y1 + y3*y6 + sin(y6), -y1*y16*y3*y8 + y1*y3 - y1 + y3*y6, y1*y16*y3*y8]
Complexity: 18, fitness: -358.9880676269531, equation: [y1*y2, 0.953*y1*y2*(y12*sin(y6) - y6*(y6 + y8) + 0.21) + y12*sin(y6), 0, 0, y6*(y6 + y8), sin(y6)]
Complexity: 22, fitness: -367.80279541015625, equation: [y1*y2, 0.953*y1*y2*(y12*sin(y6) + y2 - y6*(y6 + y8) + y7 + y8) + y12*sin(y6), 0, 0, y6*(y6 + y8), sin(y6)]
Complexity: 23, fitness: -444.4364013671875, equation: [0, y11*(y0*y3 + y3 + 0.337*y6 + 0.114*y8), 0, y0*y3 + y11*(y0*y3 + y3 + 0.337*y6 + 0.114*y8) + 0.663*y3 - 0.337*y5, -y6 - 0.337*y8, -0.337*y3 - 0.337*y5 + 0.337*y6 - 0.223*y8]
Complexity: 25, fitness: -613.7838134765625, equation: [0, y11*(0.337*y1 + y3 + 0.114*y5 - 0.114*y6 + 0.114*y8), 0, -0.337*y1 + y11*(0.337*y1 + y3 + 0.114*y5 - 0.114*y6 + 0.114*y8) + y3 + 0.114*y5 - 0.114*y6, -y1 + y5 - y6 - 0.337*y8, -0.337*y5 + 0.337*y6 - 0.223*y8]
Complexity: 29, fitness: -830.7210083007812, equation: [0, y10*(2*y3 - 0.337*y5 + 0.337*y6 + y8*(-y1 + y5*y8) - 0.337*y8), 0, -0.337*y1 + y10*(2*y3 - 0.337*y5 + 0.337*y6 + y8*(-y1 + y5*y8) - 0.337*y8) + y3, -y1 + y5*y8 + y5 - y6, -0.337*y1 + y5*y8 - 0.337*y5 + 0.337*y6 + y8*(-y1 + y5*y8) - 0.337*y8]
invalid solutions: 0 0
In generation 24
Complexity: 1, fitness: -88.63372802734375, equation: [0, 0, 0, 0, 0, y6]
Complexity: 2, fitness: -88.85356140136719, equation: [0, 0, 0, 0, 0, sin(y6)]
Complexity: 3, fitness: -94.02777099609375, equation: [0, 0, 0, 0, y15*y3, 0]
Complexity: 5, fitness: -97.1499252319336, equation: [0, 0, 0, 0, y3*(y15 + y5), 0]
Complexity: 6, fitness: -136.66319274902344, equation: [0, 0, 0, y1*sin(y2) + y6, y1*sin(y2), 0]
Complexity: 7, fitness: -209.80853271484375, equation: [y1*y2, y1*y15*y2*y3, 0, 0, y15*y3, 0]
Complexity: 9, fitness: -271.7275390625, equation: [0, -y1 + y6**2, 0, -2*y1 + y3 + y6**2, -2*y1 + y6**2, 0]
Complexity: 15, fitness: -280.1846008300781, equation: [0, -y1 + y3*y6, 0, 0.337*y1*sin(y2) - y1 + y3*y6 + sin(y6), 1.34*y1*sin(y2) - y1 + y3*y6, -0.337*y1*sin(y2)]
Complexity: 16, fitness: -322.2076416015625, equation: [0, -y1 + y3*y6, 0, -y1*y16*y3*y8 - y1 + y3*y6 + sin(y6), -y1*y16*y3*y8 + y1*y3 - y1 + y3*y6, y1*y16*y3*y8]
Complexity: 18, fitness: -358.9880676269531, equation: [y1*y2, 0.953*y1*y2*(y12*sin(y6) - y6*(y6 + y8) + 0.21) + y12*sin(y6), 0, 0, y6*(y6 + y8), sin(y6)]
Complexity: 21, fitness: -393.4283447265625, equation: [y1*y2, 0.953*y1*y12*y2*y6*(y15 + y8)*sin(y6)*cos(y1 + y15) + y12*sin(y6), 0, 0, y6*(y15 + y8), sin(y6)]
Complexity: 23, fitness: -444.4364013671875, equation: [0, y11*(y0*y3 + y3 + 0.337*y6 + 0.114*y8), 0, y0*y3 + y11*(y0*y3 + y3 + 0.337*y6 + 0.114*y8) + 0.663*y3 - 0.337*y5, -y6 - 0.337*y8, -0.337*y3 - 0.337*y5 + 0.337*y6 - 0.223*y8]
Complexity: 25, fitness: -613.7838134765625, equation: [0, y11*(0.337*y1 + y3 + 0.114*y5 - 0.114*y6 + 0.114*y8), 0, -0.337*y1 + y11*(0.337*y1 + y3 + 0.114*y5 - 0.114*y6 + 0.114*y8) + y3 + 0.114*y5 - 0.114*y6, -y1 + y5 - y6 - 0.337*y8, -0.337*y5 + 0.337*y6 - 0.223*y8]
Complexity: 29, fitness: -839.1256103515625, equation: [0, y10*(2*y3 - 0.337*y5 + 0.337*y6 + y8*(-y1 + y5*y8) - 0.337*y8), 0, -0.337*y1 + y10*(2*y3 - 0.337*y5 + 0.337*y6 + y8*(-y1 + y5*y8) - 0.337*y8) + y3, -y1 + y5*y8 + y5 - y6, -0.337*y1 + y5*y8 - 0.337*y5 + 0.337*y6 + y8*(-y1 + y5*y8) - 0.337*y8]
invalid solutions: 0 0
In generation 25
Complexity: 1, fitness: -88.63372802734375, equation: [0, 0, 0, 0, 0, y6]
Complexity: 2, fitness: -88.85356140136719, equation: [0, 0, 0, 0, 0, sin(y6)]
Complexity: 3, fitness: -94.02777099609375, equation: [0, 0, 0, 0, y15*y3, 0]
Complexity: 5, fitness: -97.1499252319336, equation: [0, 0, 0, 0, y3*(y15 + y5), 0]
Complexity: 6, fitness: -136.66319274902344, equation: [0, 0, 0, y1*sin(y2) + y6, y1*sin(y2), 0]
Complexity: 7, fitness: -209.80853271484375, equation: [y1*y2, y1*y15*y2*y3, 0, 0, y15*y3, 0]
Complexity: 9, fitness: -271.7275390625, equation: [0, -y1 + y6**2, 0, -2*y1 + y3 + y6**2, -2*y1 + y6**2, 0]
Complexity: 15, fitness: -280.1846008300781, equation: [0, -y1 + y3*y6, 0, 0.337*y1*sin(y2) - y1 + y3*y6 + sin(y6), 1.34*y1*sin(y2) - y1 + y3*y6, -0.337*y1*sin(y2)]
Complexity: 16, fitness: -322.2076416015625, equation: [0, -y1 + y3*y6, 0, -y1*y16*y3*y8 - y1 + y3*y6 + sin(y6), -y1*y16*y3*y8 + y1*y3 - y1 + y3*y6, y1*y16*y3*y8]
Complexity: 18, fitness: -358.9880676269531, equation: [y1*y2, 0.953*y1*y2*(y12*sin(y6) - y6*(y6 + y8) + 0.21) + y12*sin(y6), 0, 0, y6*(y6 + y8), sin(y6)]
Complexity: 21, fitness: -393.4283447265625, equation: [y1*y2, 0.953*y1*y12*y2*y6*(y15 + y8)*sin(y6)*cos(y1 + y15) + y12*sin(y6), 0, 0, y6*(y15 + y8), sin(y6)]
Complexity: 23, fitness: -444.4364013671875, equation: [0, y11*(y0*y3 + y3 + 0.337*y6 + 0.114*y8), 0, y0*y3 + y11*(y0*y3 + y3 + 0.337*y6 + 0.114*y8) + 0.663*y3 - 0.337*y5, -y6 - 0.337*y8, -0.337*y3 - 0.337*y5 + 0.337*y6 - 0.223*y8]
Complexity: 25, fitness: -613.7838134765625, equation: [0, y11*(0.337*y1 + y3 + 0.114*y5 - 0.114*y6 + 0.114*y8), 0, -0.337*y1 + y11*(0.337*y1 + y3 + 0.114*y5 - 0.114*y6 + 0.114*y8) + y3 + 0.114*y5 - 0.114*y6, -y1 + y5 - y6 - 0.337*y8, -0.337*y5 + 0.337*y6 - 0.223*y8]
Complexity: 29, fitness: -839.1256103515625, equation: [0, y10*(2*y3 - 0.337*y5 + 0.337*y6 + y8*(-y1 + y5*y8) - 0.337*y8), 0, -0.337*y1 + y10*(2*y3 - 0.337*y5 + 0.337*y6 + y8*(-y1 + y5*y8) - 0.337*y8) + y3, -y1 + y5*y8 + y5 - y6, -0.337*y1 + y5*y8 - 0.337*y5 + 0.337*y6 + y8*(-y1 + y5*y8) - 0.337*y8]
Complexity: 31, fitness: -975.410400390625, equation: [0, y10*(y3 + 0.663*y5 - 0.663*y6 + y8*(-y1 + y5*y8) - 0.337*y8), 0, -0.337*y1 + y10*(y3 + 0.663*y5 - 0.663*y6 + y8*(-y1 + y5*y8) - 0.337*y8) + y3, -y1 + y5*y8 + 2*y5 - 2*y6, -0.337*y1 + y5*y8 - 0.337*y5 + 0.337*y6 + y8*(-y1 + y5*y8) - 0.337*y8]
Final pareto front:
Complexity: 1, fitness: -88.63372802734375, equation: [0, 0, 0, 0, 0, y6]
Complexity: 2, fitness: -88.85356140136719, equation: [0, 0, 0, 0, 0, sin(y6)]
Complexity: 3, fitness: -94.02777099609375, equation: [0, 0, 0, 0, y15*y3, 0]
Complexity: 5, fitness: -97.1499252319336, equation: [0, 0, 0, 0, y3*(y15 + y5), 0]
Complexity: 6, fitness: -136.66319274902344, equation: [0, 0, 0, y1*sin(y2) + y6, y1*sin(y2), 0]
Complexity: 7, fitness: -209.80853271484375, equation: [y1*y2, y1*y15*y2*y3, 0, 0, y15*y3, 0]
Complexity: 9, fitness: -271.7275390625, equation: [0, -y1 + y6**2, 0, -2*y1 + y3 + y6**2, -2*y1 + y6**2, 0]
Complexity: 15, fitness: -280.1846008300781, equation: [0, -y1 + y3*y6, 0, 0.337*y1*sin(y2) - y1 + y3*y6 + sin(y6), 1.34*y1*sin(y2) - y1 + y3*y6, -0.337*y1*sin(y2)]
Complexity: 16, fitness: -322.2076416015625, equation: [0, -y1 + y3*y6, 0, -y1*y16*y3*y8 - y1 + y3*y6 + sin(y6), -y1*y16*y3*y8 + y1*y3 - y1 + y3*y6, y1*y16*y3*y8]
Complexity: 18, fitness: -358.9880676269531, equation: [y1*y2, 0.953*y1*y2*(y12*sin(y6) - y6*(y6 + y8) + 0.21) + y12*sin(y6), 0, 0, y6*(y6 + y8), sin(y6)]
Complexity: 21, fitness: -393.4283447265625, equation: [y1*y2, 0.953*y1*y12*y2*y6*(y15 + y8)*sin(y6)*cos(y1 + y15) + y12*sin(y6), 0, 0, y6*(y15 + y8), sin(y6)]
Complexity: 23, fitness: -444.4364013671875, equation: [0, y11*(y0*y3 + y3 + 0.337*y6 + 0.114*y8), 0, y0*y3 + y11*(y0*y3 + y3 + 0.337*y6 + 0.114*y8) + 0.663*y3 - 0.337*y5, -y6 - 0.337*y8, -0.337*y3 - 0.337*y5 + 0.337*y6 - 0.223*y8]
Complexity: 25, fitness: -613.7838134765625, equation: [0, y11*(0.337*y1 + y3 + 0.114*y5 - 0.114*y6 + 0.114*y8), 0, -0.337*y1 + y11*(0.337*y1 + y3 + 0.114*y5 - 0.114*y6 + 0.114*y8) + y3 + 0.114*y5 - 0.114*y6, -y1 + y5 - y6 - 0.337*y8, -0.337*y5 + 0.337*y6 - 0.223*y8]
Complexity: 29, fitness: -839.1256103515625, equation: [0, y10*(2*y3 - 0.337*y5 + 0.337*y6 + y8*(-y1 + y5*y8) - 0.337*y8), 0, -0.337*y1 + y10*(2*y3 - 0.337*y5 + 0.337*y6 + y8*(-y1 + y5*y8) - 0.337*y8) + y3, -y1 + y5*y8 + y5 - y6, -0.337*y1 + y5*y8 - 0.337*y5 + 0.337*y6 + y8*(-y1 + y5*y8) - 0.337*y8]
Complexity: 31, fitness: -975.410400390625, equation: [0, y10*(y3 + 0.663*y5 - 0.663*y6 + y8*(-y1 + y5*y8) - 0.337*y8), 0, -0.337*y1 + y10*(y3 + 0.663*y5 - 0.663*y6 + y8*(-y1 + y5*y8) - 0.337*y8) + y3, -y1 + y5*y8 + 2*y5 - 2*y6, -0.337*y1 + y5*y8 - 0.337*y5 + 0.337*y6 + y8*(-y1 + y5*y8) - 0.337*y8]
