These device(s) are detected: [CudaDevice(id=0)]
Failed to import warp: No module named 'warp'
Failed to import mujoco_warp: No module named 'warp'
/gpfs/home6/tvdenbroek1/modi_kozax/lib/python3.12/site-packages/brax/io/mjcf.py:480: UserWarning: Brax System, piplines and environments are not actively being maintained. Please see MJX for a well maintained JAX-based physics engine: https://github.com/google-deepmind/mujoco/tree/main/mjx. For a host of environments that use MJX, see: https://github.com/google-deepmind/mujoco_playground.
  warnings.warn(
Input data should be formatted as: ['y0', 'y1', 'y2', 'y3', 'y4', 'y5', 'y6', 'y7', 'y8', 'y9', 'y10', 'y11', 'y12', 'y13', 'y14', 'y15', 'y16'].
Mujoco Modi v1 (not updated)
Compiling code for evaluation and evolution...
Finished compilation in 93.70 seconds
invalid solutions: 0 0
In generation 1
Complexity: 1, fitness: -43.03245544433594, equation: [0, 0.839, 0, 0, 0, 0]
Complexity: 2, fitness: -66.30696868896484, equation: [0, 0, sin(y12), 0, 0, 0]
Complexity: 3, fitness: -78.18669891357422, equation: [0, y1*y15, 0, 0, 0, 0]
Complexity: 5, fitness: -98.53418731689453, equation: [0, 0, 0, y13*y6, y13*y6*y9, 0]
Complexity: 10, fitness: -108.35151672363281, equation: [sin(y16*y5), y16*y5, 0, 0, -y5*(y16 + 0.398) + sin(y16*y5), 0]
invalid solutions: 0 0
In generation 2
Complexity: 1, fitness: -76.1988525390625, equation: [0, 0, 0, 0, y5, 0]
Complexity: 3, fitness: -84.16372680664062, equation: [0, 0, 0, 0, y8**2, 0]
Complexity: 5, fitness: -99.14330291748047, equation: [0, 0, 0, y13*y6, y13*y6*y9, 0]
Complexity: 10, fitness: -108.35151672363281, equation: [sin(y16*y5), y16*y5, 0, 0, -y5*(y16 + 0.398) + sin(y16*y5), 0]
invalid solutions: 0 0
In generation 3
Complexity: 1, fitness: -76.1988525390625, equation: [0, 0, 0, 0, y5, 0]
Complexity: 3, fitness: -84.70040130615234, equation: [0, 0, 0, 0, y12*y8, 0]
Complexity: 5, fitness: -99.14330291748047, equation: [0, 0, 0, y13*y6, y13*y6*y9, 0]
Complexity: 10, fitness: -108.35151672363281, equation: [sin(y16*y5), y16*y5, 0, 0, -y5*(y16 + 0.398) + sin(y16*y5), 0]
invalid solutions: 0 0
In generation 4
Complexity: 1, fitness: -76.1988525390625, equation: [0, 0, 0, 0, y5, 0]
Complexity: 3, fitness: -84.70040130615234, equation: [0, 0, 0, 0, y12*y8, 0]
Complexity: 4, fitness: -91.70001220703125, equation: [0, 0, 0, 0, y12*sin(y8), 0]
Complexity: 5, fitness: -99.14330291748047, equation: [0, 0, 0, y13*y6, y13*y6*y9, 0]
Complexity: 10, fitness: -108.35151672363281, equation: [sin(y16*y5), y16*y5, 0, 0, -y5*(y16 + 0.398) + sin(y16*y5), 0]
invalid solutions: 0 0
In generation 5
Complexity: 1, fitness: -76.1988525390625, equation: [0, 0, 0, 0, y5, 0]
Complexity: 3, fitness: -95.07508087158203, equation: [0, 0, 0, 0, y10*y8, 0]
Complexity: 5, fitness: -99.14330291748047, equation: [0, 0, 0, y13*y6, y13*y6*y9, 0]
Complexity: 7, fitness: -112.46475219726562, equation: [0, 0, 0, y0*y10*sin(sin(y11)), y10*sin(sin(y11)), 0]
Complexity: 9, fitness: -112.73721313476562, equation: [0, 0, sin(y12*y4), y1*y14 + sin(y12*y4)*cos(y1*y14), 0, 0]
Complexity: 11, fitness: -161.1095733642578, equation: [0, 0, 0, y14**2*y5*y6**2 + 2*y14*y6, y14**2*y5*y6**2*y9, 0]
invalid solutions: 0 0
In generation 6
Complexity: 1, fitness: -76.1988525390625, equation: [0, 0, 0, 0, y5, 0]
Complexity: 3, fitness: -95.07508087158203, equation: [0, 0, 0, 0, y10*y8, 0]
Complexity: 5, fitness: -99.58303833007812, equation: [y12*y15*y3, 0, 0, 0, y12*y3, 0]
Complexity: 7, fitness: -112.46475219726562, equation: [0, 0, 0, y0*y10*sin(sin(y11)), y10*sin(sin(y11)), 0]
Complexity: 9, fitness: -239.84786987304688, equation: [y1*y11, 0, 0, y1*y11*y13*y6*y9 + y13*y6, y13*y6*y9, 0]
invalid solutions: 0 0
In generation 7
Complexity: 1, fitness: -76.1988525390625, equation: [0, 0, 0, 0, y5, 0]
Complexity: 3, fitness: -95.07508087158203, equation: [0, 0, 0, 0, y10*y8, 0]
Complexity: 5, fitness: -104.39315795898438, equation: [y12*y15*y3, 0, 0, 0, y12*y3, 0]
Complexity: 7, fitness: -112.46475219726562, equation: [0, 0, 0, y0*y10*sin(sin(y11)), y10*sin(sin(y11)), 0]
Complexity: 9, fitness: -243.55224609375, equation: [y1*y11, 0, 0, y1*y11*y13*y6*y9 + y13*y6, y13*y6*y9, 0]
invalid solutions: 0 0
In generation 8
Complexity: 1, fitness: -76.1988525390625, equation: [0, 0, 0, 0, y5, 0]
Complexity: 3, fitness: -95.07508087158203, equation: [0, 0, 0, 0, y10*y8, 0]
Complexity: 5, fitness: -104.39315795898438, equation: [y12*y15*y3, 0, 0, 0, y12*y3, 0]
Complexity: 7, fitness: -113.10728454589844, equation: [0, 0, 0, y1**2*y2*y9, y1*y9, 0]
Complexity: 9, fitness: -243.55224609375, equation: [y1*y11, 0, 0, y1*y11*y13*y6*y9 + y13*y6, y13*y6*y9, 0]
invalid solutions: 0 0
In generation 9
Complexity: 1, fitness: -76.1988525390625, equation: [0, 0, 0, 0, y5, 0]
Complexity: 3, fitness: -95.07508087158203, equation: [0, 0, 0, 0, y10*y8, 0]
Complexity: 5, fitness: -104.39315795898438, equation: [y12*y15*y3, 0, 0, 0, y12*y3, 0]
Complexity: 7, fitness: -136.49691772460938, equation: [0, 0, 0, y1*y14*y6*y9 + y14*y6, y1*y9, 0]
Complexity: 9, fitness: -243.55224609375, equation: [y1*y11, 0, 0, y1*y11*y13*y6*y9 + y13*y6, y13*y6*y9, 0]
invalid solutions: 0 0
In generation 10
Complexity: 1, fitness: -76.1988525390625, equation: [0, 0, 0, 0, y5, 0]
Complexity: 3, fitness: -95.07508087158203, equation: [0, 0, 0, 0, y10*y8, 0]
Complexity: 5, fitness: -104.39315795898438, equation: [y12*y15*y3, 0, 0, 0, y12*y3, 0]
Complexity: 7, fitness: -163.7108154296875, equation: [y1*y11, 0, 0, y1*y11*y6*y9, y6*y9, 0]
Complexity: 9, fitness: -243.55224609375, equation: [y1*y11, 0, 0, y1*y11*y13*y6*y9 + y13*y6, y13*y6*y9, 0]
Complexity: 15, fitness: -258.6858215332031, equation: [0, 0, 0, y1*y13*y14*y6**3*y9**2 + y13*y14*y6**2*y9 + y13*y6 + y14*y6, y13*y6*y9 + y6*y9, 0]
invalid solutions: 0 0
In generation 11
Complexity: 1, fitness: -76.1988525390625, equation: [0, 0, 0, 0, y5, 0]
Complexity: 3, fitness: -95.07508087158203, equation: [0, 0, 0, 0, y10*y8, 0]
Complexity: 5, fitness: -104.39315795898438, equation: [y12*y15*y3, 0, 0, 0, y12*y3, 0]
Complexity: 7, fitness: -163.7108154296875, equation: [y1*y11, 0, 0, y1*y11*y6*y9, y6*y9, 0]
Complexity: 9, fitness: -243.55224609375, equation: [y1*y11, 0, 0, y1*y11*y13*y6*y9 + y13*y6, y13*y6*y9, 0]
Complexity: 13, fitness: -244.79115295410156, equation: [y1*y11, 0, 0, y1*y11*y13*y6*y9 + y13*y6, y1*y11*y12*y13*y6*y7*y9 + y13*y6*y9, 0]
Complexity: 14, fitness: -248.85211181640625, equation: [y1*y11, 0, 0, y1*y11 + y13*y6*y9 + y13*y6, y13*y6*y9 + sin((y5 + y7)*(y1*y11 + y13*y6*y9)), 0]
Complexity: 15, fitness: -262.30859375, equation: [0, 0, 0, y1*y13*y14*y6**3*y9**2 + y13*y14*y6**2*y9 + y13*y6 + y14*y6, y13*y6*y9 + y6*y9, 0]
invalid solutions: 0 0
In generation 12
Complexity: 1, fitness: -76.1988525390625, equation: [0, 0, 0, 0, y5, 0]
Complexity: 3, fitness: -95.07508087158203, equation: [0, 0, 0, 0, y10*y8, 0]
Complexity: 5, fitness: -104.39315795898438, equation: [y12*y15*y3, 0, 0, 0, y12*y3, 0]
Complexity: 7, fitness: -163.7108154296875, equation: [y1*y11, 0, 0, y1*y11*y6*y9, y6*y9, 0]
Complexity: 9, fitness: -243.55224609375, equation: [y1*y11, 0, 0, y1*y11*y13*y6*y9 + y13*y6, y13*y6*y9, 0]
Complexity: 12, fitness: -245.53570556640625, equation: [y1*y11, 0, 0, y1*y11*y13*y6*y9 + y13*y6, y13*y6*y9 + sin(y1*y11*y13**2*y6*y9), 0]
Complexity: 13, fitness: -262.6121520996094, equation: [0, 0, 0, y13*y14*y6**3*y9**2 + y13*y6**2*y9**2 + y13*y6 + y14*y6, y13*y6*y9 + y6*y9, 0]
Complexity: 15, fitness: -266.96856689453125, equation: [0, 0, 0, y13*y14*y6**3*y9**3 + y13*y14*y6**2*y9 + y13*y6 + y14*y6, y13*y6*y9 + y6*y9, 0]
invalid solutions: 0 0
In generation 13
Complexity: 1, fitness: -76.1988525390625, equation: [0, 0, 0, 0, y5, 0]
Complexity: 3, fitness: -95.07508087158203, equation: [0, 0, 0, 0, y10*y8, 0]
Complexity: 5, fitness: -104.39315795898438, equation: [y12*y15*y3, 0, 0, 0, y12*y3, 0]
Complexity: 7, fitness: -165.08938598632812, equation: [0, 0, 0, y11*y14, y6*(y1 - y11*y14), 0]
Complexity: 9, fitness: -243.55224609375, equation: [y1*y11, 0, 0, y1*y11*y13*y6*y9 + y13*y6, y13*y6*y9, 0]
Complexity: 12, fitness: -245.53570556640625, equation: [y1*y11, 0, 0, y1*y11*y13*y6*y9 + y13*y6, y13*y6*y9 + sin(y1*y11*y13**2*y6*y9), 0]
Complexity: 13, fitness: -262.6121520996094, equation: [0, 0, 0, y13*y14*y6**3*y9**2 + y13*y6**2*y9**2 + y13*y6 + y14*y6, y13*y6*y9 + y6*y9, 0]
Complexity: 15, fitness: -266.96856689453125, equation: [0, 0, 0, y13*y14*y6**3*y9**3 + y13*y14*y6**2*y9 + y13*y6 + y14*y6, y13*y6*y9 + y6*y9, 0]
invalid solutions: 0 0
In generation 14
Complexity: 1, fitness: -76.1988525390625, equation: [0, 0, 0, 0, y5, 0]
Complexity: 3, fitness: -95.07508087158203, equation: [0, 0, 0, 0, y10*y8, 0]
Complexity: 5, fitness: -104.39315795898438, equation: [y12*y15*y3, 0, 0, 0, y12*y3, 0]
Complexity: 7, fitness: -165.08938598632812, equation: [0, 0, 0, y11*y14, y6*(y1 - y11*y14), 0]
Complexity: 9, fitness: -243.55224609375, equation: [y1*y11, 0, 0, y1*y11*y13*y6*y9 + y13*y6, y13*y6*y9, 0]
Complexity: 11, fitness: -246.21572875976562, equation: [y1*y11, 0, 0, y1*y11 + y13*y6*y9 + y13*y6, y13*y6*y9 + y7*(y1*y11 + y13*y6*y9), 0]
Complexity: 13, fitness: -262.6121520996094, equation: [0, 0, 0, y13*y14*y6**3*y9**2 + y13*y6**2*y9**2 + y13*y6 + y14*y6, y13*y6*y9 + y6*y9, 0]
Complexity: 15, fitness: -266.96856689453125, equation: [0, 0, 0, y13*y14*y6**3*y9**3 + y13*y14*y6**2*y9 + y13*y6 + y14*y6, y13*y6*y9 + y6*y9, 0]
invalid solutions: 0 0
In generation 15
Complexity: 1, fitness: -76.1988525390625, equation: [0, 0, 0, 0, y5, 0]
Complexity: 3, fitness: -95.07508087158203, equation: [0, 0, 0, 0, y10*y8, 0]
Complexity: 5, fitness: -104.39315795898438, equation: [y12*y15*y3, 0, 0, 0, y12*y3, 0]
Complexity: 7, fitness: -165.08938598632812, equation: [0, 0, 0, y11*y14, y6*(y1 - y11*y14), 0]
Complexity: 9, fitness: -243.55224609375, equation: [y1*y11, 0, 0, y1*y11*y13*y6*y9 + y13*y6, y13*y6*y9, 0]
Complexity: 11, fitness: -246.21572875976562, equation: [y1*y11, 0, 0, y1*y11 + y13*y6*y9 + y13*y6, y13*y6*y9 + y7*(y1*y11 + y13*y6*y9), 0]
Complexity: 13, fitness: -262.6121520996094, equation: [0, 0, 0, y13*y14*y6**3*y9**2 + y13*y6**2*y9**2 + y13*y6 + y14*y6, y13*y6*y9 + y6*y9, 0]
Complexity: 15, fitness: -266.96856689453125, equation: [0, 0, 0, y13*y14*y6**3*y9**3 + y13*y14*y6**2*y9 + y13*y6 + y14*y6, y13*y6*y9 + y6*y9, 0]
invalid solutions: 0 0
In generation 16
Complexity: 1, fitness: -76.1988525390625, equation: [0, 0, 0, 0, y5, 0]
Complexity: 3, fitness: -95.07508087158203, equation: [0, 0, 0, 0, y10*y8, 0]
Complexity: 5, fitness: -104.39315795898438, equation: [y12*y15*y3, 0, 0, 0, y12*y3, 0]
Complexity: 7, fitness: -165.08938598632812, equation: [0, 0, 0, y11*y14, y6*(y1 - y11*y14), 0]
Complexity: 9, fitness: -243.55224609375, equation: [y1*y11, 0, 0, y1*y11*y13*y6*y9 + y13*y6, y13*y6*y9, 0]
Complexity: 11, fitness: -246.21572875976562, equation: [y1*y11, 0, 0, y1*y11 + y13*y6*y9 + y13*y6, y13*y6*y9 + y7*(y1*y11 + y13*y6*y9), 0]
Complexity: 13, fitness: -262.6121520996094, equation: [0, 0, 0, y13*y14*y6**3*y9**2 + y13*y6**2*y9**2 + y13*y6 + y14*y6, y13*y6*y9 + y6*y9, 0]
Complexity: 15, fitness: -266.96856689453125, equation: [0, 0, 0, y13*y14*y6**3*y9**3 + y13*y14*y6**2*y9 + y13*y6 + y14*y6, y13*y6*y9 + y6*y9, 0]
invalid solutions: 0 0
In generation 17
Complexity: 1, fitness: -76.1988525390625, equation: [0, 0, 0, 0, y5, 0]
Complexity: 3, fitness: -95.07508087158203, equation: [0, 0, 0, 0, y10*y8, 0]
Complexity: 5, fitness: -104.39315795898438, equation: [y12*y15*y3, 0, 0, 0, y12*y3, 0]
Complexity: 7, fitness: -165.08938598632812, equation: [0, 0, 0, y11*y14, y6*(y1 - y11*y14), 0]
Complexity: 9, fitness: -243.55224609375, equation: [y1*y11, 0, 0, y1*y11*y13*y6*y9 + y13*y6, y13*y6*y9, 0]
Complexity: 11, fitness: -246.21572875976562, equation: [y1*y11, 0, 0, y1*y11 + y13*y6*y9 + y13*y6, y13*y6*y9 + y7*(y1*y11 + y13*y6*y9), 0]
Complexity: 13, fitness: -262.6121520996094, equation: [0, 0, 0, y13*y14*y6**3*y9**2 + y13*y6**2*y9**2 + y13*y6 + y14*y6, y13*y6*y9 + y6*y9, 0]
Complexity: 15, fitness: -266.96856689453125, equation: [0, 0, 0, y13*y14*y6**3*y9**3 + y13*y14*y6**2*y9 + y13*y6 + y14*y6, y13*y6*y9 + y6*y9, 0]
invalid solutions: 0 0
In generation 18
Complexity: 1, fitness: -76.1988525390625, equation: [0, 0, 0, 0, y5, 0]
Complexity: 3, fitness: -95.07508087158203, equation: [0, 0, 0, 0, y10*y8, 0]
Complexity: 5, fitness: -104.39315795898438, equation: [y12*y15*y3, 0, 0, 0, y12*y3, 0]
Complexity: 7, fitness: -165.08938598632812, equation: [0, 0, 0, y11*y14, y6*(y1 - y11*y14), 0]
Complexity: 9, fitness: -243.55224609375, equation: [y1*y11, 0, 0, y1*y11*y13*y6*y9 + y13*y6, y13*y6*y9, 0]
Complexity: 11, fitness: -246.21572875976562, equation: [y1*y11, 0, 0, y1*y11 + y13*y6*y9 + y13*y6, y13*y6*y9 + y7*(y1*y11 + y13*y6*y9), 0]
Complexity: 13, fitness: -262.6121520996094, equation: [0, 0, 0, y13*y14*y6**3*y9**2 + y13*y6**2*y9**2 + y13*y6 + y14*y6, y13*y6*y9 + y6*y9, 0]
Complexity: 15, fitness: -272.50701904296875, equation: [y1*y11, y1*y11 + 2*y13*y6*y9 - 2*y3, 0, y13*y6, y11*y6*(y1*y11 + y13*y6*y9 - y3) + y13*y6*y9, 0]
invalid solutions: 0 0
In generation 19
Complexity: 1, fitness: -76.1988525390625, equation: [0, 0, 0, 0, y5, 0]
Complexity: 3, fitness: -95.07508087158203, equation: [0, 0, 0, 0, y10*y8, 0]
Complexity: 5, fitness: -104.39315795898438, equation: [y12*y15*y3, 0, 0, 0, y12*y3, 0]
Complexity: 7, fitness: -165.08938598632812, equation: [0, 0, 0, y11*y14, y6*(y1 - y11*y14), 0]
Complexity: 9, fitness: -243.55224609375, equation: [y1*y11, 0, 0, y1*y11*y13*y6*y9 + y13*y6, y13*y6*y9, 0]
Complexity: 11, fitness: -246.21572875976562, equation: [y1*y11, 0, 0, y1*y11 + y13*y6*y9 + y13*y6, y13*y6*y9 + y7*(y1*y11 + y13*y6*y9), 0]
Complexity: 13, fitness: -262.6121520996094, equation: [0, 0, 0, y13*y14*y6**3*y9**2 + y13*y6**2*y9**2 + y13*y6 + y14*y6, y13*y6*y9 + y6*y9, 0]
Complexity: 15, fitness: -278.03692626953125, equation: [y1*y11, y1*y11 + 2*y13*y5*y6 - 2*y3, 0, y13*y6, y11*y6*(y1*y11 + y13*y5*y6 - y3) + y13*y5*y6, 0]
invalid solutions: 0 0
In generation 20
Complexity: 1, fitness: -76.1988525390625, equation: [0, 0, 0, 0, y5, 0]
Complexity: 3, fitness: -95.07508087158203, equation: [0, 0, 0, 0, y10*y8, 0]
Complexity: 5, fitness: -104.39315795898438, equation: [y12*y15*y3, 0, 0, 0, y12*y3, 0]
Complexity: 7, fitness: -165.08938598632812, equation: [0, 0, 0, y11*y14, y6*(y1 - y11*y14), 0]
Complexity: 9, fitness: -243.55224609375, equation: [y1*y11, 0, 0, y1*y11*y13*y6*y9 + y13*y6, y13*y6*y9, 0]
Complexity: 11, fitness: -246.21572875976562, equation: [y1*y11, 0, 0, y1*y11 + y13*y6*y9 + y13*y6, y13*y6*y9 + y7*(y1*y11 + y13*y6*y9), 0]
Complexity: 13, fitness: -262.6121520996094, equation: [0, 0, 0, y13*y14*y6**3*y9**2 + y13*y6**2*y9**2 + y13*y6 + y14*y6, y13*y6*y9 + y6*y9, 0]
Complexity: 15, fitness: -278.03692626953125, equation: [y1*y11, y1*y11 + 2*y13*y5*y6 - 2*y3, 0, y13*y6, y11*y6*(y1*y11 + y13*y5*y6 - y3) + y13*y5*y6, 0]
invalid solutions: 0 0
In generation 21
Complexity: 1, fitness: -76.1988525390625, equation: [0, 0, 0, 0, y5, 0]
Complexity: 3, fitness: -95.07508087158203, equation: [0, 0, 0, 0, y10*y8, 0]
Complexity: 5, fitness: -104.39315795898438, equation: [y12*y15*y3, 0, 0, 0, y12*y3, 0]
Complexity: 7, fitness: -165.08938598632812, equation: [0, 0, 0, y11*y14, y6*(y1 - y11*y14), 0]
Complexity: 9, fitness: -243.55224609375, equation: [y1*y11, 0, 0, y1*y11*y13*y6*y9 + y13*y6, y13*y6*y9, 0]
Complexity: 11, fitness: -246.21572875976562, equation: [y1*y11, 0, 0, y1*y11 + y13*y6*y9 + y13*y6, y13*y6*y9 + y7*(y1*y11 + y13*y6*y9), 0]
Complexity: 13, fitness: -262.6121520996094, equation: [0, 0, 0, y13*y14*y6**3*y9**2 + y13*y6**2*y9**2 + y13*y6 + y14*y6, y13*y6*y9 + y6*y9, 0]
Complexity: 15, fitness: -278.03692626953125, equation: [y1*y11, y1*y11 + 2*y13*y5*y6 - 2*y3, 0, y13*y6, y11*y6*(y1*y11 + y13*y5*y6 - y3) + y13*y5*y6, 0]
invalid solutions: 0 0
In generation 22
Complexity: 1, fitness: -76.1988525390625, equation: [0, 0, 0, 0, y5, 0]
Complexity: 3, fitness: -95.07508087158203, equation: [0, 0, 0, 0, y10*y8, 0]
Complexity: 5, fitness: -104.39315795898438, equation: [y12*y15*y3, 0, 0, 0, y12*y3, 0]
Complexity: 7, fitness: -165.08938598632812, equation: [0, 0, 0, y11*y14, y6*(y1 - y11*y14), 0]
Complexity: 9, fitness: -243.55224609375, equation: [y1*y11, 0, 0, y1*y11*y13*y6*y9 + y13*y6, y13*y6*y9, 0]
Complexity: 11, fitness: -246.21572875976562, equation: [y1*y11, 0, 0, y1*y11 + y13*y6*y9 + y13*y6, y13*y6*y9 + y7*(y1*y11 + y13*y6*y9), 0]
Complexity: 13, fitness: -262.9549865722656, equation: [y1*y11, y1*y11 + 2*y3*y9 - 2*y3, 0, 0, y1*y11 + y1 + 2*y3*y9 - y3 - y6, 0]
Complexity: 15, fitness: -278.03692626953125, equation: [y1*y11, y1*y11 + 2*y13*y5*y6 - 2*y3, 0, y13*y6, y11*y6*(y1*y11 + y13*y5*y6 - y3) + y13*y5*y6, 0]
invalid solutions: 0 0
In generation 23
Complexity: 1, fitness: -76.1988525390625, equation: [0, 0, 0, 0, y5, 0]
Complexity: 3, fitness: -95.07508087158203, equation: [0, 0, 0, 0, y10*y8, 0]
Complexity: 5, fitness: -104.39315795898438, equation: [y12*y15*y3, 0, 0, 0, y12*y3, 0]
Complexity: 7, fitness: -165.08938598632812, equation: [0, 0, 0, y11*y14, y6*(y1 - y11*y14), 0]
Complexity: 9, fitness: -243.55224609375, equation: [y1*y11, 0, 0, y1*y11*y13*y6*y9 + y13*y6, y13*y6*y9, 0]
Complexity: 11, fitness: -246.21572875976562, equation: [y1*y11, 0, 0, y1*y11 + y13*y6*y9 + y13*y6, y13*y6*y9 + y7*(y1*y11 + y13*y6*y9), 0]
Complexity: 13, fitness: -262.9549865722656, equation: [y1*y11, y1*y11 + 2*y3*y9 - 2*y3, 0, 0, y1*y11 + y1 + 2*y3*y9 - y3 - y6, 0]
Complexity: 15, fitness: -278.03692626953125, equation: [y1*y11, y1*y11 + 2*y13*y5*y6 - 2*y3, 0, y13*y6, y11*y6*(y1*y11 + y13*y5*y6 - y3) + y13*y5*y6, 0]
invalid solutions: 0 0
In generation 24
Complexity: 1, fitness: -76.1988525390625, equation: [0, 0, 0, 0, y5, 0]
Complexity: 3, fitness: -95.07508087158203, equation: [0, 0, 0, 0, y10*y8, 0]
Complexity: 5, fitness: -104.39315795898438, equation: [y12*y15*y3, 0, 0, 0, y12*y3, 0]
Complexity: 7, fitness: -165.08938598632812, equation: [0, 0, 0, y11*y14, y6*(y1 - y11*y14), 0]
Complexity: 9, fitness: -243.55224609375, equation: [y1*y11, 0, 0, y1*y11*y13*y6*y9 + y13*y6, y13*y6*y9, 0]
Complexity: 11, fitness: -246.21572875976562, equation: [y1*y11, 0, 0, y1*y11 + y13*y6*y9 + y13*y6, y13*y6*y9 + y7*(y1*y11 + y13*y6*y9), 0]
Complexity: 13, fitness: -265.85882568359375, equation: [0, 0, 0, y13*y14*y6**3*y9**2 + y13*y14*y6**2*y9 + y13*y6 + y14*y6, y13*y6*y9 + y6*y9, 0]
Complexity: 15, fitness: -285.1133117675781, equation: [y1*y11, y1*y11 + 2*y13*y5*y6 - 2*y3, 0, y13*y6, y13*y5*y6 + y6*(y1*y11 + y11 + y13*y5*y6 - y3), 0]
invalid solutions: 0 0
In generation 25
Complexity: 1, fitness: -76.1988525390625, equation: [0, 0, 0, 0, y5, 0]
Complexity: 3, fitness: -95.07508087158203, equation: [0, 0, 0, 0, y10*y8, 0]
Complexity: 5, fitness: -104.39315795898438, equation: [y12*y15*y3, 0, 0, 0, y12*y3, 0]
Complexity: 7, fitness: -165.08938598632812, equation: [0, 0, 0, y11*y14, y6*(y1 - y11*y14), 0]
Complexity: 9, fitness: -243.55224609375, equation: [y1*y11, 0, 0, y1*y11*y13*y6*y9 + y13*y6, y13*y6*y9, 0]
Complexity: 11, fitness: -246.21572875976562, equation: [y1*y11, 0, 0, y1*y11 + y13*y6*y9 + y13*y6, y13*y6*y9 + y7*(y1*y11 + y13*y6*y9), 0]
Complexity: 13, fitness: -265.85882568359375, equation: [0, 0, 0, y13*y14*y6**3*y9**2 + y13*y14*y6**2*y9 + y13*y6 + y14*y6, y13*y6*y9 + y6*y9, 0]
Complexity: 15, fitness: -285.52728271484375, equation: [y1*y11, y1*y11 + 2*y13*y5*y6 - 2*y3, 0, y13*y6, y13*y5*y6 + y6*(y1*y11 + y11 + y13*y5*y6 - y3), 0]
Final pareto front:
Complexity: 1, fitness: -76.1988525390625, equation: [0, 0, 0, 0, y5, 0]
Complexity: 3, fitness: -95.07508087158203, equation: [0, 0, 0, 0, y10*y8, 0]
Complexity: 5, fitness: -104.39315795898438, equation: [y12*y15*y3, 0, 0, 0, y12*y3, 0]
Complexity: 7, fitness: -165.08938598632812, equation: [0, 0, 0, y11*y14, y6*(y1 - y11*y14), 0]
Complexity: 9, fitness: -243.55224609375, equation: [y1*y11, 0, 0, y1*y11*y13*y6*y9 + y13*y6, y13*y6*y9, 0]
Complexity: 11, fitness: -246.21572875976562, equation: [y1*y11, 0, 0, y1*y11 + y13*y6*y9 + y13*y6, y13*y6*y9 + y7*(y1*y11 + y13*y6*y9), 0]
Complexity: 13, fitness: -265.85882568359375, equation: [0, 0, 0, y13*y14*y6**3*y9**2 + y13*y14*y6**2*y9 + y13*y6 + y14*y6, y13*y6*y9 + y6*y9, 0]
Complexity: 15, fitness: -285.52728271484375, equation: [y1*y11, y1*y11 + 2*y13*y5*y6 - 2*y3, 0, y13*y6, y13*y5*y6 + y6*(y1*y11 + y11 + y13*y5*y6 - y3), 0]
