These device(s) are detected: [CudaDevice(id=0)]
Failed to import warp: No module named 'warp'
Failed to import mujoco_warp: No module named 'warp'
/gpfs/home6/tvdenbroek1/modi_kozax/lib/python3.12/site-packages/brax/io/mjcf.py:480: UserWarning: Brax System, piplines and environments are not actively being maintained. Please see MJX for a well maintained JAX-based physics engine: https://github.com/google-deepmind/mujoco/tree/main/mjx. For a host of environments that use MJX, see: https://github.com/google-deepmind/mujoco_playground.
  warnings.warn(
Input data should be formatted as: ['y0', 'y1', 'y2', 'y3', 'y4', 'y5', 'y6', 'y7', 'y8', 'y9', 'y10', 'y11', 'y12', 'y13', 'y14', 'y15', 'y16'].
Mujoco Modi (not updated) 0.3 right (again)
Compiling code for evaluation and evolution...
Finished compilation in 140.76 seconds
invalid solutions: 0 0
In generation 1
Complexity: 1, fitness: -42.243507385253906, equation: [0, 0, 0, 0, 0.839, 0]
Complexity: 2, fitness: -74.29705810546875, equation: [0, 0, 0, 0, sin(y5), 0]
Complexity: 5, fitness: -94.84759521484375, equation: [0, 0, 0, 0, y6*(y11 + y12), 0]
invalid solutions: 0 0
In generation 2
Complexity: 1, fitness: -84.00425720214844, equation: [0, 0, 0, 0, 0, y6]
Complexity: 3, fitness: -93.87494659423828, equation: [0, 0, 0, 0, y10*y8, 0]
Complexity: 5, fitness: -95.11009979248047, equation: [0, 0, 0, 0, y6*(y11 + y12), 0]
invalid solutions: 0 0
In generation 3
Complexity: 1, fitness: -86.34178161621094, equation: [0, 0, 0, 0, 0, y6]
Complexity: 3, fitness: -93.87494659423828, equation: [0, 0, 0, 0, y10*y8, 0]
Complexity: 5, fitness: -95.11009979248047, equation: [0, 0, 0, 0, y6*(y11 + y12), 0]
Complexity: 8, fitness: -208.90585327148438, equation: [0, 0, 0, y5*(y11 + y12), y6*(y11 + y12) + sin(y5), 0]
invalid solutions: 0 0
In generation 4
Complexity: 1, fitness: -88.63668823242188, equation: [0, 0, 0, 0, 0, y6]
Complexity: 3, fitness: -93.87494659423828, equation: [0, 0, 0, 0, y10*y8, 0]
Complexity: 5, fitness: -95.34918212890625, equation: [0, 0, 0, 0, y12*y4*y6, 0]
Complexity: 8, fitness: -208.90585327148438, equation: [0, 0, 0, y5*(y11 + y12), y6*(y11 + y12) + sin(y5), 0]
Complexity: 12, fitness: -231.0899658203125, equation: [0, 0, 0, y5*(2*y11 + y12), y6*(y11 + y12) + y6*(2*y11 + y12) + sin(y5), 0]
invalid solutions: 0 0
In generation 5
Complexity: 1, fitness: -88.63668823242188, equation: [0, 0, 0, 0, 0, y6]
Complexity: 3, fitness: -93.87494659423828, equation: [0, 0, 0, 0, y10*y8, 0]
Complexity: 4, fitness: -94.2249526977539, equation: [0, 0, 0, 0, y15*sin(y3), 0]
Complexity: 5, fitness: -95.55303955078125, equation: [0, y12*y3, 0, 0, y10*y3, 0]
Complexity: 7, fitness: -135.4454803466797, equation: [y10*y6, y5*y6, 0, 0, y12*y6, 0]
Complexity: 8, fitness: -208.90585327148438, equation: [0, 0, 0, y5*(y11 + y12), y6*(y11 + y12) + sin(y5), 0]
Complexity: 10, fitness: -220.16226196289062, equation: [0, 0, 0, y5*(y11 + y12), y12*y6 + y6*(y11 + y12) + sin(y5), 0]
Complexity: 12, fitness: -245.1614532470703, equation: [0, 0, 0, y5*(2*y11 + y12), y6*(y11 + y12) + y6*(2*y11 + y12) + sin(y5), 0]
invalid solutions: 0 0
In generation 6
Complexity: 1, fitness: -88.63668823242188, equation: [0, 0, 0, 0, 0, y6]
Complexity: 3, fitness: -93.87494659423828, equation: [0, 0, 0, 0, y10*y8, 0]
Complexity: 4, fitness: -94.2249526977539, equation: [0, 0, 0, 0, y15*sin(y3), 0]
Complexity: 5, fitness: -95.55303955078125, equation: [0, y12*y3, 0, 0, y10*y3, 0]
Complexity: 6, fitness: -166.51260375976562, equation: [0, 0, 0, y3*y5, y3*y6 + sin(y5), 0]
Complexity: 7, fitness: -177.0284423828125, equation: [y10*y5, y10*y3, 0, 0, y10*y3, 0]
Complexity: 8, fitness: -208.90585327148438, equation: [0, 0, 0, y5*(y11 + y12), y6*(y11 + y12) + sin(y5), 0]
Complexity: 10, fitness: -220.5494384765625, equation: [0, 0, 0, y5*(y11 + y12), y12*y6 + y6*(y11 + y12) + sin(y5), 0]
Complexity: 12, fitness: -256.27874755859375, equation: [0, 0, 0, y5*(2*y11 + y12), y6*(y11 + y12) + y6*(2*y11 + y12) + sin(y5), 0]
invalid solutions: 0 0
In generation 7
Complexity: 1, fitness: -88.63668823242188, equation: [0, 0, 0, 0, 0, y6]
Complexity: 3, fitness: -93.87494659423828, equation: [0, 0, 0, 0, y10*y8, 0]
Complexity: 4, fitness: -94.2249526977539, equation: [0, 0, 0, 0, y15*sin(y3), 0]
Complexity: 5, fitness: -98.8818130493164, equation: [0, 0, 0, 0, y6*(y11 + y12), 0]
Complexity: 6, fitness: -166.51260375976562, equation: [0, 0, 0, y3*y5, y3*y6 + sin(y5), 0]
Complexity: 7, fitness: -177.0284423828125, equation: [y10*y5, y10*y3, 0, 0, y10*y3, 0]
Complexity: 8, fitness: -208.90585327148438, equation: [0, 0, 0, y5*(y11 + y12), y6*(y11 + y12) + sin(y5), 0]
Complexity: 10, fitness: -235.63929748535156, equation: [0, 0, 0, y5*(y11 + y6), y6**2 + y6*(y11 + y6) + sin(y5), 0]
Complexity: 12, fitness: -256.27874755859375, equation: [0, 0, 0, y5*(2*y11 + y12), y6*(y11 + y12) + y6*(2*y11 + y12) + sin(y5), 0]
Complexity: 16, fitness: -263.5587158203125, equation: [0, 0, 0, y5*(3*y11 + y12), y6*(y11 + y12) + y6*(2*y11 + y12) + y6*(3*y11 + y12) + sin(y5), 0]
invalid solutions: 0 0
In generation 8
Complexity: 1, fitness: -88.63668823242188, equation: [0, 0, 0, 0, 0, y6]
Complexity: 3, fitness: -93.87494659423828, equation: [0, 0, 0, 0, y10*y8, 0]
Complexity: 4, fitness: -94.2249526977539, equation: [0, 0, 0, 0, y15*sin(y3), 0]
Complexity: 5, fitness: -125.69707489013672, equation: [y10*y5, y10*y3, 0, 0, 0, 0]
Complexity: 6, fitness: -166.51260375976562, equation: [0, 0, 0, y3*y5, y3*y6 + sin(y5), 0]
Complexity: 7, fitness: -177.0284423828125, equation: [y10*y5, y10*y3, 0, 0, y10*y3, 0]
Complexity: 8, fitness: -208.90585327148438, equation: [0, 0, 0, y5*(y11 + y12), y6*(y11 + y12) + sin(y5), 0]
Complexity: 9, fitness: -218.95034790039062, equation: [0, 0, 0, y2*y7*(y11 + y12), y12*y6, 0]
Complexity: 10, fitness: -235.63929748535156, equation: [0, 0, 0, y5*(y11 + y6), y6**2 + y6*(y11 + y6) + sin(y5), 0]
Complexity: 12, fitness: -256.27874755859375, equation: [0, 0, 0, y5*(2*y11 + y12), y6*(y11 + y12) + y6*(2*y11 + y12) + sin(y5), 0]
Complexity: 14, fitness: -257.9377136230469, equation: [0, 0, 0, y5*(2*y11 + y12), y6*(y11 + y12) + 2*y6*(2*y11 + y12) + sin(y5), 0]
Complexity: 16, fitness: -263.5587158203125, equation: [0, 0, 0, y5*(3*y11 + y12), y6*(y11 + y12) + y6*(2*y11 + y12) + y6*(3*y11 + y12) + sin(y5), 0]
invalid solutions: 0 0
In generation 9
Complexity: 1, fitness: -88.63668823242188, equation: [0, 0, 0, 0, 0, y6]
Complexity: 3, fitness: -93.87494659423828, equation: [0, 0, 0, 0, y10*y8, 0]
Complexity: 4, fitness: -94.2249526977539, equation: [0, 0, 0, 0, y15*sin(y3), 0]
Complexity: 5, fitness: -125.69707489013672, equation: [y10*y5, y10*y3, 0, 0, 0, 0]
Complexity: 6, fitness: -218.07302856445312, equation: [0, 0, 0, y5*y6, y6**2 + sin(y5), 0]
Complexity: 9, fitness: -218.95034790039062, equation: [0, 0, 0, y2*y7*(y11 + y12), y12*y6, 0]
Complexity: 10, fitness: -245.57888793945312, equation: [0, 0, 0, y5*(y11 + y6), y6**2 + y6*(y11 + y6) + sin(y5), 0]
Complexity: 12, fitness: -256.27874755859375, equation: [0, 0, 0, y5*(2*y11 + y12), y6*(y11 + y12) + y6*(2*y11 + y12) + sin(y5), 0]
Complexity: 13, fitness: -272.4394226074219, equation: [0, 0, 0, y5*(2*y11 + y12), y6*(y11 + y12) + (2*y11 + y12)*sin(y6) + sin(y5), 0]
invalid solutions: 0 0
In generation 10
Complexity: 1, fitness: -88.63668823242188, equation: [0, 0, 0, 0, 0, y6]
Complexity: 3, fitness: -93.87494659423828, equation: [0, 0, 0, 0, y10*y8, 0]
Complexity: 4, fitness: -94.2249526977539, equation: [0, 0, 0, 0, y15*sin(y3), 0]
Complexity: 5, fitness: -125.69707489013672, equation: [y10*y5, y10*y3, 0, 0, 0, 0]
Complexity: 6, fitness: -229.52261352539062, equation: [0, 0, 0, y5*y6, y6**2 + sin(y5), 0]
Complexity: 10, fitness: -245.57888793945312, equation: [0, 0, 0, y5*(y11 + y6), y6**2 + y6*(y11 + y6) + sin(y5), 0]
Complexity: 12, fitness: -256.27874755859375, equation: [0, 0, 0, y5*(2*y11 + y12), y6*(y11 + y12) + y6*(2*y11 + y12) + sin(y5), 0]
Complexity: 13, fitness: -272.4394226074219, equation: [0, 0, 0, y5*(2*y11 + y12), y6*(y11 + y12) + (2*y11 + y12)*sin(y6) + sin(y5), 0]
invalid solutions: 0 0
In generation 11
Complexity: 1, fitness: -88.63668823242188, equation: [0, 0, 0, 0, 0, y6]
Complexity: 3, fitness: -93.87494659423828, equation: [0, 0, 0, 0, y10*y8, 0]
Complexity: 4, fitness: -94.2249526977539, equation: [0, 0, 0, 0, y15*sin(y3), 0]
Complexity: 5, fitness: -125.69707489013672, equation: [y10*y5, y10*y3, 0, 0, 0, 0]
Complexity: 6, fitness: -229.52261352539062, equation: [0, 0, 0, y5*y6, y6**2 + sin(y5), 0]
Complexity: 10, fitness: -245.57888793945312, equation: [0, 0, 0, y5*(y11 + y6), y6**2 + y6*(y11 + y6) + sin(y5), 0]
Complexity: 11, fitness: -246.8459014892578, equation: [y3 + y5**2, 0, 0, y5**2, y15*y6 + y3*y6, 0]
Complexity: 12, fitness: -256.27874755859375, equation: [0, 0, 0, y5*(2*y11 + y12), y6*(y11 + y12) + y6*(2*y11 + y12) + sin(y5), 0]
Complexity: 13, fitness: -272.4394226074219, equation: [0, 0, 0, y5*(2*y11 + y12), y6*(y11 + y12) + (2*y11 + y12)*sin(y6) + sin(y5), 0]
Complexity: 14, fitness: -279.47601318359375, equation: [y3 + y5**2, 0, 0, y5**2, y3*y6 + y6*sin(y10*y4), 0]
Complexity: 22, fitness: -294.31195068359375, equation: [0, 0, 0, y12*y2*y5*y8 + y5*(y11 + y6) + y5*(y5 + y8), y5*y6 + y6**2 + y6*(y11 + y6) + sin(y5), 0]
invalid solutions: 0 0
In generation 12
Complexity: 1, fitness: -88.63668823242188, equation: [0, 0, 0, 0, 0, y6]
Complexity: 3, fitness: -93.87494659423828, equation: [0, 0, 0, 0, y10*y8, 0]
Complexity: 4, fitness: -94.2249526977539, equation: [0, 0, 0, 0, y15*sin(y3), 0]
Complexity: 5, fitness: -125.69707489013672, equation: [y10*y5, y10*y3, 0, 0, 0, 0]
Complexity: 6, fitness: -229.52261352539062, equation: [0, 0, 0, y5*y6, y6**2 + sin(y5), 0]
Complexity: 8, fitness: -237.96664428710938, equation: [0, 0, 0, y5**2 + y5*y6, y6**2 + sin(y5), 0]
Complexity: 10, fitness: -245.57888793945312, equation: [0, 0, 0, y5*(y11 + y6), y6**2 + y6*(y11 + y6) + sin(y5), 0]
Complexity: 11, fitness: -246.8459014892578, equation: [y3 + y5**2, 0, 0, y5**2, y15*y6 + y3*y6, 0]
Complexity: 12, fitness: -256.27874755859375, equation: [0, 0, 0, y5*(2*y11 + y12), y6*(y11 + y12) + y6*(2*y11 + y12) + sin(y5), 0]
Complexity: 13, fitness: -272.4394226074219, equation: [0, 0, 0, y5*(2*y11 + y12), y6*(y11 + y12) + (2*y11 + y12)*sin(y6) + sin(y5), 0]
Complexity: 14, fitness: -279.47601318359375, equation: [y3 + y5**2, 0, 0, y5**2, y3*y6 + y6*sin(y10*y4), 0]
Complexity: 22, fitness: -295.1129150390625, equation: [0, 0, 0, y12*y2*y5*y8 + y5*(y11 + y6) + y5*(y5 + y8), y5*y6 + y6**2 + y6*(y11 + y6) + sin(y5), 0]
invalid solutions: 0 0
In generation 13
Complexity: 1, fitness: -88.63668823242188, equation: [0, 0, 0, 0, 0, y6]
Complexity: 3, fitness: -101.65007019042969, equation: [0, 0, 0, 0, y15*y6, 0]
Complexity: 5, fitness: -125.69707489013672, equation: [y10*y5, y10*y3, 0, 0, 0, 0]
Complexity: 6, fitness: -229.52261352539062, equation: [0, 0, 0, y5*y6, y6**2 + sin(y5), 0]
Complexity: 8, fitness: -237.96664428710938, equation: [0, 0, 0, y5**2 + y5*y6, y6**2 + sin(y5), 0]
Complexity: 10, fitness: -245.57888793945312, equation: [0, 0, 0, y5*(y11 + y6), y6**2 + y6*(y11 + y6) + sin(y5), 0]
Complexity: 11, fitness: -246.8459014892578, equation: [y3 + y5**2, 0, 0, y5**2, y15*y6 + y3*y6, 0]
Complexity: 12, fitness: -256.27874755859375, equation: [0, 0, 0, y5*(2*y11 + y12), y6*(y11 + y12) + y6*(2*y11 + y12) + sin(y5), 0]
Complexity: 13, fitness: -272.4394226074219, equation: [0, 0, 0, y5*(2*y11 + y12), y6*(y11 + y12) + (2*y11 + y12)*sin(y6) + sin(y5), 0]
Complexity: 14, fitness: -279.47601318359375, equation: [y3 + y5**2, 0, 0, y5**2, y3*y6 + y6*sin(y10*y4), 0]
Complexity: 22, fitness: -295.1129150390625, equation: [0, 0, 0, y12*y2*y5*y8 + y5*(y11 + y6) + y5*(y5 + y8), y5*y6 + y6**2 + y6*(y11 + y6) + sin(y5), 0]
invalid solutions: 0 0
In generation 14
Complexity: 1, fitness: -88.63668823242188, equation: [0, 0, 0, 0, 0, y6]
Complexity: 3, fitness: -101.65007019042969, equation: [0, 0, 0, 0, y15*y6, 0]
Complexity: 5, fitness: -125.69707489013672, equation: [y10*y5, y10*y3, 0, 0, 0, 0]
Complexity: 6, fitness: -229.52261352539062, equation: [0, 0, 0, y5*y6, y6**2 + sin(y5), 0]
Complexity: 8, fitness: -237.96664428710938, equation: [0, 0, 0, y5**2 + y5*y6, y6**2 + sin(y5), 0]
Complexity: 10, fitness: -245.57888793945312, equation: [0, 0, 0, y5*(y11 + y6), y6**2 + y6*(y11 + y6) + sin(y5), 0]
Complexity: 11, fitness: -246.8459014892578, equation: [y3 + y5**2, 0, 0, y5**2, y15*y6 + y3*y6, 0]
Complexity: 12, fitness: -256.27874755859375, equation: [0, 0, 0, y5*(2*y11 + y12), y6*(y11 + y12) + y6*(2*y11 + y12) + sin(y5), 0]
Complexity: 13, fitness: -272.4394226074219, equation: [0, 0, 0, y5*(2*y11 + y12), y6*(y11 + y12) + (2*y11 + y12)*sin(y6) + sin(y5), 0]
Complexity: 14, fitness: -279.47601318359375, equation: [y3 + y5**2, 0, 0, y5**2, y3*y6 + y6*sin(y10*y4), 0]
Complexity: 22, fitness: -295.1129150390625, equation: [0, 0, 0, y12*y2*y5*y8 + y5*(y11 + y6) + y5*(y5 + y8), y5*y6 + y6**2 + y6*(y11 + y6) + sin(y5), 0]
invalid solutions: 0 0
In generation 15
Complexity: 1, fitness: -88.63668823242188, equation: [0, 0, 0, 0, 0, y6]
Complexity: 3, fitness: -101.65007019042969, equation: [0, 0, 0, 0, y15*y6, 0]
Complexity: 5, fitness: -125.69707489013672, equation: [y10*y5, y10*y3, 0, 0, 0, 0]
Complexity: 6, fitness: -229.52261352539062, equation: [0, 0, 0, y5*y6, y6**2 + sin(y5), 0]
Complexity: 8, fitness: -237.96664428710938, equation: [0, 0, 0, y5**2 + y5*y6, y6**2 + sin(y5), 0]
Complexity: 10, fitness: -245.57888793945312, equation: [0, 0, 0, y5*(y11 + y6), y6**2 + y6*(y11 + y6) + sin(y5), 0]
Complexity: 11, fitness: -246.8459014892578, equation: [y3 + y5**2, 0, 0, y5**2, y15*y6 + y3*y6, 0]
Complexity: 12, fitness: -267.97625732421875, equation: [0, 0, 0, y5*y6 + y5*(y11 + y6), y2*y6 + y6*(y11 + y6) + sin(y5), 0]
Complexity: 13, fitness: -272.4394226074219, equation: [0, 0, 0, y5*(2*y11 + y12), y6*(y11 + y12) + (2*y11 + y12)*sin(y6) + sin(y5), 0]
Complexity: 14, fitness: -279.47601318359375, equation: [y3 + y5**2, 0, 0, y5**2, y3*y6 + y6*sin(y10*y4), 0]
Complexity: 20, fitness: -294.076416015625, equation: [0, 0, 0, y1*y5*y8 + y5*(y11 + y6) + y5*(y5 + y8), y5*y6 + y6**2 + y6*(y11 + y6) + sin(y5), 0]
Complexity: 22, fitness: -295.1129150390625, equation: [0, 0, 0, y12*y2*y5*y8 + y5*(y11 + y6) + y5*(y5 + y8), y5*y6 + y6**2 + y6*(y11 + y6) + sin(y5), 0]
Complexity: 31, fitness: -302.30572509765625, equation: [0, y3*(y6*(y5 + y7)*sin(y5) + sin(y5)), 0, 2*y5*(y11 + y6), y3*y6 + 2*y6**2 + 2*y6*(y11 + y6) + 2*sin(y5), 0]
invalid solutions: 0 0
In generation 16
Complexity: 1, fitness: -88.63668823242188, equation: [0, 0, 0, 0, 0, y6]
Complexity: 3, fitness: -101.65007019042969, equation: [0, 0, 0, 0, y15*y6, 0]
Complexity: 5, fitness: -125.69707489013672, equation: [y10*y5, y10*y3, 0, 0, 0, 0]
Complexity: 6, fitness: -229.52261352539062, equation: [0, 0, 0, y5*y6, y6**2 + sin(y5), 0]
Complexity: 8, fitness: -237.96664428710938, equation: [0, 0, 0, y5**2 + y5*y6, y6**2 + sin(y5), 0]
Complexity: 10, fitness: -245.57888793945312, equation: [0, 0, 0, y5*(y11 + y6), y6**2 + y6*(y11 + y6) + sin(y5), 0]
Complexity: 11, fitness: -246.8459014892578, equation: [y3 + y5**2, 0, 0, y5**2, y15*y6 + y3*y6, 0]
Complexity: 12, fitness: -267.97625732421875, equation: [0, 0, 0, y5*y6 + y5*(y11 + y6), y2*y6 + y6*(y11 + y6) + sin(y5), 0]
Complexity: 13, fitness: -272.4394226074219, equation: [0, 0, 0, y5*(2*y11 + y12), y6*(y11 + y12) + (2*y11 + y12)*sin(y6) + sin(y5), 0]
Complexity: 14, fitness: -279.47601318359375, equation: [y3 + y5**2, 0, 0, y5**2, y3*y6 + y6*sin(y10*y4), 0]
Complexity: 20, fitness: -294.076416015625, equation: [0, 0, 0, y1*y5*y8 + y5*(y11 + y6) + y5*(y5 + y8), y5*y6 + y6**2 + y6*(y11 + y6) + sin(y5), 0]
Complexity: 22, fitness: -295.1129150390625, equation: [0, 0, 0, y12*y2*y5*y8 + y5*(y11 + y6) + y5*(y5 + y8), y5*y6 + y6**2 + y6*(y11 + y6) + sin(y5), 0]
Complexity: 31, fitness: -302.30572509765625, equation: [0, y3*(y6*(y5 + y7)*sin(y5) + sin(y5)), 0, 2*y5*(y11 + y6), y3*y6 + 2*y6**2 + 2*y6*(y11 + y6) + 2*sin(y5), 0]
invalid solutions: 0 0
In generation 17
Complexity: 1, fitness: -88.63668823242188, equation: [0, 0, 0, 0, 0, y6]
Complexity: 2, fitness: -90.30062866210938, equation: [0, 0, 0, 0, 0, sin(y6)]
Complexity: 3, fitness: -101.65007019042969, equation: [0, 0, 0, 0, y15*y6, 0]
Complexity: 5, fitness: -125.69707489013672, equation: [y10*y5, y10*y3, 0, 0, 0, 0]
Complexity: 6, fitness: -229.52261352539062, equation: [0, 0, 0, y5*y6, y6**2 + sin(y5), 0]
Complexity: 8, fitness: -237.96664428710938, equation: [0, 0, 0, y5**2 + y5*y6, y6**2 + sin(y5), 0]
Complexity: 10, fitness: -245.57888793945312, equation: [0, 0, 0, y5*(y11 + y6), y6**2 + y6*(y11 + y6) + sin(y5), 0]
Complexity: 11, fitness: -246.8459014892578, equation: [y3 + y5**2, 0, 0, y5**2, y15*y6 + y3*y6, 0]
Complexity: 12, fitness: -267.97625732421875, equation: [0, 0, 0, y5*y6 + y5*(y11 + y6), y2*y6 + y6*(y11 + y6) + sin(y5), 0]
Complexity: 13, fitness: -272.4394226074219, equation: [0, 0, 0, y5*(2*y11 + y12), y6*(y11 + y12) + (2*y11 + y12)*sin(y6) + sin(y5), 0]
Complexity: 14, fitness: -279.47601318359375, equation: [y3 + y5**2, 0, 0, y5**2, y3*y6 + y6*sin(y10*y4), 0]
Complexity: 16, fitness: -279.9059753417969, equation: [0, (y11 + y12)*(y6 + sin(y5)), 0, y5*(y11 + y6), y6**2 + y6*(y11 + y6) + sin(y5), 0]
Complexity: 20, fitness: -294.076416015625, equation: [0, 0, 0, y1*y5*y8 + y5*(y11 + y6) + y5*(y5 + y8), y5*y6 + y6**2 + y6*(y11 + y6) + sin(y5), 0]
Complexity: 22, fitness: -295.1129150390625, equation: [0, 0, 0, y12*y2*y5*y8 + y5*(y11 + y6) + y5*(y5 + y8), y5*y6 + y6**2 + y6*(y11 + y6) + sin(y5), 0]
Complexity: 30, fitness: -295.14892578125, equation: [0, (y11 + y12)*(y1*(y5 + y7)*(y6*y8 + y7) + sin(y5)), 0, y5*(y11 + y6), y6**2 + y6*(y11 + y12) + y6*(y11 + y6) + y8**2 + sin(y5), 0]
Complexity: 31, fitness: -302.30572509765625, equation: [0, y3*(y6*(y5 + y7)*sin(y5) + sin(y5)), 0, 2*y5*(y11 + y6), y3*y6 + 2*y6**2 + 2*y6*(y11 + y6) + 2*sin(y5), 0]
invalid solutions: 0 0
In generation 18
Complexity: 1, fitness: -88.63668823242188, equation: [0, 0, 0, 0, 0, y6]
Complexity: 2, fitness: -90.30062866210938, equation: [0, 0, 0, 0, 0, sin(y6)]
Complexity: 3, fitness: -101.65007019042969, equation: [0, 0, 0, 0, y15*y6, 0]
Complexity: 5, fitness: -125.69707489013672, equation: [y10*y5, y10*y3, 0, 0, 0, 0]
Complexity: 6, fitness: -229.52261352539062, equation: [0, 0, 0, y5*y6, y6**2 + sin(y5), 0]
Complexity: 8, fitness: -237.96664428710938, equation: [0, 0, 0, y5**2 + y5*y6, y6**2 + sin(y5), 0]
Complexity: 10, fitness: -245.57888793945312, equation: [0, 0, 0, y5*(y11 + y6), y6**2 + y6*(y11 + y6) + sin(y5), 0]
Complexity: 11, fitness: -246.8459014892578, equation: [y3 + y5**2, 0, 0, y5**2, y15*y6 + y3*y6, 0]
Complexity: 12, fitness: -267.97625732421875, equation: [0, 0, 0, y5*y6 + y5*(y11 + y6), y2*y6 + y6*(y11 + y6) + sin(y5), 0]
Complexity: 13, fitness: -272.4394226074219, equation: [0, 0, 0, y5*(2*y11 + y12), y6*(y11 + y12) + (2*y11 + y12)*sin(y6) + sin(y5), 0]
Complexity: 14, fitness: -279.47601318359375, equation: [y3 + y5**2, 0, 0, y5**2, y3*y6 + y6*sin(y10*y4), 0]
Complexity: 16, fitness: -279.9059753417969, equation: [0, (y11 + y12)*(y6 + sin(y5)), 0, y5*(y11 + y6), y6**2 + y6*(y11 + y6) + sin(y5), 0]
Complexity: 20, fitness: -294.076416015625, equation: [0, 0, 0, y1*y5*y8 + y5*(y11 + y6) + y5*(y5 + y8), y5*y6 + y6**2 + y6*(y11 + y6) + sin(y5), 0]
Complexity: 22, fitness: -295.1129150390625, equation: [0, 0, 0, y12*y2*y5*y8 + y5*(y11 + y6) + y5*(y5 + y8), y5*y6 + y6**2 + y6*(y11 + y6) + sin(y5), 0]
Complexity: 28, fitness: -295.2490539550781, equation: [0, (y11 + y12)*(y6*y7*y8*(y3 + y6) + sin(y5)), 0, y5*(y11 + y6), y1*y6 + y6**2 + y6*(y11 + y12) + y6*(y11 + y6) + sin(y5), 0]
Complexity: 29, fitness: -298.2557373046875, equation: [0, y12*(y6 + sin(y5)), 0, y5*(y11 + y5) + y5*(y11 + y12*y8) + y5*(y5 + y6), y12*y5 + y6*(y11 + y5) + y6*(y11 + y12*y8) + y6*(y5 + y6) + 2*sin(y5), 0]
Complexity: 30, fitness: -300.2879943847656, equation: [0, (y11 + y12)*(y6*(y5 + y7)*(y2**2*y8 + y7) + sin(y5)), 0, y5*(y11 + y6), y6**2 + y6*(y11 + y12) + y6*(y11 + y6) + sin(y5), 0]
Complexity: 31, fitness: -302.30572509765625, equation: [0, y3*(y6*(y5 + y7)*sin(y5) + sin(y5)), 0, 2*y5*(y11 + y6), y3*y6 + 2*y6**2 + 2*y6*(y11 + y6) + 2*sin(y5), 0]
invalid solutions: 0 0
In generation 19
Complexity: 1, fitness: -88.63668823242188, equation: [0, 0, 0, 0, 0, y6]
Complexity: 2, fitness: -90.30062866210938, equation: [0, 0, 0, 0, 0, sin(y6)]
Complexity: 3, fitness: -101.65007019042969, equation: [0, 0, 0, 0, y15*y6, 0]
Complexity: 5, fitness: -125.69707489013672, equation: [y10*y5, y10*y3, 0, 0, 0, 0]
Complexity: 6, fitness: -229.52261352539062, equation: [0, 0, 0, y5*y6, y6**2 + sin(y5), 0]
Complexity: 8, fitness: -237.96664428710938, equation: [0, 0, 0, y5**2 + y5*y6, y6**2 + sin(y5), 0]
Complexity: 10, fitness: -245.57888793945312, equation: [0, 0, 0, y5*(y11 + y6), y6**2 + y6*(y11 + y6) + sin(y5), 0]
Complexity: 11, fitness: -246.8459014892578, equation: [y3 + y5**2, 0, 0, y5**2, y15*y6 + y3*y6, 0]
Complexity: 12, fitness: -267.97625732421875, equation: [0, 0, 0, y5*y6 + y5*(y11 + y6), y2*y6 + y6*(y11 + y6) + sin(y5), 0]
Complexity: 13, fitness: -272.4394226074219, equation: [0, 0, 0, y5*(2*y11 + y12), y6*(y11 + y12) + (2*y11 + y12)*sin(y6) + sin(y5), 0]
Complexity: 14, fitness: -279.47601318359375, equation: [y3 + y5**2, 0, 0, y5**2, y3*y6 + y6*sin(y10*y4), 0]
Complexity: 16, fitness: -279.9059753417969, equation: [0, (y11 + y12)*(y6 + sin(y5)), 0, y5*(y11 + y6), y6**2 + y6*(y11 + y6) + sin(y5), 0]
Complexity: 20, fitness: -294.076416015625, equation: [0, 0, 0, y1*y5*y8 + y5*(y11 + y6) + y5*(y5 + y8), y5*y6 + y6**2 + y6*(y11 + y6) + sin(y5), 0]
Complexity: 22, fitness: -295.1129150390625, equation: [0, 0, 0, y12*y2*y5*y8 + y5*(y11 + y6) + y5*(y5 + y8), y5*y6 + y6**2 + y6*(y11 + y6) + sin(y5), 0]
Complexity: 26, fitness: -295.58880615234375, equation: [0, (y11 + y12)*(y1*(y0 + y7)*(y5 + y7) + sin(y5)), 0, y5*(y11 + y6), y6**2 + y6*(y11 + y12) + y6*(y11 + y6) + sin(y5), 0]
Complexity: 29, fitness: -298.2557373046875, equation: [0, y12*(y6 + sin(y5)), 0, y5*(y11 + y5) + y5*(y11 + y12*y8) + y5*(y5 + y6), y12*y5 + y6*(y11 + y5) + y6*(y11 + y12*y8) + y6*(y5 + y6) + 2*sin(y5), 0]
Complexity: 30, fitness: -300.2879943847656, equation: [0, (y11 + y12)*(y6*(y5 + y7)*(y2**2*y8 + y7) + sin(y5)), 0, y5*(y11 + y6), y6**2 + y6*(y11 + y12) + y6*(y11 + y6) + sin(y5), 0]
Complexity: 31, fitness: -302.30572509765625, equation: [0, y3*(y6*(y5 + y7)*sin(y5) + sin(y5)), 0, 2*y5*(y11 + y6), y3*y6 + 2*y6**2 + 2*y6*(y11 + y6) + 2*sin(y5), 0]
invalid solutions: 0 0
In generation 20
Complexity: 1, fitness: -88.63668823242188, equation: [0, 0, 0, 0, 0, y6]
Complexity: 2, fitness: -90.30062866210938, equation: [0, 0, 0, 0, 0, sin(y6)]
Complexity: 3, fitness: -101.65007019042969, equation: [0, 0, 0, 0, y15*y6, 0]
Complexity: 5, fitness: -125.69707489013672, equation: [y10*y5, y10*y3, 0, 0, 0, 0]
Complexity: 6, fitness: -229.52261352539062, equation: [0, 0, 0, y5*y6, y6**2 + sin(y5), 0]
Complexity: 8, fitness: -237.96664428710938, equation: [0, 0, 0, y5**2 + y5*y6, y6**2 + sin(y5), 0]
Complexity: 10, fitness: -245.57888793945312, equation: [0, 0, 0, y5*(y11 + y6), y6**2 + y6*(y11 + y6) + sin(y5), 0]
Complexity: 11, fitness: -246.8459014892578, equation: [y3 + y5**2, 0, 0, y5**2, y15*y6 + y3*y6, 0]
Complexity: 12, fitness: -267.97625732421875, equation: [0, 0, 0, y5*y6 + y5*(y11 + y6), y2*y6 + y6*(y11 + y6) + sin(y5), 0]
Complexity: 13, fitness: -272.4394226074219, equation: [0, 0, 0, y5*(2*y11 + y12), y6*(y11 + y12) + (2*y11 + y12)*sin(y6) + sin(y5), 0]
Complexity: 14, fitness: -279.47601318359375, equation: [y3 + y5**2, 0, 0, y5**2, y3*y6 + y6*sin(y10*y4), 0]
Complexity: 16, fitness: -283.5169372558594, equation: [y3 + y5**2, 0, 0, y5**2, y3*y6 + y6*sin(y4*(y10 + y9)), 0]
Complexity: 20, fitness: -294.076416015625, equation: [0, 0, 0, y1*y5*y8 + y5*(y11 + y6) + y5*(y5 + y8), y5*y6 + y6**2 + y6*(y11 + y6) + sin(y5), 0]
Complexity: 22, fitness: -295.1129150390625, equation: [0, 0, 0, y12*y2*y5*y8 + y5*(y11 + y6) + y5*(y5 + y8), y5*y6 + y6**2 + y6*(y11 + y6) + sin(y5), 0]
Complexity: 26, fitness: -295.58880615234375, equation: [0, (y11 + y12)*(y1*(y0 + y7)*(y5 + y7) + sin(y5)), 0, y5*(y11 + y6), y6**2 + y6*(y11 + y12) + y6*(y11 + y6) + sin(y5), 0]
Complexity: 28, fitness: -314.11224365234375, equation: [0, 0, 0, y1*y5*y8 + y5*y8*(y5 + y8) + y5*(y11 + y6) + y5*(y5 + y8), y2*y5 + y5*y6 + y6**2 + y6*(y11 + y6) + sin(y5), 0]
invalid solutions: 0 0
In generation 21
Complexity: 1, fitness: -88.63668823242188, equation: [0, 0, 0, 0, 0, y6]
Complexity: 2, fitness: -90.30062866210938, equation: [0, 0, 0, 0, 0, sin(y6)]
Complexity: 3, fitness: -101.65007019042969, equation: [0, 0, 0, 0, y15*y6, 0]
Complexity: 5, fitness: -125.69707489013672, equation: [y10*y5, y10*y3, 0, 0, 0, 0]
Complexity: 6, fitness: -229.52261352539062, equation: [0, 0, 0, y5*y6, y6**2 + sin(y5), 0]
Complexity: 8, fitness: -237.96664428710938, equation: [0, 0, 0, y5**2 + y5*y6, y6**2 + sin(y5), 0]
Complexity: 10, fitness: -245.57888793945312, equation: [0, 0, 0, y5*(y11 + y6), y6**2 + y6*(y11 + y6) + sin(y5), 0]
Complexity: 11, fitness: -246.8459014892578, equation: [y3 + y5**2, 0, 0, y5**2, y15*y6 + y3*y6, 0]
Complexity: 12, fitness: -267.97625732421875, equation: [0, 0, 0, y5*y6 + y5*(y11 + y6), y2*y6 + y6*(y11 + y6) + sin(y5), 0]
Complexity: 13, fitness: -272.4394226074219, equation: [0, 0, 0, y5*(2*y11 + y12), y6*(y11 + y12) + (2*y11 + y12)*sin(y6) + sin(y5), 0]
Complexity: 14, fitness: -279.47601318359375, equation: [y3 + y5**2, 0, 0, y5**2, y3*y6 + y6*sin(y10*y4), 0]
Complexity: 16, fitness: -283.5169372558594, equation: [y3 + y5**2, 0, 0, y5**2, y3*y6 + y6*sin(y4*(y10 + y9)), 0]
Complexity: 20, fitness: -294.88897705078125, equation: [0, y6*(y11 + y12 + y7), 0, y5*(y11 + y12 + 2*y6), y5*(y11 + y12) + y6*(y11 + y12 + 2*y6) + sin(y5), 0]
Complexity: 22, fitness: -295.1129150390625, equation: [0, 0, 0, y12*y2*y5*y8 + y5*(y11 + y6) + y5*(y5 + y8), y5*y6 + y6**2 + y6*(y11 + y6) + sin(y5), 0]
Complexity: 26, fitness: -295.58880615234375, equation: [0, (y11 + y12)*(y1*(y0 + y7)*(y5 + y7) + sin(y5)), 0, y5*(y11 + y6), y6**2 + y6*(y11 + y12) + y6*(y11 + y6) + sin(y5), 0]
Complexity: 28, fitness: -314.11224365234375, equation: [0, 0, 0, y1*y5*y8 + y5*y8*(y5 + y8) + y5*(y11 + y6) + y5*(y5 + y8), y2*y5 + y5*y6 + y6**2 + y6*(y11 + y6) + sin(y5), 0]
invalid solutions: 0 0
In generation 22
Complexity: 1, fitness: -88.63668823242188, equation: [0, 0, 0, 0, 0, y6]
Complexity: 2, fitness: -90.30062866210938, equation: [0, 0, 0, 0, 0, sin(y6)]
Complexity: 3, fitness: -101.65007019042969, equation: [0, 0, 0, 0, y15*y6, 0]
Complexity: 5, fitness: -125.69707489013672, equation: [y10*y5, y10*y3, 0, 0, 0, 0]
Complexity: 6, fitness: -229.52261352539062, equation: [0, 0, 0, y5*y6, y6**2 + sin(y5), 0]
Complexity: 8, fitness: -237.96664428710938, equation: [0, 0, 0, y5**2 + y5*y6, y6**2 + sin(y5), 0]
Complexity: 10, fitness: -245.57888793945312, equation: [0, 0, 0, y5*(y11 + y6), y6**2 + y6*(y11 + y6) + sin(y5), 0]
Complexity: 11, fitness: -246.8459014892578, equation: [y3 + y5**2, 0, 0, y5**2, y15*y6 + y3*y6, 0]
Complexity: 12, fitness: -267.97625732421875, equation: [0, 0, 0, y5*y6 + y5*(y11 + y6), y2*y6 + y6*(y11 + y6) + sin(y5), 0]
Complexity: 13, fitness: -272.4394226074219, equation: [0, 0, 0, y5*(2*y11 + y12), y6*(y11 + y12) + (2*y11 + y12)*sin(y6) + sin(y5), 0]
Complexity: 14, fitness: -279.47601318359375, equation: [y3 + y5**2, 0, 0, y5**2, y3*y6 + y6*sin(y10*y4), 0]
Complexity: 16, fitness: -283.5169372558594, equation: [y3 + y5**2, 0, 0, y5**2, y3*y6 + y6*sin(y4*(y10 + y9)), 0]
Complexity: 20, fitness: -294.88897705078125, equation: [0, y6*(y11 + y12 + y7), 0, y5*(y11 + y12 + 2*y6), y5*(y11 + y12) + y6*(y11 + y12 + 2*y6) + sin(y5), 0]
Complexity: 22, fitness: -295.1129150390625, equation: [0, 0, 0, y12*y2*y5*y8 + y5*(y11 + y6) + y5*(y5 + y8), y5*y6 + y6**2 + y6*(y11 + y6) + sin(y5), 0]
Complexity: 26, fitness: -295.58880615234375, equation: [0, (y11 + y12)*(y1*(y0 + y7)*(y5 + y7) + sin(y5)), 0, y5*(y11 + y6), y6**2 + y6*(y11 + y12) + y6*(y11 + y6) + sin(y5), 0]
Complexity: 28, fitness: -314.11224365234375, equation: [0, 0, 0, y1*y5*y8 + y5*y8*(y5 + y8) + y5*(y11 + y6) + y5*(y5 + y8), y2*y5 + y5*y6 + y6**2 + y6*(y11 + y6) + sin(y5), 0]
invalid solutions: 0 0
In generation 23
Complexity: 1, fitness: -88.63668823242188, equation: [0, 0, 0, 0, 0, y6]
Complexity: 2, fitness: -90.30062866210938, equation: [0, 0, 0, 0, 0, sin(y6)]
Complexity: 3, fitness: -101.65007019042969, equation: [0, 0, 0, 0, y15*y6, 0]
Complexity: 5, fitness: -125.69707489013672, equation: [y10*y5, y10*y3, 0, 0, 0, 0]
Complexity: 6, fitness: -229.52261352539062, equation: [0, 0, 0, y5*y6, y6**2 + sin(y5), 0]
Complexity: 8, fitness: -237.96664428710938, equation: [0, 0, 0, y5**2 + y5*y6, y6**2 + sin(y5), 0]
Complexity: 10, fitness: -245.57888793945312, equation: [0, 0, 0, y5*(y11 + y6), y6**2 + y6*(y11 + y6) + sin(y5), 0]
Complexity: 11, fitness: -246.8459014892578, equation: [y3 + y5**2, 0, 0, y5**2, y15*y6 + y3*y6, 0]
Complexity: 12, fitness: -267.97625732421875, equation: [0, 0, 0, y5*y6 + y5*(y11 + y6), y2*y6 + y6*(y11 + y6) + sin(y5), 0]
Complexity: 13, fitness: -272.4394226074219, equation: [0, 0, 0, y5*(2*y11 + y12), y6*(y11 + y12) + (2*y11 + y12)*sin(y6) + sin(y5), 0]
Complexity: 14, fitness: -279.47601318359375, equation: [y3 + y5**2, 0, 0, y5**2, y3*y6 + y6*sin(y10*y4), 0]
Complexity: 16, fitness: -283.5169372558594, equation: [y3 + y5**2, 0, 0, y5**2, y3*y6 + y6*sin(y4*(y10 + y9)), 0]
Complexity: 20, fitness: -294.88897705078125, equation: [0, y6*(y11 + y12 + y7), 0, y5*(y11 + y12 + 2*y6), y5*(y11 + y12) + y6*(y11 + y12 + 2*y6) + sin(y5), 0]
Complexity: 22, fitness: -295.1129150390625, equation: [0, 0, 0, y12*y2*y5*y8 + y5*(y11 + y6) + y5*(y5 + y8), y5*y6 + y6**2 + y6*(y11 + y6) + sin(y5), 0]
Complexity: 26, fitness: -295.58880615234375, equation: [0, (y11 + y12)*(y1*(y0 + y7)*(y5 + y7) + sin(y5)), 0, y5*(y11 + y6), y6**2 + y6*(y11 + y12) + y6*(y11 + y6) + sin(y5), 0]
Complexity: 28, fitness: -314.11224365234375, equation: [0, 0, 0, y1*y5*y8 + y5*y8*(y5 + y8) + y5*(y11 + y6) + y5*(y5 + y8), y2*y5 + y5*y6 + y6**2 + y6*(y11 + y6) + sin(y5), 0]
Complexity: 30, fitness: -314.169921875, equation: [0, (y11 + y12)*(y6*(y5 + y7)*(y11 + y6 + y7) + sin(y5)), 0, y5*(y11 + y6), y2*y6 + y6**2 + y6*(y11 + y12) + y6*(y11 + y6) + sin(y5), 0]
invalid solutions: 0 0
In generation 24
Complexity: 1, fitness: -88.63668823242188, equation: [0, 0, 0, 0, 0, y6]
Complexity: 2, fitness: -90.30062866210938, equation: [0, 0, 0, 0, 0, sin(y6)]
Complexity: 3, fitness: -101.65007019042969, equation: [0, 0, 0, 0, y15*y6, 0]
Complexity: 5, fitness: -125.69707489013672, equation: [y10*y5, y10*y3, 0, 0, 0, 0]
Complexity: 6, fitness: -229.52261352539062, equation: [0, 0, 0, y5*y6, y6**2 + sin(y5), 0]
Complexity: 8, fitness: -237.96664428710938, equation: [0, 0, 0, y5**2 + y5*y6, y6**2 + sin(y5), 0]
Complexity: 10, fitness: -245.57888793945312, equation: [0, 0, 0, y5*(y11 + y6), y6**2 + y6*(y11 + y6) + sin(y5), 0]
Complexity: 11, fitness: -246.8459014892578, equation: [y3 + y5**2, 0, 0, y5**2, y15*y6 + y3*y6, 0]
Complexity: 12, fitness: -267.97625732421875, equation: [0, 0, 0, y5*y6 + y5*(y11 + y6), y2*y6 + y6*(y11 + y6) + sin(y5), 0]
Complexity: 13, fitness: -272.4394226074219, equation: [0, 0, 0, y5*(2*y11 + y12), y6*(y11 + y12) + (2*y11 + y12)*sin(y6) + sin(y5), 0]
Complexity: 14, fitness: -279.47601318359375, equation: [y3 + y5**2, 0, 0, y5**2, y3*y6 + y6*sin(y10*y4), 0]
Complexity: 16, fitness: -283.5169372558594, equation: [y3 + y5**2, 0, 0, y5**2, y3*y6 + y6*sin(y4*(y10 + y9)), 0]
Complexity: 20, fitness: -294.88897705078125, equation: [0, y6*(y11 + y12 + y7), 0, y5*(y11 + y12 + 2*y6), y5*(y11 + y12) + y6*(y11 + y12 + 2*y6) + sin(y5), 0]
Complexity: 22, fitness: -295.1129150390625, equation: [0, 0, 0, y12*y2*y5*y8 + y5*(y11 + y6) + y5*(y5 + y8), y5*y6 + y6**2 + y6*(y11 + y6) + sin(y5), 0]
Complexity: 25, fitness: -298.85906982421875, equation: [0, 0, 0, y5*(y11 + y6), y15*y7*y8 + y6**2 + y6*(y11 + y6) + sin(y5) + sin(y4*y7*y8*(y5 + y6) + sin(y5)), 0]
Complexity: 28, fitness: -314.11224365234375, equation: [0, 0, 0, y1*y5*y8 + y5*y8*(y5 + y8) + y5*(y11 + y6) + y5*(y5 + y8), y2*y5 + y5*y6 + y6**2 + y6*(y11 + y6) + sin(y5), 0]
Complexity: 30, fitness: -314.169921875, equation: [0, (y11 + y12)*(y6*(y5 + y7)*(y11 + y6 + y7) + sin(y5)), 0, y5*(y11 + y6), y2*y6 + y6**2 + y6*(y11 + y12) + y6*(y11 + y6) + sin(y5), 0]
invalid solutions: 0 0
In generation 25
Complexity: 1, fitness: -88.63668823242188, equation: [0, 0, 0, 0, 0, y6]
Complexity: 2, fitness: -90.30062866210938, equation: [0, 0, 0, 0, 0, sin(y6)]
Complexity: 3, fitness: -101.65007019042969, equation: [0, 0, 0, 0, y15*y6, 0]
Complexity: 5, fitness: -125.69707489013672, equation: [y10*y5, y10*y3, 0, 0, 0, 0]
Complexity: 6, fitness: -229.52261352539062, equation: [0, 0, 0, y5*y6, y6**2 + sin(y5), 0]
Complexity: 8, fitness: -237.96664428710938, equation: [0, 0, 0, y5**2 + y5*y6, y6**2 + sin(y5), 0]
Complexity: 10, fitness: -245.57888793945312, equation: [0, 0, 0, y5*(y11 + y6), y6**2 + y6*(y11 + y6) + sin(y5), 0]
Complexity: 11, fitness: -246.8459014892578, equation: [y3 + y5**2, 0, 0, y5**2, y15*y6 + y3*y6, 0]
Complexity: 12, fitness: -267.97625732421875, equation: [0, 0, 0, y5*y6 + y5*(y11 + y6), y2*y6 + y6*(y11 + y6) + sin(y5), 0]
Complexity: 13, fitness: -272.4394226074219, equation: [0, 0, 0, y5*(2*y11 + y12), y6*(y11 + y12) + (2*y11 + y12)*sin(y6) + sin(y5), 0]
Complexity: 14, fitness: -279.47601318359375, equation: [y3 + y5**2, 0, 0, y5**2, y3*y6 + y6*sin(y10*y4), 0]
Complexity: 16, fitness: -283.5169372558594, equation: [y3 + y5**2, 0, 0, y5**2, y3*y6 + y6*sin(y4*(y10 + y9)), 0]
Complexity: 20, fitness: -294.88897705078125, equation: [0, y6*(y11 + y12 + y7), 0, y5*(y11 + y12 + 2*y6), y5*(y11 + y12) + y6*(y11 + y12 + 2*y6) + sin(y5), 0]
Complexity: 22, fitness: -295.1129150390625, equation: [0, 0, 0, y12*y2*y5*y8 + y5*(y11 + y6) + y5*(y5 + y8), y5*y6 + y6**2 + y6*(y11 + y6) + sin(y5), 0]
Complexity: 25, fitness: -298.85906982421875, equation: [0, 0, 0, y5*(y11 + y6), y15*y7*y8 + y6**2 + y6*(y11 + y6) + sin(y5) + sin(y4*y7*y8*(y5 + y6) + sin(y5)), 0]
Complexity: 28, fitness: -314.11224365234375, equation: [0, 0, 0, y1*y5*y8 + y5*y8*(y5 + y8) + y5*(y11 + y6) + y5*(y5 + y8), y2*y5 + y5*y6 + y6**2 + y6*(y11 + y6) + sin(y5), 0]
Complexity: 30, fitness: -314.169921875, equation: [0, (y11 + y12)*(y6*(y5 + y7)*(y11 + y6 + y7) + sin(y5)), 0, y5*(y11 + y6), y2*y6 + y6**2 + y6*(y11 + y12) + y6*(y11 + y6) + sin(y5), 0]
Final pareto front:
Complexity: 1, fitness: -88.63668823242188, equation: [0, 0, 0, 0, 0, y6]
Complexity: 2, fitness: -90.30062866210938, equation: [0, 0, 0, 0, 0, sin(y6)]
Complexity: 3, fitness: -101.65007019042969, equation: [0, 0, 0, 0, y15*y6, 0]
Complexity: 5, fitness: -125.69707489013672, equation: [y10*y5, y10*y3, 0, 0, 0, 0]
Complexity: 6, fitness: -229.52261352539062, equation: [0, 0, 0, y5*y6, y6**2 + sin(y5), 0]
Complexity: 8, fitness: -237.96664428710938, equation: [0, 0, 0, y5**2 + y5*y6, y6**2 + sin(y5), 0]
Complexity: 10, fitness: -245.57888793945312, equation: [0, 0, 0, y5*(y11 + y6), y6**2 + y6*(y11 + y6) + sin(y5), 0]
Complexity: 11, fitness: -246.8459014892578, equation: [y3 + y5**2, 0, 0, y5**2, y15*y6 + y3*y6, 0]
Complexity: 12, fitness: -267.97625732421875, equation: [0, 0, 0, y5*y6 + y5*(y11 + y6), y2*y6 + y6*(y11 + y6) + sin(y5), 0]
Complexity: 13, fitness: -272.4394226074219, equation: [0, 0, 0, y5*(2*y11 + y12), y6*(y11 + y12) + (2*y11 + y12)*sin(y6) + sin(y5), 0]
Complexity: 14, fitness: -279.47601318359375, equation: [y3 + y5**2, 0, 0, y5**2, y3*y6 + y6*sin(y10*y4), 0]
Complexity: 16, fitness: -283.5169372558594, equation: [y3 + y5**2, 0, 0, y5**2, y3*y6 + y6*sin(y4*(y10 + y9)), 0]
Complexity: 20, fitness: -294.88897705078125, equation: [0, y6*(y11 + y12 + y7), 0, y5*(y11 + y12 + 2*y6), y5*(y11 + y12) + y6*(y11 + y12 + 2*y6) + sin(y5), 0]
Complexity: 22, fitness: -295.1129150390625, equation: [0, 0, 0, y12*y2*y5*y8 + y5*(y11 + y6) + y5*(y5 + y8), y5*y6 + y6**2 + y6*(y11 + y6) + sin(y5), 0]
Complexity: 25, fitness: -298.85906982421875, equation: [0, 0, 0, y5*(y11 + y6), y15*y7*y8 + y6**2 + y6*(y11 + y6) + sin(y5) + sin(y4*y7*y8*(y5 + y6) + sin(y5)), 0]
Complexity: 28, fitness: -314.11224365234375, equation: [0, 0, 0, y1*y5*y8 + y5*y8*(y5 + y8) + y5*(y11 + y6) + y5*(y5 + y8), y2*y5 + y5*y6 + y6**2 + y6*(y11 + y6) + sin(y5), 0]
Complexity: 30, fitness: -314.169921875, equation: [0, (y11 + y12)*(y6*(y5 + y7)*(y11 + y6 + y7) + sin(y5)), 0, y5*(y11 + y6), y2*y6 + y6**2 + y6*(y11 + y12) + y6*(y11 + y6) + sin(y5), 0]
